[2022-04-09 23:56:38] - create model_king...
[2022-04-09 23:56:38] - Epoch: 0
[2022-04-09 23:56:38] - training...
[2022-04-09 23:57:16] - create model_king...
[2022-04-09 23:57:16] - Epoch: 0
[2022-04-09 23:57:16] - training...
[2022-04-10 00:04:16] - [-2.31969056 -0.30319098  0.01081533] 0.06449885454821101
[2022-04-10 00:04:16] - evaluating...
[2022-04-10 00:04:45] - valid_l1 0.087966, test_l1 0.079351
[2022-04-10 00:04:45] - valid_dtw 0.255410, test_dtw 0.229427
[2022-04-10 00:04:45] - Epoch: 1
[2022-04-10 00:04:45] - training...
[2022-04-10 00:05:03] - [-2.31969056 -0.30319098  0.01081533] 0.06449885454821101
[2022-04-10 00:05:03] - evaluating...
[2022-04-10 00:05:33] - valid_l1 0.087966, test_l1 0.079351
[2022-04-10 00:05:33] - valid_dtw 0.255410, test_dtw 0.229427
[2022-04-10 00:05:33] - Epoch: 1
[2022-04-10 00:05:33] - training...
[2022-04-10 00:12:14] - [-2.88059369 -0.35256733  0.00799316] 0.046078629586648975
[2022-04-10 00:12:14] - evaluating...
[2022-04-10 00:12:42] - valid_l1 0.125819, test_l1 0.119027
[2022-04-10 00:12:42] - valid_dtw 0.387967, test_dtw 0.366660
[2022-04-10 00:12:42] - Epoch: 2
[2022-04-10 00:12:42] - training...
[2022-04-10 00:13:12] - [-2.88059369 -0.35256733  0.00799316] 0.046078629586648975
[2022-04-10 00:13:12] - evaluating...
[2022-04-10 00:13:40] - valid_l1 0.125819, test_l1 0.119027
[2022-04-10 00:13:40] - valid_dtw 0.387967, test_dtw 0.366660
[2022-04-10 00:13:40] - Epoch: 2
[2022-04-10 00:13:40] - training...
[2022-04-10 00:20:11] - [-2.94620415e+00 -3.51414282e-01 -1.79141100e-08] 0.04573239990949721
[2022-04-10 00:20:11] - evaluating...
[2022-04-10 00:20:39] - valid_l1 0.135873, test_l1 0.127416
[2022-04-10 00:20:39] - valid_dtw 0.404239, test_dtw 0.376411
[2022-04-10 00:20:39] - Epoch: 3
[2022-04-10 00:20:39] - training...
[2022-04-10 00:21:20] - [-2.94620415e+00 -3.51414282e-01 -1.79141100e-08] 0.04573239990949721
[2022-04-10 00:21:20] - evaluating...
[2022-04-10 00:21:48] - valid_l1 0.135873, test_l1 0.127416
[2022-04-10 00:21:48] - valid_dtw 0.404239, test_dtw 0.376411
[2022-04-10 00:21:48] - Epoch: 3
[2022-04-10 00:21:48] - training...
[2022-04-10 00:28:08] - [-3.01168836e+00 -3.56707975e-01 -1.43705252e-08] 0.043569503065485224
[2022-04-10 00:28:08] - evaluating...
[2022-04-10 00:28:36] - valid_l1 0.121195, test_l1 0.109979
[2022-04-10 00:28:36] - valid_dtw 0.384121, test_dtw 0.350404
[2022-04-10 00:28:36] - Epoch: 4
[2022-04-10 00:28:36] - training...
[2022-04-10 00:29:27] - [-3.01168836e+00 -3.56707975e-01 -1.43705252e-08] 0.043569503065485224
[2022-04-10 00:29:27] - evaluating...
[2022-04-10 00:29:56] - valid_l1 0.121195, test_l1 0.109979
[2022-04-10 00:29:56] - valid_dtw 0.384121, test_dtw 0.350404
[2022-04-10 00:29:56] - Epoch: 4
[2022-04-10 00:29:56] - training...
[2022-04-10 00:36:07] - [-3.05149111e+00 -3.60690551e-01 -1.80387188e-08] 0.043042878475641415
[2022-04-10 00:36:07] - evaluating...
[2022-04-10 00:36:35] - valid_l1 0.087379, test_l1 0.077823
[2022-04-10 00:36:35] - valid_dtw 0.302244, test_dtw 0.267986
[2022-04-10 00:36:35] - Epoch: 5
[2022-04-10 00:36:35] - training...
[2022-04-10 00:37:36] - [-3.05149111e+00 -3.60690551e-01 -1.80387188e-08] 0.043042878475641415
[2022-04-10 00:37:36] - evaluating...
[2022-04-10 00:38:05] - valid_l1 0.087379, test_l1 0.077823
[2022-04-10 00:38:05] - valid_dtw 0.302244, test_dtw 0.267986
[2022-04-10 00:38:05] - Epoch: 5
[2022-04-10 00:38:05] - training...
[2022-04-10 00:44:04] - [-3.04907183e+00 -3.61190882e-01 -1.59065980e-08] 0.04266061294306952
[2022-04-10 00:44:04] - evaluating...
[2022-04-10 00:44:32] - valid_l1 0.080472, test_l1 0.071636
[2022-04-10 00:44:32] - valid_dtw 0.271907, test_dtw 0.241559
[2022-04-10 00:44:32] - Epoch: 6
[2022-04-10 00:44:32] - training...
[2022-04-10 00:45:45] - [-3.04907183e+00 -3.61190882e-01 -1.59065980e-08] 0.04266061294306952
[2022-04-10 00:45:45] - evaluating...
[2022-04-10 00:46:14] - valid_l1 0.080472, test_l1 0.071636
[2022-04-10 00:46:14] - valid_dtw 0.271907, test_dtw 0.241559
[2022-04-10 00:46:14] - Epoch: 6
[2022-04-10 00:46:14] - training...
[2022-04-10 00:52:02] - [-3.07209713e+00 -3.65108022e-01  2.41502774e-03] 0.04051659109146751
[2022-04-10 00:52:02] - evaluating...
[2022-04-10 00:52:31] - valid_l1 0.094964, test_l1 0.087368
[2022-04-10 00:52:31] - valid_dtw 0.303473, test_dtw 0.276724
[2022-04-10 00:52:31] - Epoch: 7
[2022-04-10 00:52:31] - training...
[2022-04-10 00:53:53] - [-3.07209713e+00 -3.65108022e-01  2.41502774e-03] 0.04051659109146751
[2022-04-10 00:53:53] - evaluating...
[2022-04-10 00:54:22] - valid_l1 0.094964, test_l1 0.087368
[2022-04-10 00:54:22] - valid_dtw 0.303473, test_dtw 0.276724
[2022-04-10 00:54:22] - Epoch: 7
[2022-04-10 00:54:22] - training...
[2022-04-10 01:00:02] - [-3.09555713 -0.36492715  0.00660534] 0.040643977830088156
[2022-04-10 01:00:02] - evaluating...
[2022-04-10 01:00:30] - valid_l1 0.077489, test_l1 0.075902
[2022-04-10 01:00:30] - valid_dtw 0.258873, test_dtw 0.246634
[2022-04-10 01:00:30] - Epoch: 8
[2022-04-10 01:00:30] - training...
[2022-04-10 01:02:02] - [-3.09555713 -0.36492715  0.00660534] 0.040643977830088156
[2022-04-10 01:02:02] - evaluating...
[2022-04-10 01:02:30] - valid_l1 0.077489, test_l1 0.075902
[2022-04-10 01:02:30] - valid_dtw 0.258873, test_dtw 0.246634
[2022-04-10 01:02:30] - Epoch: 8
[2022-04-10 01:02:30] - training...
[2022-04-10 01:08:00] - [-3.08876657 -0.36533379  0.01632659] 0.040281565432882055
[2022-04-10 01:08:00] - evaluating...
[2022-04-10 01:08:28] - valid_l1 0.075807, test_l1 0.072614
[2022-04-10 01:08:28] - valid_dtw 0.268445, test_dtw 0.252157
[2022-04-10 01:08:28] - Epoch: 9
[2022-04-10 01:08:28] - training...
[2022-04-10 01:10:11] - [-3.08876657 -0.36533379  0.01632659] 0.040281565432882055
[2022-04-10 01:10:11] - evaluating...
[2022-04-10 01:10:39] - valid_l1 0.075807, test_l1 0.072614
[2022-04-10 01:10:39] - valid_dtw 0.268445, test_dtw 0.252157
[2022-04-10 01:10:39] - Epoch: 9
[2022-04-10 01:10:39] - training...
[2022-04-10 01:15:59] - [-2.62101047 -0.36500694  0.10989379] 0.04072797146301329
[2022-04-10 01:15:59] - evaluating...
[2022-04-10 01:16:27] - valid_l1 0.084040, test_l1 0.078345
[2022-04-10 01:16:27] - valid_dtw 0.295761, test_dtw 0.274915
[2022-04-10 01:16:27] - Epoch: 10
[2022-04-10 01:16:27] - training...
[2022-04-10 01:18:20] - [-2.62101047 -0.36500694  0.10989379] 0.04072797146301329
[2022-04-10 01:18:20] - evaluating...
[2022-04-10 01:18:48] - valid_l1 0.084040, test_l1 0.078345
[2022-04-10 01:18:48] - valid_dtw 0.295761, test_dtw 0.274915
[2022-04-10 01:18:48] - Epoch: 10
[2022-04-10 01:18:48] - training...
[2022-04-10 01:23:58] - [-3.03642852 -0.36667245  0.31611701] 0.04007119733592998
[2022-04-10 01:23:58] - evaluating...
[2022-04-10 01:24:26] - valid_l1 0.082652, test_l1 0.082284
[2022-04-10 01:24:26] - valid_dtw 0.285484, test_dtw 0.278665
[2022-04-10 01:24:26] - Epoch: 11
[2022-04-10 01:24:26] - training...
[2022-04-10 01:26:30] - [-3.03642852 -0.36667245  0.31611701] 0.04007119733592998
[2022-04-10 01:26:30] - evaluating...
[2022-04-10 01:26:59] - valid_l1 0.082652, test_l1 0.082284
[2022-04-10 01:26:59] - valid_dtw 0.285484, test_dtw 0.278665
[2022-04-10 01:26:59] - Epoch: 11
[2022-04-10 01:26:59] - training...
[2022-04-10 01:31:58] - [-3.00184165e+00 -3.64456385e-01  5.29635914e-04] 0.041185768206672656
[2022-04-10 01:31:58] - evaluating...
[2022-04-10 01:32:26] - valid_l1 0.086364, test_l1 0.082658
[2022-04-10 01:32:26] - valid_dtw 0.300577, test_dtw 0.285668
[2022-04-10 01:32:26] - Epoch: 12
[2022-04-10 01:32:26] - training...
[2022-04-10 01:34:40] - [-3.00184165e+00 -3.64456385e-01  5.29635914e-04] 0.041185768206672656
[2022-04-10 01:34:40] - evaluating...
[2022-04-10 01:35:09] - valid_l1 0.086364, test_l1 0.082658
[2022-04-10 01:35:09] - valid_dtw 0.300577, test_dtw 0.285668
[2022-04-10 01:35:09] - Epoch: 12
[2022-04-10 01:35:09] - training...
[2022-04-10 01:40:01] - [-3.12180578e+00 -3.65220393e-01 -1.53746729e-08] 0.0405780142454113
[2022-04-10 01:40:01] - evaluating...
[2022-04-10 01:40:29] - valid_l1 0.084767, test_l1 0.082979
[2022-04-10 01:40:29] - valid_dtw 0.307438, test_dtw 0.297434
[2022-04-10 01:40:29] - Epoch: 13
[2022-04-10 01:40:29] - training...
[2022-04-10 01:42:50] - [-3.12180578e+00 -3.65220393e-01 -1.53746729e-08] 0.0405780142454113
[2022-04-10 01:42:50] - evaluating...
[2022-04-10 01:43:18] - valid_l1 0.084767, test_l1 0.082979
[2022-04-10 01:43:18] - valid_dtw 0.307438, test_dtw 0.297434
[2022-04-10 01:43:18] - Epoch: 13
[2022-04-10 01:43:18] - training...
[2022-04-10 01:48:02] - [-3.13855639e+00 -3.62450022e-01 -1.64437367e-08] 0.041404497403747
[2022-04-10 01:48:02] - evaluating...
[2022-04-10 01:48:30] - valid_l1 0.075481, test_l1 0.074706
[2022-04-10 01:48:30] - valid_dtw 0.260462, test_dtw 0.252883
[2022-04-10 01:48:30] - Epoch: 14
[2022-04-10 01:48:30] - training...
[2022-04-10 01:51:00] - [-3.13855639e+00 -3.62450022e-01 -1.64437367e-08] 0.041404497403747
[2022-04-10 01:51:00] - evaluating...
[2022-04-10 01:51:28] - valid_l1 0.075481, test_l1 0.074706
[2022-04-10 01:51:28] - valid_dtw 0.260462, test_dtw 0.252883
[2022-04-10 01:51:28] - Epoch: 14
[2022-04-10 01:51:28] - training...
[2022-04-10 01:56:06] - [-3.08272243e+00 -3.61325799e-01 -1.84870294e-08] 0.04237494786827633
[2022-04-10 01:56:06] - evaluating...
[2022-04-10 01:56:34] - valid_l1 0.063688, test_l1 0.060238
[2022-04-10 01:56:34] - valid_dtw 0.225121, test_dtw 0.210675
[2022-04-10 01:56:34] - Epoch: 15
[2022-04-10 01:56:34] - training...
[2022-04-10 01:59:09] - [-3.08272243e+00 -3.61325799e-01 -1.84870294e-08] 0.04237494786827633
[2022-04-10 01:59:09] - evaluating...
[2022-04-10 01:59:38] - valid_l1 0.063688, test_l1 0.060238
[2022-04-10 01:59:38] - valid_dtw 0.225121, test_dtw 0.210675
[2022-04-10 01:59:38] - Epoch: 15
[2022-04-10 01:59:38] - training...
[2022-04-10 02:04:10] - [-3.11773179 -0.36526309  0.00516978] 0.040634370653371735
[2022-04-10 02:04:10] - evaluating...
[2022-04-10 02:04:39] - valid_l1 0.068127, test_l1 0.066209
[2022-04-10 02:04:39] - valid_dtw 0.251685, test_dtw 0.241212
[2022-04-10 02:04:39] - Epoch: 16
[2022-04-10 02:04:39] - training...
[2022-04-10 02:07:19] - [-3.11773179 -0.36526309  0.00516978] 0.040634370653371735
[2022-04-10 02:07:19] - evaluating...
[2022-04-10 02:07:48] - valid_l1 0.068127, test_l1 0.066209
[2022-04-10 02:07:48] - valid_dtw 0.251685, test_dtw 0.241212
[2022-04-10 02:07:48] - Epoch: 16
[2022-04-10 02:07:48] - training...
[2022-04-10 02:12:13] - [-3.12602767 -0.36479556  0.01984058] 0.04059125285252906
[2022-04-10 02:12:13] - evaluating...
[2022-04-10 02:12:41] - valid_l1 0.067910, test_l1 0.068504
[2022-04-10 02:12:41] - valid_dtw 0.252318, test_dtw 0.246155
[2022-04-10 02:12:41] - Epoch: 17
[2022-04-10 02:12:41] - training...
[2022-04-10 02:15:28] - [-3.12602767 -0.36479556  0.01984058] 0.04059125285252906
[2022-04-10 02:15:28] - evaluating...
[2022-04-10 02:15:56] - valid_l1 0.067910, test_l1 0.068504
[2022-04-10 02:15:56] - valid_dtw 0.252318, test_dtw 0.246155
[2022-04-10 02:15:56] - Epoch: 17
[2022-04-10 02:15:56] - training...
[2022-04-10 02:20:14] - [-3.16384247 -0.36839757  0.00317076] 0.0391466171883867
[2022-04-10 02:20:14] - evaluating...
[2022-04-10 02:20:43] - valid_l1 0.078676, test_l1 0.073689
[2022-04-10 02:20:43] - valid_dtw 0.289557, test_dtw 0.271829
[2022-04-10 02:20:43] - Epoch: 18
[2022-04-10 02:20:43] - training...
[2022-04-10 02:23:38] - [-3.16384247 -0.36839757  0.00317076] 0.0391466171883867
[2022-04-10 02:23:38] - evaluating...
[2022-04-10 02:24:06] - valid_l1 0.078676, test_l1 0.073689
[2022-04-10 02:24:06] - valid_dtw 0.289557, test_dtw 0.271829
[2022-04-10 02:24:06] - Epoch: 18
[2022-04-10 02:24:06] - training...
[2022-04-10 02:28:17] - [-3.11897705e+00 -3.66537326e-01 -1.70248077e-08] 0.03970765429204765
[2022-04-10 02:28:17] - evaluating...
[2022-04-10 02:28:46] - valid_l1 0.072874, test_l1 0.071576
[2022-04-10 02:28:46] - valid_dtw 0.254197, test_dtw 0.249511
[2022-04-10 02:28:46] - Epoch: 19
[2022-04-10 02:28:46] - training...
[2022-04-10 02:31:46] - [-3.11897705e+00 -3.66537326e-01 -1.70248077e-08] 0.03970765429204765
[2022-04-10 02:31:46] - evaluating...
[2022-04-10 02:32:16] - valid_l1 0.072874, test_l1 0.071576
[2022-04-10 02:32:16] - valid_dtw 0.254197, test_dtw 0.249511
[2022-04-10 02:32:16] - Epoch: 19
[2022-04-10 02:32:16] - training...
[2022-04-10 02:36:15] - [-2.66633589 -0.36677045  0.45015808] 0.040270409834758006
[2022-04-10 02:36:15] - evaluating...
[2022-04-10 02:36:42] - valid_l1 0.086646, test_l1 0.085540
[2022-04-10 02:36:42] - valid_dtw 0.309436, test_dtw 0.300236
[2022-04-10 02:36:42] - Epoch: 20
[2022-04-10 02:36:42] - training...
[2022-04-10 02:39:42] - [-2.66633589 -0.36677045  0.45015808] 0.040270409834758006
[2022-04-10 02:39:42] - evaluating...
[2022-04-10 02:40:10] - valid_l1 0.086646, test_l1 0.085540
[2022-04-10 02:40:10] - valid_dtw 0.309436, test_dtw 0.300236
[2022-04-10 02:40:10] - Epoch: 20
[2022-04-10 02:40:10] - training...
[2022-04-10 02:43:53] - [-2.69888738 -0.36769739  0.25102729] 0.03979905054315947
[2022-04-10 02:43:53] - evaluating...
[2022-04-10 02:44:20] - valid_l1 0.095054, test_l1 0.089699
[2022-04-10 02:44:20] - valid_dtw 0.335305, test_dtw 0.311573
[2022-04-10 02:44:20] - Epoch: 21
[2022-04-10 02:44:20] - training...
[2022-04-10 02:47:34] - [-2.69888738 -0.36769739  0.25102729] 0.03979905054315947
[2022-04-10 02:47:34] - evaluating...
[2022-04-10 02:48:03] - valid_l1 0.095054, test_l1 0.089699
[2022-04-10 02:48:03] - valid_dtw 0.335305, test_dtw 0.311573
[2022-04-10 02:48:03] - Epoch: 21
[2022-04-10 02:48:03] - training...
[2022-04-10 02:53:26] - [-2.98272825 -0.36710581  0.35821233] 0.04000590570330013
[2022-04-10 02:53:26] - evaluating...
[2022-04-10 02:53:53] - valid_l1 0.078964, test_l1 0.074827
[2022-04-10 02:53:53] - valid_dtw 0.283984, test_dtw 0.261374
[2022-04-10 02:53:53] - Epoch: 22
[2022-04-10 02:53:53] - training...
[2022-04-10 02:57:49] - [-2.98272825 -0.36710581  0.35821233] 0.04000590570330013
[2022-04-10 02:57:49] - evaluating...
[2022-04-10 02:58:18] - valid_l1 0.078964, test_l1 0.074827
[2022-04-10 02:58:18] - valid_dtw 0.283984, test_dtw 0.261374
[2022-04-10 02:58:18] - Epoch: 22
[2022-04-10 02:58:18] - training...
[2022-04-10 03:04:17] - [-2.99043337 -0.36824214  0.34815555] 0.03911451785509133
[2022-04-10 03:04:17] - evaluating...
[2022-04-10 03:04:46] - valid_l1 0.108055, test_l1 0.103960
[2022-04-10 03:04:46] - valid_dtw 0.368242, test_dtw 0.347299
[2022-04-10 03:04:46] - Epoch: 23
[2022-04-10 03:04:46] - training...
[2022-04-10 03:09:31] - [-2.99043337 -0.36824214  0.34815555] 0.03911451785509133
[2022-04-10 03:09:32] - evaluating...
[2022-04-10 03:10:00] - valid_l1 0.108055, test_l1 0.103960
[2022-04-10 03:10:00] - valid_dtw 0.368242, test_dtw 0.347299
[2022-04-10 03:10:00] - Epoch: 23
[2022-04-10 03:10:00] - training...
[2022-04-10 03:15:28] - [-2.86112212 -0.36694053  0.33540742] 0.03997347103277303
[2022-04-10 03:15:28] - evaluating...
[2022-04-10 03:15:55] - valid_l1 0.083617, test_l1 0.077835
[2022-04-10 03:15:55] - valid_dtw 0.307570, test_dtw 0.282442
[2022-04-10 03:15:55] - Epoch: 24
[2022-04-10 03:15:55] - training...
[2022-04-10 03:22:55] - [-2.86112212 -0.36694053  0.33540742] 0.03997347103277303
[2022-04-10 03:22:55] - evaluating...
[2022-04-10 03:23:24] - valid_l1 0.083617, test_l1 0.077835
[2022-04-10 03:23:24] - valid_dtw 0.307570, test_dtw 0.282442
[2022-04-10 03:23:24] - Epoch: 24
[2022-04-10 03:23:24] - training...
[2022-04-10 03:27:26] - [-2.76740942 -0.37111912  0.3062264 ] 0.038028638218536547
[2022-04-10 03:27:26] - evaluating...
[2022-04-10 03:27:54] - valid_l1 0.083279, test_l1 0.075863
[2022-04-10 03:27:54] - valid_dtw 0.295653, test_dtw 0.265493
[2022-04-10 03:27:54] - Epoch: 25
[2022-04-10 03:27:54] - training...
[2022-04-10 03:35:37] - [-2.76740942 -0.37111912  0.3062264 ] 0.038028638218536547
[2022-04-10 03:35:37] - evaluating...
[2022-04-10 03:36:06] - valid_l1 0.083279, test_l1 0.075863
[2022-04-10 03:36:06] - valid_dtw 0.295653, test_dtw 0.265493
[2022-04-10 03:36:06] - Epoch: 25
[2022-04-10 03:36:06] - training...
[2022-04-10 03:41:13] - [-2.8142739  -0.36949594  0.2261668 ] 0.038509991233480104
[2022-04-10 03:41:13] - evaluating...
[2022-04-10 03:41:41] - valid_l1 0.069950, test_l1 0.069587
[2022-04-10 03:41:41] - valid_dtw 0.257211, test_dtw 0.247415
[2022-04-10 03:41:41] - Epoch: 26
[2022-04-10 03:41:41] - training...
[2022-04-10 03:48:08] - [-2.8142739  -0.36949594  0.2261668 ] 0.038509991233480104
[2022-04-10 03:48:08] - evaluating...
[2022-04-10 03:48:37] - valid_l1 0.069950, test_l1 0.069587
[2022-04-10 03:48:37] - valid_dtw 0.257211, test_dtw 0.247415
[2022-04-10 03:48:37] - Epoch: 26
[2022-04-10 03:48:37] - training...
[2022-04-10 03:56:11] - [-3.03390363 -0.36973362  0.36729719] 0.03829254382915042
[2022-04-10 03:56:11] - evaluating...
[2022-04-10 03:56:39] - valid_l1 0.071524, test_l1 0.066172
[2022-04-10 03:56:39] - valid_dtw 0.255772, test_dtw 0.235380
[2022-04-10 03:56:39] - Epoch: 27
[2022-04-10 03:56:39] - training...
[2022-04-10 04:01:32] - [-3.03390363 -0.36973362  0.36729719] 0.03829254382915042
[2022-04-10 04:01:33] - evaluating...
[2022-04-10 04:02:02] - valid_l1 0.071524, test_l1 0.066172
[2022-04-10 04:02:02] - valid_dtw 0.255772, test_dtw 0.235380
[2022-04-10 04:02:02] - Epoch: 27
[2022-04-10 04:02:02] - training...
[2022-04-10 04:10:43] - [-3.0381735  -0.36805088  0.07099994] 0.039274525512599835
[2022-04-10 04:10:43] - evaluating...
[2022-04-10 04:11:12] - valid_l1 0.078320, test_l1 0.074676
[2022-04-10 04:11:12] - valid_dtw 0.280293, test_dtw 0.262962
[2022-04-10 04:11:12] - Epoch: 28
[2022-04-10 04:11:12] - training...
[2022-04-10 04:17:01] - [-3.0381735  -0.36805088  0.07099994] 0.039274525512599835
[2022-04-10 04:17:01] - evaluating...
[2022-04-10 04:17:30] - valid_l1 0.078320, test_l1 0.074676
[2022-04-10 04:17:30] - valid_dtw 0.280293, test_dtw 0.262962
[2022-04-10 04:17:30] - Epoch: 28
[2022-04-10 04:17:30] - training...
[2022-04-10 04:27:06] - [-3.21070704 -0.36941189  0.02441683] 0.03873937311238113
[2022-04-10 04:27:06] - evaluating...
[2022-04-10 04:27:36] - valid_l1 0.080507, test_l1 0.075898
[2022-04-10 04:27:36] - valid_dtw 0.275401, test_dtw 0.252277
[2022-04-10 04:27:36] - Epoch: 29
[2022-04-10 04:27:36] - training...
[2022-04-10 04:34:11] - [-3.21070704 -0.36941189  0.02441683] 0.03873937311238113
[2022-04-10 04:34:11] - evaluating...
[2022-04-10 04:34:40] - valid_l1 0.080507, test_l1 0.075898
[2022-04-10 04:34:40] - valid_dtw 0.275401, test_dtw 0.252277
[2022-04-10 04:34:40] - Epoch: 29
[2022-04-10 04:34:40] - training...
[2022-04-10 04:44:10] - [-3.11350619 -0.36766992  0.06943515] 0.03934968531210408
[2022-04-10 04:44:10] - evaluating...
[2022-04-10 04:44:39] - valid_l1 0.077356, test_l1 0.072388
[2022-04-10 04:44:39] - valid_dtw 0.272646, test_dtw 0.251899
[2022-04-10 04:44:39] - Epoch: 30
[2022-04-10 04:44:39] - training...
[2022-04-10 04:50:59] - [-3.11350619 -0.36766992  0.06943515] 0.03934968531210408
[2022-04-10 04:50:59] - evaluating...
[2022-04-10 04:51:28] - valid_l1 0.077356, test_l1 0.072388
[2022-04-10 04:51:28] - valid_dtw 0.272646, test_dtw 0.251899
[2022-04-10 04:51:28] - Epoch: 30
[2022-04-10 04:51:28] - training...
[2022-04-10 04:59:37] - [-3.1503003  -0.36972613  0.02764744] 0.0380209752233477
[2022-04-10 04:59:37] - evaluating...
[2022-04-10 05:00:05] - valid_l1 0.078334, test_l1 0.074448
[2022-04-10 05:00:05] - valid_dtw 0.274517, test_dtw 0.257462
[2022-04-10 05:00:05] - Epoch: 31
[2022-04-10 05:00:05] - training...
[2022-04-10 05:08:40] - [-3.1503003  -0.36972613  0.02764744] 0.0380209752233477
[2022-04-10 05:08:40] - evaluating...
[2022-04-10 05:09:10] - valid_l1 0.078334, test_l1 0.074448
[2022-04-10 05:09:10] - valid_dtw 0.274517, test_dtw 0.257462
[2022-04-10 05:09:10] - Epoch: 31
[2022-04-10 05:09:10] - training...
[2022-04-10 05:15:15] - [-3.16536433e+00 -3.68767729e-01  7.49096401e-04] 0.038406467562482366
[2022-04-10 05:15:15] - evaluating...
[2022-04-10 05:15:43] - valid_l1 0.071473, test_l1 0.064434
[2022-04-10 05:15:43] - valid_dtw 0.254070, test_dtw 0.224306
[2022-04-10 05:15:43] - Epoch: 32
[2022-04-10 05:15:43] - training...
[2022-04-10 05:25:36] - [-3.16536433e+00 -3.68767729e-01  7.49096401e-04] 0.038406467562482366
[2022-04-10 05:25:36] - evaluating...
[2022-04-10 05:26:06] - valid_l1 0.071473, test_l1 0.064434
[2022-04-10 05:26:06] - valid_dtw 0.254070, test_dtw 0.224306
[2022-04-10 05:26:06] - Epoch: 32
[2022-04-10 05:26:06] - training...
[2022-04-10 05:33:17] - [-3.20255676e+00 -3.70186092e-01  7.74351178e-04] 0.03811839912339573
[2022-04-10 05:33:17] - evaluating...
[2022-04-10 05:33:46] - valid_l1 0.070446, test_l1 0.065361
[2022-04-10 05:33:46] - valid_dtw 0.262517, test_dtw 0.235052
[2022-04-10 05:33:46] - Epoch: 33
[2022-04-10 05:33:46] - training...
[2022-04-10 05:41:39] - [-3.20255676e+00 -3.70186092e-01  7.74351178e-04] 0.03811839912339573
[2022-04-10 05:41:40] - evaluating...
[2022-04-10 05:42:08] - valid_l1 0.070446, test_l1 0.065361
[2022-04-10 05:42:08] - valid_dtw 0.262517, test_dtw 0.235052
[2022-04-10 05:42:08] - Epoch: 33
[2022-04-10 05:42:08] - training...
[2022-04-10 05:52:51] - [-3.06507115 -0.36847412  0.00907075] 0.03876004409224784
[2022-04-10 05:52:51] - evaluating...
[2022-04-10 05:53:20] - valid_l1 0.073716, test_l1 0.071768
[2022-04-10 05:53:20] - valid_dtw 0.273448, test_dtw 0.256033
[2022-04-10 05:53:20] - Epoch: 34
[2022-04-10 05:53:20] - training...
[2022-04-10 05:58:06] - [-3.06507115 -0.36847412  0.00907075] 0.03876004409224784
[2022-04-10 05:58:07] - evaluating...
[2022-04-10 05:58:36] - valid_l1 0.073716, test_l1 0.071768
[2022-04-10 05:58:36] - valid_dtw 0.273448, test_dtw 0.256033
[2022-04-10 05:58:36] - Epoch: 34
[2022-04-10 05:58:36] - training...
[2022-04-10 06:12:12] - [-3.08873181 -0.36940394  0.10918664] 0.038385817906109905
[2022-04-10 06:12:12] - evaluating...
[2022-04-10 06:12:42] - valid_l1 0.080811, test_l1 0.074588
[2022-04-10 06:12:42] - valid_dtw 0.291715, test_dtw 0.263366
[2022-04-10 06:12:42] - Epoch: 35
[2022-04-10 06:12:42] - training...
[2022-04-10 06:17:52] - [-3.08873181 -0.36940394  0.10918664] 0.038385817906109905
[2022-04-10 06:17:52] - evaluating...
[2022-04-10 06:18:22] - valid_l1 0.080811, test_l1 0.074588
[2022-04-10 06:18:22] - valid_dtw 0.291715, test_dtw 0.263366
[2022-04-10 06:18:22] - Epoch: 35
[2022-04-10 06:18:22] - training...
[2022-04-10 06:34:34] - [-2.94545891 -0.36868794  0.15652352] 0.038825823226592435
[2022-04-10 06:34:34] - evaluating...
[2022-04-10 06:35:03] - valid_l1 0.069823, test_l1 0.065332
[2022-04-10 06:35:03] - valid_dtw 0.250024, test_dtw 0.225211
[2022-04-10 06:35:03] - Epoch: 36
[2022-04-10 06:35:03] - training...
[2022-04-10 06:37:34] - [-2.94545891 -0.36868794  0.15652352] 0.038825823226592435
[2022-04-10 06:37:34] - evaluating...
[2022-04-10 06:38:03] - valid_l1 0.069823, test_l1 0.065332
[2022-04-10 06:38:03] - valid_dtw 0.250024, test_dtw 0.225211
[2022-04-10 06:38:03] - Epoch: 36
[2022-04-10 06:38:03] - training...
[2022-04-10 06:55:17] - [-3.09390249 -0.36886446  0.20418597] 0.03830452674373332
[2022-04-10 06:55:17] - evaluating...
[2022-04-10 06:55:46] - valid_l1 0.063890, test_l1 0.058572
[2022-04-10 06:55:46] - valid_dtw 0.230548, test_dtw 0.206288
[2022-04-10 06:55:46] - Epoch: 37
[2022-04-10 06:55:46] - training...
[2022-04-10 06:57:38] - [-3.09390249 -0.36886446  0.20418597] 0.03830452674373332
[2022-04-10 06:57:38] - evaluating...
[2022-04-10 06:58:08] - valid_l1 0.063890, test_l1 0.058572
[2022-04-10 06:58:08] - valid_dtw 0.230548, test_dtw 0.206288
[2022-04-10 06:58:08] - Epoch: 37
[2022-04-10 06:58:08] - training...
[2022-04-10 07:18:41] - [-3.15468238 -0.36638743  0.00559735] 0.04057808149027249
[2022-04-10 07:18:42] - evaluating...
[2022-04-10 07:19:12] - valid_l1 0.071452, test_l1 0.065056
[2022-04-10 07:19:12] - valid_dtw 0.257011, test_dtw 0.230193
[2022-04-10 07:19:12] - Epoch: 38
[2022-04-10 07:19:12] - training...
[2022-04-10 07:20:05] - [-3.15468238 -0.36638743  0.00559735] 0.04057808149027249
[2022-04-10 07:20:05] - evaluating...
[2022-04-10 07:20:35] - valid_l1 0.071452, test_l1 0.065056
[2022-04-10 07:20:35] - valid_dtw 0.257011, test_dtw 0.230193
[2022-04-10 07:20:35] - Epoch: 38
[2022-04-10 07:20:35] - training...
[2022-04-10 07:41:01] - [-3.09430043 -0.36910856  0.08937136] 0.03843458161617701
[2022-04-10 07:41:01] - evaluating...
[2022-04-10 07:41:31] - valid_l1 0.080359, test_l1 0.075572
[2022-04-10 07:41:31] - valid_dtw 0.268179, test_dtw 0.246880
[2022-04-10 07:41:31] - Epoch: 39
[2022-04-10 07:41:31] - training...
[2022-04-10 07:42:38] - [-3.09430043 -0.36910856  0.08937136] 0.03843458161617701
[2022-04-10 07:42:39] - evaluating...
[2022-04-10 07:43:08] - valid_l1 0.080359, test_l1 0.075572
[2022-04-10 07:43:08] - valid_dtw 0.268179, test_dtw 0.246880
[2022-04-10 07:43:08] - Epoch: 39
[2022-04-10 07:43:08] - training...
[2022-04-10 08:04:44] - [-3.12601546 -0.36992997  0.23316874] 0.037990631914920935
[2022-04-10 08:04:44] - evaluating...
[2022-04-10 08:05:14] - valid_l1 0.053448, test_l1 0.045745
[2022-04-10 08:05:14] - valid_dtw 0.190016, test_dtw 0.159398
[2022-04-10 08:05:14] - Epoch: 40
[2022-04-10 08:05:14] - training...
[2022-04-10 08:05:48] - [-3.12601546 -0.36992997  0.23316874] 0.037990631914920935
[2022-04-10 08:05:48] - evaluating...
[2022-04-10 08:06:18] - valid_l1 0.053448, test_l1 0.045745
[2022-04-10 08:06:18] - valid_dtw 0.190016, test_dtw 0.159398
[2022-04-10 08:06:18] - Epoch: 40
[2022-04-10 08:06:18] - training...
[2022-04-10 08:54:38] - [-3.18247936 -0.36967599  0.02252773] 0.037611194341239794
[2022-04-10 08:54:38] - evaluating...
[2022-04-10 08:55:08] - valid_l1 0.081669, test_l1 0.079819
[2022-04-10 08:55:08] - valid_dtw 0.288255, test_dtw 0.276648
[2022-04-10 08:55:08] - Epoch: 41
[2022-04-10 08:55:08] - training...
[2022-04-10 08:56:13] - [-3.18247936 -0.36967599  0.02252773] 0.037611194341239794
[2022-04-10 08:56:14] - evaluating...
[2022-04-10 08:56:43] - valid_l1 0.081669, test_l1 0.079819
[2022-04-10 08:56:43] - valid_dtw 0.288255, test_dtw 0.276648
[2022-04-10 08:56:43] - Epoch: 41
[2022-04-10 08:56:43] - training...
[2022-04-10 09:19:54] - [-3.20421356 -0.37095146  0.10170524] 0.037308441222186
[2022-04-10 09:19:54] - evaluating...
[2022-04-10 09:20:25] - valid_l1 0.085030, test_l1 0.083765
[2022-04-10 09:20:25] - valid_dtw 0.310482, test_dtw 0.293139
[2022-04-10 09:20:25] - Epoch: 42
[2022-04-10 09:20:25] - training...
[2022-04-10 09:21:58] - [-3.20421356 -0.37095146  0.10170524] 0.037308441222186
[2022-04-10 09:21:58] - evaluating...
[2022-04-10 09:22:32] - valid_l1 0.085030, test_l1 0.083765
[2022-04-10 09:22:32] - valid_dtw 0.310482, test_dtw 0.293139
[2022-04-10 09:22:32] - Epoch: 42
[2022-04-10 09:22:32] - training...
[2022-04-10 09:47:31] - [-3.18926001 -0.36892751  0.1777234 ] 0.039101468501710875
[2022-04-10 09:47:31] - evaluating...
[2022-04-10 09:48:04] - valid_l1 0.068805, test_l1 0.059569
[2022-04-10 09:48:04] - valid_dtw 0.245799, test_dtw 0.208302
[2022-04-10 09:48:04] - Epoch: 43
[2022-04-10 09:48:04] - training...
[2022-04-10 09:50:04] - [-3.18926001 -0.36892751  0.1777234 ] 0.039101468501710875
[2022-04-10 09:50:04] - evaluating...
[2022-04-10 09:50:37] - valid_l1 0.068805, test_l1 0.059569
[2022-04-10 09:50:37] - valid_dtw 0.245799, test_dtw 0.208302
[2022-04-10 09:50:37] - Epoch: 43
[2022-04-10 09:50:37] - training...
[2022-04-10 10:16:52] - [-3.23507281 -0.37153222  0.03685902] 0.03671416497141752
[2022-04-10 10:16:52] - evaluating...
[2022-04-10 10:17:28] - valid_l1 0.098567, test_l1 0.098889
[2022-04-10 10:17:28] - valid_dtw 0.344174, test_dtw 0.337507
[2022-04-10 10:17:28] - Epoch: 44
[2022-04-10 10:17:28] - training...
[2022-04-10 10:19:18] - [-3.23507281 -0.37153222  0.03685902] 0.03671416497141752
[2022-04-10 10:19:18] - evaluating...
[2022-04-10 10:19:59] - valid_l1 0.098567, test_l1 0.098889
[2022-04-10 10:19:59] - valid_dtw 0.344174, test_dtw 0.337507
[2022-04-10 10:19:59] - Epoch: 44
[2022-04-10 10:19:59] - training...
[2022-04-10 10:43:29] - [-3.10581451 -0.36570737  0.16316054] 0.039178213704416744
[2022-04-10 10:43:29] - evaluating...
[2022-04-10 10:44:00] - valid_l1 0.071154, test_l1 0.066034
[2022-04-10 10:44:00] - valid_dtw 0.258570, test_dtw 0.238214
[2022-04-10 10:44:00] - Epoch: 45
[2022-04-10 10:44:00] - training...
[2022-04-10 10:45:38] - [-3.10581451 -0.36570737  0.16316054] 0.039178213704416744
[2022-04-10 10:45:38] - evaluating...
[2022-04-10 10:46:08] - valid_l1 0.071154, test_l1 0.066034
[2022-04-10 10:46:08] - valid_dtw 0.258570, test_dtw 0.238214
[2022-04-10 10:46:08] - Epoch: 45
[2022-04-10 10:46:08] - training...
[2022-04-10 11:10:20] - [-3.2095169  -0.37165083  0.05224837] 0.03576132001672755
[2022-04-10 11:10:20] - evaluating...
[2022-04-10 11:10:52] - valid_l1 0.075021, test_l1 0.080854
[2022-04-10 11:10:52] - valid_dtw 0.241976, test_dtw 0.259068
[2022-04-10 11:10:52] - Epoch: 46
[2022-04-10 11:10:52] - training...
[2022-04-10 11:11:56] - [-3.2095169  -0.37165083  0.05224837] 0.03576132001672755
[2022-04-10 11:11:56] - evaluating...
[2022-04-10 11:12:25] - valid_l1 0.075021, test_l1 0.080854
[2022-04-10 11:12:25] - valid_dtw 0.241976, test_dtw 0.259068
[2022-04-10 11:12:25] - Epoch: 46
[2022-04-10 11:12:25] - training...
[2022-04-10 11:35:31] - [-3.20721191 -0.36665282  0.0453548 ] 0.03930480788612168
[2022-04-10 11:35:31] - evaluating...
[2022-04-10 11:36:01] - valid_l1 0.060787, test_l1 0.056328
[2022-04-10 11:36:01] - valid_dtw 0.207561, test_dtw 0.192993
[2022-04-10 11:36:01] - Epoch: 47
[2022-04-10 11:36:01] - training...
[2022-04-10 11:37:33] - [-3.20721191 -0.36665282  0.0453548 ] 0.03930480788612168
[2022-04-10 11:37:33] - evaluating...
[2022-04-10 11:38:02] - valid_l1 0.060787, test_l1 0.056328
[2022-04-10 11:38:02] - valid_dtw 0.207561, test_dtw 0.192993
[2022-04-10 11:38:02] - Epoch: 47
[2022-04-10 11:38:02] - training...
[2022-04-10 11:54:51] - [-3.22423683 -0.37089127  0.04962185] 0.036735243362066974
[2022-04-10 11:54:52] - evaluating...
[2022-04-10 11:55:20] - valid_l1 0.071398, test_l1 0.065858
[2022-04-10 11:55:20] - valid_dtw 0.260533, test_dtw 0.234321
[2022-04-10 11:55:20] - Epoch: 48
[2022-04-10 11:55:20] - training...
[2022-04-10 11:56:31] - [-3.22423683 -0.37089127  0.04962185] 0.036735243362066974
[2022-04-10 11:56:31] - evaluating...
[2022-04-10 11:56:58] - valid_l1 0.071398, test_l1 0.065858
[2022-04-10 11:56:58] - valid_dtw 0.260533, test_dtw 0.234321
[2022-04-10 11:56:58] - Epoch: 48
[2022-04-10 11:56:58] - training...
[2022-04-10 12:11:27] - [-3.22834245 -0.36914229  0.03352208] 0.03743032888167989
[2022-04-10 12:11:28] - evaluating...
[2022-04-10 12:11:56] - valid_l1 0.067616, test_l1 0.067570
[2022-04-10 12:11:56] - valid_dtw 0.234677, test_dtw 0.230106
[2022-04-10 12:11:56] - Epoch: 49
[2022-04-10 12:11:56] - training...
[2022-04-10 12:12:05] - [-3.22834245 -0.36914229  0.03352208] 0.03743032888167989
[2022-04-10 12:12:05] - evaluating...
[2022-04-10 12:12:32] - valid_l1 0.067616, test_l1 0.067570
[2022-04-10 12:12:32] - valid_dtw 0.234677, test_dtw 0.230106
[2022-04-10 12:12:32] - Epoch: 49
[2022-04-10 12:12:32] - training...
[2022-04-10 12:27:40] - [-3.23853339e+00 -3.69979283e-01  2.68326348e-03] 0.03718649492589237
[2022-04-10 12:27:40] - evaluating...
[2022-04-10 12:27:49] - [-3.23853339e+00 -3.69979283e-01  2.68326348e-03] 0.03718649492589237
[2022-04-10 12:27:49] - evaluating...
[2022-04-10 12:28:10] - valid_l1 0.074618, test_l1 0.073273
[2022-04-10 12:28:10] - valid_dtw 0.246618, test_dtw 0.241157
[2022-04-10 12:28:10] - Epoch: 50
[2022-04-10 12:28:10] - training...
[2022-04-10 12:28:18] - valid_l1 0.074618, test_l1 0.073273
[2022-04-10 12:28:18] - valid_dtw 0.246618, test_dtw 0.241157
[2022-04-10 12:28:18] - Epoch: 50
[2022-04-10 12:28:18] - training...
[2022-04-10 12:41:55] - [-3.26878133e+00 -3.69457299e-01  2.20489711e-03] 0.03697198797101618
[2022-04-10 12:41:55] - evaluating...
[2022-04-10 12:41:56] - [-3.26878133e+00 -3.69457299e-01  2.20489711e-03] 0.03697198797101618
[2022-04-10 12:41:56] - evaluating...
[2022-04-10 12:42:21] - valid_l1 0.081950, test_l1 0.076480
[2022-04-10 12:42:21] - valid_dtw 0.288474, test_dtw 0.263936
[2022-04-10 12:42:21] - Epoch: 51
[2022-04-10 12:42:21] - training...
[2022-04-10 12:42:23] - valid_l1 0.081950, test_l1 0.076480
[2022-04-10 12:42:23] - valid_dtw 0.288474, test_dtw 0.263936
[2022-04-10 12:42:23] - Epoch: 51
[2022-04-10 12:42:23] - training...
[2022-04-10 12:56:12] - [-3.17271335 -0.37069365  0.06543297] 0.03667176332673111
[2022-04-10 12:56:12] - evaluating...
[2022-04-10 12:56:14] - [-3.17271335 -0.37069365  0.06543297] 0.03667176332673111
[2022-04-10 12:56:14] - evaluating...
[2022-04-10 12:56:39] - valid_l1 0.095275, test_l1 0.083673
[2022-04-10 12:56:39] - valid_dtw 0.329256, test_dtw 0.284876
[2022-04-10 12:56:39] - Epoch: 52
[2022-04-10 12:56:39] - training...
[2022-04-10 12:56:41] - valid_l1 0.095275, test_l1 0.083673
[2022-04-10 12:56:41] - valid_dtw 0.329256, test_dtw 0.284876
[2022-04-10 12:56:41] - Epoch: 52
[2022-04-10 12:56:41] - training...
[2022-04-10 13:09:59] - [-3.21851486 -0.36727128  0.00483034] 0.037899118466063954
[2022-04-10 13:09:59] - evaluating...
[2022-04-10 13:10:01] - [-3.21851486 -0.36727128  0.00483034] 0.037899118466063954
[2022-04-10 13:10:01] - evaluating...
[2022-04-10 13:10:26] - valid_l1 0.103097, test_l1 0.102059
[2022-04-10 13:10:26] - valid_dtw 0.347973, test_dtw 0.336738
[2022-04-10 13:10:26] - Epoch: 53
[2022-04-10 13:10:26] - training...
[2022-04-10 13:10:28] - valid_l1 0.103097, test_l1 0.102059
[2022-04-10 13:10:28] - valid_dtw 0.347973, test_dtw 0.336738
[2022-04-10 13:10:28] - Epoch: 53
[2022-04-10 13:10:28] - training...
[2022-04-10 13:24:44] - [-3.09841744 -0.36918465  0.22314879] 0.0364969228092317
[2022-04-10 13:24:44] - evaluating...
[2022-04-10 13:24:45] - [-3.09841744 -0.36918465  0.22314879] 0.0364969228092317
[2022-04-10 13:24:45] - evaluating...
[2022-04-10 13:25:10] - valid_l1 0.105423, test_l1 0.102988
[2022-04-10 13:25:10] - valid_dtw 0.356024, test_dtw 0.337855
[2022-04-10 13:25:10] - Epoch: 54
[2022-04-10 13:25:10] - training...
[2022-04-10 13:25:11] - valid_l1 0.105423, test_l1 0.102988
[2022-04-10 13:25:11] - valid_dtw 0.356024, test_dtw 0.337855
[2022-04-10 13:25:11] - Epoch: 54
[2022-04-10 13:25:11] - training...
[2022-04-10 13:38:46] - [-3.14475117 -0.36827355  0.11465035] 0.03775247726392782
[2022-04-10 13:38:46] - evaluating...
[2022-04-10 13:38:46] - [-3.14475117 -0.36827355  0.11465035] 0.03775247726392782
[2022-04-10 13:38:46] - evaluating...
[2022-04-10 13:39:14] - valid_l1 0.091338, test_l1 0.091427
[2022-04-10 13:39:14] - valid_dtw 0.315348, test_dtw 0.310174
[2022-04-10 13:39:14] - Epoch: 55
[2022-04-10 13:39:14] - training...
[2022-04-10 13:39:14] - valid_l1 0.091338, test_l1 0.091427
[2022-04-10 13:39:14] - valid_dtw 0.315348, test_dtw 0.310174
[2022-04-10 13:39:14] - Epoch: 55
[2022-04-10 13:39:14] - training...
[2022-04-10 13:54:52] - [-3.17819526 -0.36923249  0.02817106] 0.036788558292442854
[2022-04-10 13:54:52] - evaluating...
[2022-04-10 13:54:53] - [-3.17819526 -0.36923249  0.02817106] 0.036788558292442854
[2022-04-10 13:54:53] - evaluating...
[2022-04-10 13:55:19] - valid_l1 0.096627, test_l1 0.089415
[2022-04-10 13:55:19] - valid_dtw 0.330164, test_dtw 0.298417
[2022-04-10 13:55:19] - Epoch: 56
[2022-04-10 13:55:19] - training...
[2022-04-10 13:55:20] - valid_l1 0.096627, test_l1 0.089415
[2022-04-10 13:55:20] - valid_dtw 0.330164, test_dtw 0.298417
[2022-04-10 13:55:20] - Epoch: 56
[2022-04-10 13:55:20] - training...
[2022-04-10 14:10:08] - [-3.13251378 -0.36881267  0.14873101] 0.0379240399010221
[2022-04-10 14:10:09] - evaluating...
[2022-04-10 14:10:09] - [-3.13251378 -0.36881267  0.14873101] 0.0379240399010221
[2022-04-10 14:10:09] - evaluating...
[2022-04-10 14:10:35] - valid_l1 0.084801, test_l1 0.075203
[2022-04-10 14:10:35] - valid_dtw 0.305984, test_dtw 0.262826
[2022-04-10 14:10:35] - Epoch: 57
[2022-04-10 14:10:35] - training...
[2022-04-10 14:10:35] - valid_l1 0.084801, test_l1 0.075203
[2022-04-10 14:10:35] - valid_dtw 0.305984, test_dtw 0.262826
[2022-04-10 14:10:35] - Epoch: 57
[2022-04-10 14:10:35] - training...
[2022-04-10 14:27:51] - [-3.21321157 -0.36818826  0.00900507] 0.03951864724284878
[2022-04-10 14:27:51] - evaluating...
[2022-04-10 14:27:53] - [-3.21321157 -0.36818826  0.00900507] 0.03951864724284878
[2022-04-10 14:27:53] - evaluating...
[2022-04-10 14:28:18] - valid_l1 0.123539, test_l1 0.121374
[2022-04-10 14:28:18] - valid_dtw 0.424756, test_dtw 0.413174
[2022-04-10 14:28:18] - Epoch: 58
[2022-04-10 14:28:18] - training...
[2022-04-10 14:28:19] - valid_l1 0.123539, test_l1 0.121374
[2022-04-10 14:28:19] - valid_dtw 0.424756, test_dtw 0.413174
[2022-04-10 14:28:19] - Epoch: 58
[2022-04-10 14:28:19] - training...
[2022-04-10 14:43:30] - [-2.93831308 -0.36919869  0.23443265] 0.03835610302690512
[2022-04-10 14:43:30] - evaluating...
[2022-04-10 14:43:30] - [-2.93831308 -0.36919869  0.23443265] 0.03835610302690512
[2022-04-10 14:43:30] - evaluating...
[2022-04-10 14:43:57] - valid_l1 0.093274, test_l1 0.093633
[2022-04-10 14:43:57] - valid_dtw 0.341356, test_dtw 0.328002
[2022-04-10 14:43:57] - Epoch: 59
[2022-04-10 14:43:57] - training...
[2022-04-10 14:43:57] - valid_l1 0.093274, test_l1 0.093633
[2022-04-10 14:43:57] - valid_dtw 0.341356, test_dtw 0.328002
[2022-04-10 14:43:57] - Epoch: 59
[2022-04-10 14:43:57] - training...
[2022-04-10 14:59:18] - [-3.16776079 -0.36725763  0.11736051] 0.04051093605584374
[2022-04-10 14:59:18] - evaluating...
[2022-04-10 14:59:20] - [-3.16776079 -0.36725763  0.11736051] 0.04051093605584374
[2022-04-10 14:59:20] - evaluating...
[2022-04-10 14:59:45] - valid_l1 0.102499, test_l1 0.102463
[2022-04-10 14:59:45] - valid_dtw 0.346824, test_dtw 0.336710
[2022-04-10 14:59:45] - Epoch: 60
[2022-04-10 14:59:45] - training...
[2022-04-10 14:59:46] - valid_l1 0.102499, test_l1 0.102463
[2022-04-10 14:59:46] - valid_dtw 0.346824, test_dtw 0.336710
[2022-04-10 14:59:46] - Epoch: 60
[2022-04-10 14:59:46] - training...
[2022-04-10 15:19:27] - [-3.15009984 -0.36888163  0.06144531] 0.039551857194468534
[2022-04-10 15:19:27] - evaluating...
[2022-04-10 15:19:28] - [-3.15009984 -0.36888163  0.06144531] 0.039551857194468534
[2022-04-10 15:19:28] - evaluating...
[2022-04-10 15:19:55] - valid_l1 0.078338, test_l1 0.075861
[2022-04-10 15:19:55] - valid_dtw 0.265417, test_dtw 0.250987
[2022-04-10 15:19:55] - Epoch: 61
[2022-04-10 15:19:55] - training...
[2022-04-10 15:19:56] - valid_l1 0.078338, test_l1 0.075861
[2022-04-10 15:19:56] - valid_dtw 0.265417, test_dtw 0.250987
[2022-04-10 15:19:56] - Epoch: 61
[2022-04-10 15:19:56] - training...
[2022-04-10 15:39:14] - [-3.1366232  -0.36985086  0.04355844] 0.03780673083822562
[2022-04-10 15:39:14] - evaluating...
[2022-04-10 15:39:18] - [-3.1366232  -0.36985086  0.04355844] 0.03780673083822562
[2022-04-10 15:39:18] - evaluating...
[2022-04-10 15:39:41] - valid_l1 0.107844, test_l1 0.109740
[2022-04-10 15:39:41] - valid_dtw 0.362848, test_dtw 0.358292
[2022-04-10 15:39:41] - Epoch: 62
[2022-04-10 15:39:41] - training...
[2022-04-10 15:39:44] - valid_l1 0.107844, test_l1 0.109740
[2022-04-10 15:39:44] - valid_dtw 0.362848, test_dtw 0.358292
[2022-04-10 15:39:44] - Epoch: 62
[2022-04-10 15:39:44] - training...
[2022-04-10 15:58:30] - [-3.18135023 -0.36927316  0.03147213] 0.03835122533238087
[2022-04-10 15:58:30] - evaluating...
[2022-04-10 15:58:44] - [-3.18135023 -0.36927316  0.03147213] 0.03835122533238087
[2022-04-10 15:58:44] - evaluating...
[2022-04-10 15:58:59] - valid_l1 0.126829, test_l1 0.113272
[2022-04-10 15:58:59] - valid_dtw 0.429222, test_dtw 0.384041
[2022-04-10 15:58:59] - Epoch: 63
[2022-04-10 15:58:59] - training...
[2022-04-10 15:59:12] - valid_l1 0.126829, test_l1 0.113272
[2022-04-10 15:59:12] - valid_dtw 0.429222, test_dtw 0.384041
[2022-04-10 15:59:12] - Epoch: 63
[2022-04-10 15:59:12] - training...
[2022-04-10 16:15:48] - [-3.17241512 -0.36969843  0.05015738] 0.037538913882100115
[2022-04-10 16:15:48] - evaluating...
[2022-04-10 16:16:02] - [-3.17241512 -0.36969843  0.05015738] 0.037538913882100115
[2022-04-10 16:16:02] - evaluating...
[2022-04-10 16:16:16] - valid_l1 0.118997, test_l1 0.121828
[2022-04-10 16:16:16] - valid_dtw 0.409638, test_dtw 0.408785
[2022-04-10 16:16:16] - Epoch: 64
[2022-04-10 16:16:16] - training...
[2022-04-10 16:16:30] - valid_l1 0.118997, test_l1 0.121828
[2022-04-10 16:16:30] - valid_dtw 0.409638, test_dtw 0.408785
[2022-04-10 16:16:30] - Epoch: 64
[2022-04-10 16:16:30] - training...
[2022-04-10 16:32:11] - [-3.2203278  -0.37104778  0.00557072] 0.03664540203335958
[2022-04-10 16:32:11] - evaluating...
[2022-04-10 16:32:11] - [-3.2203278  -0.37104778  0.00557072] 0.03664540203335958
[2022-04-10 16:32:11] - evaluating...
[2022-04-10 16:32:37] - valid_l1 0.091970, test_l1 0.093508
[2022-04-10 16:32:37] - valid_dtw 0.337976, test_dtw 0.333296
[2022-04-10 16:32:37] - Epoch: 65
[2022-04-10 16:32:37] - training...
[2022-04-10 16:32:38] - valid_l1 0.091970, test_l1 0.093508
[2022-04-10 16:32:38] - valid_dtw 0.337976, test_dtw 0.333296
[2022-04-10 16:32:38] - Epoch: 65
[2022-04-10 16:32:38] - training...
[2022-04-10 16:49:57] - [-3.24015018 -0.36965744  0.00613411] 0.03751058920200909
[2022-04-10 16:49:57] - evaluating...
[2022-04-10 16:49:59] - [-3.24015018 -0.36965744  0.00613411] 0.03751058920200909
[2022-04-10 16:49:59] - evaluating...
[2022-04-10 16:50:23] - valid_l1 0.075807, test_l1 0.074970
[2022-04-10 16:50:23] - valid_dtw 0.273739, test_dtw 0.261950
[2022-04-10 16:50:23] - Epoch: 66
[2022-04-10 16:50:23] - training...
[2022-04-10 16:50:26] - valid_l1 0.075807, test_l1 0.074970
[2022-04-10 16:50:26] - valid_dtw 0.273739, test_dtw 0.261950
[2022-04-10 16:50:26] - Epoch: 66
[2022-04-10 16:50:26] - training...
[2022-04-10 17:06:10] - [-3.12658088 -0.37088659  0.12976201] 0.037000705954389784
[2022-04-10 17:06:10] - evaluating...
[2022-04-10 17:06:13] - [-3.12658088 -0.37088659  0.12976201] 0.037000705954389784
[2022-04-10 17:06:13] - evaluating...
[2022-04-10 17:06:37] - valid_l1 0.094113, test_l1 0.095619
[2022-04-10 17:06:37] - valid_dtw 0.329106, test_dtw 0.327058
[2022-04-10 17:06:37] - Epoch: 67
[2022-04-10 17:06:37] - training...
[2022-04-10 17:06:39] - valid_l1 0.094113, test_l1 0.095619
[2022-04-10 17:06:39] - valid_dtw 0.329106, test_dtw 0.327058
[2022-04-10 17:06:39] - Epoch: 67
[2022-04-10 17:06:39] - training...
[2022-04-10 17:23:06] - [-3.03854653 -0.36783243  0.28304449] 0.03853402152899119
[2022-04-10 17:23:07] - evaluating...
[2022-04-10 17:23:10] - [-3.03854653 -0.36783243  0.28304449] 0.03853402152899119
[2022-04-10 17:23:10] - evaluating...
[2022-04-10 17:23:38] - valid_l1 0.101142, test_l1 0.099137
[2022-04-10 17:23:38] - valid_dtw 0.338654, test_dtw 0.326966
[2022-04-10 17:23:38] - Epoch: 68
[2022-04-10 17:23:38] - training...
[2022-04-10 17:23:42] - valid_l1 0.101142, test_l1 0.099137
[2022-04-10 17:23:42] - valid_dtw 0.338654, test_dtw 0.326966
[2022-04-10 17:23:42] - Epoch: 68
[2022-04-10 17:23:42] - training...
[2022-04-10 17:42:35] - [-3.07401436 -0.36779767  0.17269334] 0.03796901469375955
[2022-04-10 17:42:35] - evaluating...
[2022-04-10 17:42:38] - [-3.07401436 -0.36779767  0.17269334] 0.03796901469375955
[2022-04-10 17:42:38] - evaluating...
[2022-04-10 17:43:02] - valid_l1 0.078779, test_l1 0.077098
[2022-04-10 17:43:02] - valid_dtw 0.266504, test_dtw 0.250735
[2022-04-10 17:43:02] - Epoch: 69
[2022-04-10 17:43:02] - training...
[2022-04-10 17:43:04] - valid_l1 0.078779, test_l1 0.077098
[2022-04-10 17:43:04] - valid_dtw 0.266504, test_dtw 0.250735
[2022-04-10 17:43:04] - Epoch: 69
[2022-04-10 17:43:04] - training...
[2022-04-10 18:00:10] - [-2.85840192 -0.36923926  0.32958883] 0.03813521569414938
[2022-04-10 18:00:10] - evaluating...
[2022-04-10 18:00:11] - [-2.85840192 -0.36923926  0.32958883] 0.03813521569414938
[2022-04-10 18:00:11] - evaluating...
[2022-04-10 18:00:37] - valid_l1 0.083697, test_l1 0.076787
[2022-04-10 18:00:37] - valid_dtw 0.311890, test_dtw 0.276236
[2022-04-10 18:00:37] - Epoch: 70
[2022-04-10 18:00:37] - training...
[2022-04-10 18:00:39] - valid_l1 0.083697, test_l1 0.076787
[2022-04-10 18:00:39] - valid_dtw 0.311890, test_dtw 0.276236
[2022-04-10 18:00:39] - Epoch: 70
[2022-04-10 18:00:39] - training...
[2022-04-10 18:16:24] - [-2.91490001 -0.3706669   0.29532944] 0.03759554259585804
[2022-04-10 18:16:24] - evaluating...
[2022-04-10 18:16:25] - [-2.91490001 -0.3706669   0.29532944] 0.03759554259585804
[2022-04-10 18:16:25] - evaluating...
[2022-04-10 18:16:50] - valid_l1 0.077470, test_l1 0.073061
[2022-04-10 18:16:50] - valid_dtw 0.276859, test_dtw 0.257958
[2022-04-10 18:16:50] - Epoch: 71
[2022-04-10 18:16:50] - training...
[2022-04-10 18:16:51] - valid_l1 0.077470, test_l1 0.073061
[2022-04-10 18:16:51] - valid_dtw 0.276859, test_dtw 0.257958
[2022-04-10 18:16:51] - Epoch: 71
[2022-04-10 18:16:51] - training...
[2022-04-10 18:33:55] - [-3.12596055 -0.36940532  0.14733422] 0.03740444715622234
[2022-04-10 18:33:55] - evaluating...
[2022-04-10 18:33:58] - [-3.12596055 -0.36940532  0.14733422] 0.03740444715622234
[2022-04-10 18:33:58] - evaluating...
[2022-04-10 18:34:22] - valid_l1 0.067837, test_l1 0.068366
[2022-04-10 18:34:22] - valid_dtw 0.246408, test_dtw 0.240651
[2022-04-10 18:34:22] - Epoch: 72
[2022-04-10 18:34:22] - training...
[2022-04-10 18:34:24] - valid_l1 0.067837, test_l1 0.068366
[2022-04-10 18:34:24] - valid_dtw 0.246408, test_dtw 0.240651
[2022-04-10 18:34:24] - Epoch: 72
[2022-04-10 18:34:24] - training...
[2022-04-10 18:46:28] - [-3.11950051 -0.37164278  0.17789751] 0.03530127436504173
[2022-04-10 18:46:28] - evaluating...
[2022-04-10 18:46:28] - [-3.11950051 -0.37164278  0.17789751] 0.03530127436504173
[2022-04-10 18:46:29] - evaluating...
[2022-04-10 18:46:53] - valid_l1 0.104336, test_l1 0.103361
[2022-04-10 18:46:53] - valid_dtw 0.369048, test_dtw 0.357023
[2022-04-10 18:46:53] - Epoch: 73
[2022-04-10 18:46:53] - training...
[2022-04-10 18:46:54] - valid_l1 0.104336, test_l1 0.103361
[2022-04-10 18:46:54] - valid_dtw 0.369048, test_dtw 0.357023
[2022-04-10 18:46:54] - Epoch: 73
[2022-04-10 18:46:54] - training...
[2022-04-10 18:58:00] - [-3.09686043 -0.37170433  0.1161031 ] 0.036583063132263054
[2022-04-10 18:58:00] - evaluating...
[2022-04-10 18:58:01] - [-3.09686043 -0.37170433  0.1161031 ] 0.036583063132263054
[2022-04-10 18:58:01] - evaluating...
[2022-04-10 18:58:25] - valid_l1 0.099338, test_l1 0.098453
[2022-04-10 18:58:25] - valid_dtw 0.345721, test_dtw 0.334925
[2022-04-10 18:58:25] - Epoch: 74
[2022-04-10 18:58:25] - training...
[2022-04-10 18:58:26] - valid_l1 0.099338, test_l1 0.098453
[2022-04-10 18:58:26] - valid_dtw 0.345721, test_dtw 0.334925
[2022-04-10 18:58:26] - Epoch: 74
[2022-04-10 18:58:26] - training...
[2022-04-10 19:09:22] - [-3.1123186  -0.37035524  0.27518217] 0.03752631482248213
[2022-04-10 19:09:22] - evaluating...
[2022-04-10 19:09:23] - [-3.1123186  -0.37035524  0.27518217] 0.03752631482248213
[2022-04-10 19:09:23] - evaluating...
[2022-04-10 19:09:47] - valid_l1 0.086596, test_l1 0.093447
[2022-04-10 19:09:47] - valid_dtw 0.304635, test_dtw 0.320146
[2022-04-10 19:09:47] - Epoch: 75
[2022-04-10 19:09:47] - training...
[2022-04-10 19:09:48] - valid_l1 0.086596, test_l1 0.093447
[2022-04-10 19:09:48] - valid_dtw 0.304635, test_dtw 0.320146
[2022-04-10 19:09:48] - Epoch: 75
[2022-04-10 19:09:48] - training...
[2022-04-10 19:20:39] - [-3.15520457 -0.37450235  0.13236024] 0.03500254326647493
[2022-04-10 19:20:39] - evaluating...
[2022-04-10 19:20:39] - [-3.15520457 -0.37450235  0.13236024] 0.03500254326647493
[2022-04-10 19:20:39] - evaluating...
[2022-04-10 19:21:04] - valid_l1 0.103602, test_l1 0.101666
[2022-04-10 19:21:04] - valid_dtw 0.365325, test_dtw 0.349357
[2022-04-10 19:21:04] - Epoch: 76
[2022-04-10 19:21:04] - training...
[2022-04-10 19:21:04] - valid_l1 0.103602, test_l1 0.101666
[2022-04-10 19:21:04] - valid_dtw 0.365325, test_dtw 0.349357
[2022-04-10 19:21:04] - Epoch: 76
[2022-04-10 19:21:04] - training...
[2022-04-10 19:31:59] - [-3.01191306 -0.37275479  0.30270852] 0.036822413615489075
[2022-04-10 19:31:59] - evaluating...
[2022-04-10 19:32:00] - [-3.01191306 -0.37275479  0.30270852] 0.036822413615489075
[2022-04-10 19:32:00] - evaluating...
[2022-04-10 19:32:24] - valid_l1 0.107196, test_l1 0.108655
[2022-04-10 19:32:24] - valid_dtw 0.392830, test_dtw 0.385441
[2022-04-10 19:32:24] - Epoch: 77
[2022-04-10 19:32:24] - training...
[2022-04-10 19:32:24] - valid_l1 0.107196, test_l1 0.108655
[2022-04-10 19:32:24] - valid_dtw 0.392830, test_dtw 0.385441
[2022-04-10 19:32:24] - Epoch: 77
[2022-04-10 19:32:24] - training...
[2022-04-10 19:43:20] - [-3.18590519 -0.37315198  0.15781191] 0.0357173206397019
[2022-04-10 19:43:20] - evaluating...
[2022-04-10 19:43:20] - [-3.18590519 -0.37315198  0.15781191] 0.0357173206397019
[2022-04-10 19:43:20] - evaluating...
[2022-04-10 19:43:45] - valid_l1 0.122320, test_l1 0.120816
[2022-04-10 19:43:45] - valid_dtw 0.407437, test_dtw 0.402000
[2022-04-10 19:43:45] - Epoch: 78
[2022-04-10 19:43:45] - training...
[2022-04-10 19:43:45] - valid_l1 0.122320, test_l1 0.120816
[2022-04-10 19:43:45] - valid_dtw 0.407437, test_dtw 0.402000
[2022-04-10 19:43:45] - Epoch: 78
[2022-04-10 19:43:45] - training...
[2022-04-10 19:55:06] - [-3.15411499 -0.37089692  0.20582139] 0.03753258693165414
[2022-04-10 19:55:06] - evaluating...
[2022-04-10 19:55:08] - [-3.15411499 -0.37089692  0.20582139] 0.03753258693165414
[2022-04-10 19:55:08] - evaluating...
[2022-04-10 19:55:33] - valid_l1 0.084106, test_l1 0.081040
[2022-04-10 19:55:33] - valid_dtw 0.290962, test_dtw 0.274139
[2022-04-10 19:55:33] - Epoch: 79
[2022-04-10 19:55:33] - training...
[2022-04-10 19:55:34] - valid_l1 0.084106, test_l1 0.081040
[2022-04-10 19:55:34] - valid_dtw 0.290962, test_dtw 0.274139
[2022-04-10 19:55:34] - Epoch: 79
[2022-04-10 19:55:34] - training...
[2022-04-10 20:07:55] - [-3.11842926 -0.37196299  0.18074117] 0.03715394471377292
[2022-04-10 20:07:55] - evaluating...
[2022-04-10 20:07:56] - [-3.11842926 -0.37196299  0.18074117] 0.03715394471377292
[2022-04-10 20:07:56] - evaluating...
[2022-04-10 20:08:20] - valid_l1 0.092210, test_l1 0.091947
[2022-04-10 20:08:20] - valid_dtw 0.315545, test_dtw 0.307823
[2022-04-10 20:08:20] - Epoch: 80
[2022-04-10 20:08:20] - training...
[2022-04-10 20:08:21] - valid_l1 0.092210, test_l1 0.091947
[2022-04-10 20:08:21] - valid_dtw 0.315545, test_dtw 0.307823
[2022-04-10 20:08:21] - Epoch: 80
[2022-04-10 20:08:21] - training...
[2022-04-10 20:20:24] - [-3.13682418 -0.36978809  0.21878374] 0.03846539628339389
[2022-04-10 20:20:24] - evaluating...
[2022-04-10 20:20:25] - [-3.13682418 -0.36978809  0.21878374] 0.03846539628339389
[2022-04-10 20:20:25] - evaluating...
[2022-04-10 20:20:50] - valid_l1 0.092237, test_l1 0.087201
[2022-04-10 20:20:50] - valid_dtw 0.320087, test_dtw 0.297653
[2022-04-10 20:20:50] - Epoch: 81
[2022-04-10 20:20:50] - training...
[2022-04-10 20:20:50] - valid_l1 0.092237, test_l1 0.087201
[2022-04-10 20:20:50] - valid_dtw 0.320087, test_dtw 0.297653
[2022-04-10 20:20:50] - Epoch: 81
[2022-04-10 20:20:50] - training...
[2022-04-10 20:33:12] - [-3.12782082 -0.37095154  0.13281608] 0.03807458843260464
[2022-04-10 20:33:12] - evaluating...
[2022-04-10 20:33:12] - [-3.12782082 -0.37095154  0.13281608] 0.03807458843260464
[2022-04-10 20:33:12] - evaluating...
[2022-04-10 20:33:38] - valid_l1 0.082675, test_l1 0.078609
[2022-04-10 20:33:38] - valid_dtw 0.287263, test_dtw 0.269124
[2022-04-10 20:33:38] - Epoch: 82
[2022-04-10 20:33:38] - training...
[2022-04-10 20:33:38] - valid_l1 0.082675, test_l1 0.078609
[2022-04-10 20:33:38] - valid_dtw 0.287263, test_dtw 0.269124
[2022-04-10 20:33:38] - Epoch: 82
[2022-04-10 20:33:38] - training...
[2022-04-10 20:45:49] - [-3.17508391 -0.37313844  0.12749897] 0.03705482159180744
[2022-04-10 20:45:49] - evaluating...
[2022-04-10 20:45:49] - [-3.17508391 -0.37313844  0.12749897] 0.03705482159180744
[2022-04-10 20:45:49] - evaluating...
[2022-04-10 20:46:14] - valid_l1 0.095016, test_l1 0.092617
[2022-04-10 20:46:14] - valid_dtw 0.328133, test_dtw 0.315197
[2022-04-10 20:46:14] - Epoch: 83
[2022-04-10 20:46:14] - training...
[2022-04-10 20:46:14] - valid_l1 0.095016, test_l1 0.092617
[2022-04-10 20:46:14] - valid_dtw 0.328133, test_dtw 0.315197
[2022-04-10 20:46:14] - Epoch: 83
[2022-04-10 20:46:14] - training...
[2022-04-10 20:57:42] - [-3.19455511 -0.37143325  0.06683541] 0.03778998073693337
[2022-04-10 20:57:42] - evaluating...
[2022-04-10 20:57:42] - [-3.19455511 -0.37143325  0.06683541] 0.03778998073693337
[2022-04-10 20:57:42] - evaluating...
[2022-04-10 20:58:07] - valid_l1 0.097877, test_l1 0.103214
[2022-04-10 20:58:07] - valid_dtw 0.359177, test_dtw 0.366382
[2022-04-10 20:58:07] - Epoch: 84
[2022-04-10 20:58:07] - training...
[2022-04-10 20:58:07] - valid_l1 0.097877, test_l1 0.103214
[2022-04-10 20:58:07] - valid_dtw 0.359177, test_dtw 0.366382
[2022-04-10 20:58:07] - Epoch: 84
[2022-04-10 20:58:07] - training...
[2022-04-10 21:09:21] - [-3.13806489 -0.36841132  0.18841578] 0.039735049586658834
[2022-04-10 21:09:21] - evaluating...
[2022-04-10 21:09:21] - [-3.13806489 -0.36841132  0.18841578] 0.039735049586658834
[2022-04-10 21:09:21] - evaluating...
[2022-04-10 21:09:46] - valid_l1 0.092922, test_l1 0.091518
[2022-04-10 21:09:46] - valid_dtw 0.342051, test_dtw 0.329035
[2022-04-10 21:09:46] - Epoch: 85
[2022-04-10 21:09:46] - training...
[2022-04-10 21:09:46] - valid_l1 0.092922, test_l1 0.091518
[2022-04-10 21:09:46] - valid_dtw 0.342051, test_dtw 0.329035
[2022-04-10 21:09:46] - Epoch: 85
[2022-04-10 21:09:46] - training...
[2022-04-10 21:21:29] - [-3.17156938 -0.37101101  0.11237271] 0.0380871716730836
[2022-04-10 21:21:29] - evaluating...
[2022-04-10 21:21:30] - [-3.17156938 -0.37101101  0.11237271] 0.0380871716730836
[2022-04-10 21:21:30] - evaluating...
[2022-04-10 21:21:54] - valid_l1 0.092023, test_l1 0.084746
[2022-04-10 21:21:54] - valid_dtw 0.324966, test_dtw 0.300735
[2022-04-10 21:21:54] - Epoch: 86
[2022-04-10 21:21:54] - training...
[2022-04-10 21:21:55] - valid_l1 0.092023, test_l1 0.084746
[2022-04-10 21:21:55] - valid_dtw 0.324966, test_dtw 0.300735
[2022-04-10 21:21:55] - Epoch: 86
[2022-04-10 21:21:55] - training...
[2022-04-10 21:33:50] - [-3.19540314 -0.37089976  0.11248582] 0.03915621501395021
[2022-04-10 21:33:50] - evaluating...
[2022-04-10 21:33:51] - [-3.19540314 -0.37089976  0.11248582] 0.03915621501395021
[2022-04-10 21:33:51] - evaluating...
[2022-04-10 21:34:16] - valid_l1 0.089570, test_l1 0.091345
[2022-04-10 21:34:16] - valid_dtw 0.318100, test_dtw 0.315703
[2022-04-10 21:34:16] - Epoch: 87
[2022-04-10 21:34:16] - training...
[2022-04-10 21:34:17] - valid_l1 0.089570, test_l1 0.091345
[2022-04-10 21:34:17] - valid_dtw 0.318100, test_dtw 0.315703
[2022-04-10 21:34:17] - Epoch: 87
[2022-04-10 21:34:17] - training...
[2022-04-10 21:47:06] - [-3.15944243 -0.37151     0.16618506] 0.03790615170247302
[2022-04-10 21:47:06] - evaluating...
[2022-04-10 21:47:08] - [-3.15944243 -0.37151     0.16618506] 0.03790615170247302
[2022-04-10 21:47:08] - evaluating...
[2022-04-10 21:47:32] - valid_l1 0.084241, test_l1 0.082106
[2022-04-10 21:47:32] - valid_dtw 0.301603, test_dtw 0.289986
[2022-04-10 21:47:32] - Epoch: 88
[2022-04-10 21:47:32] - training...
[2022-04-10 21:47:34] - valid_l1 0.084241, test_l1 0.082106
[2022-04-10 21:47:34] - valid_dtw 0.301603, test_dtw 0.289986
[2022-04-10 21:47:34] - Epoch: 88
[2022-04-10 21:47:34] - training...
[2022-04-10 23:27:30] - [-3.20346505 -0.37360631  0.1325912 ] 0.03674070486239808
[2022-04-10 23:27:31] - evaluating...
[2022-04-10 23:27:31] - [-3.20346505 -0.37360631  0.1325912 ] 0.03674070486239808
[2022-04-10 23:27:31] - evaluating...
[2022-04-10 23:27:56] - valid_l1 0.105720, test_l1 0.096882
[2022-04-10 23:27:56] - valid_dtw 0.389069, test_dtw 0.356746
[2022-04-10 23:27:56] - Epoch: 89
[2022-04-10 23:27:56] - training...
[2022-04-10 23:27:56] - valid_l1 0.105720, test_l1 0.096882
[2022-04-10 23:27:56] - valid_dtw 0.389069, test_dtw 0.356746
[2022-04-10 23:27:56] - Epoch: 89
[2022-04-10 23:27:56] - training...
[2022-04-10 23:40:07] - [-3.1208414  -0.37009814  0.1017518 ] 0.039359315426326265
[2022-04-10 23:40:07] - evaluating...
[2022-04-10 23:40:11] - [-3.1208414  -0.37009814  0.1017518 ] 0.039359315426326265
[2022-04-10 23:40:11] - evaluating...
[2022-04-10 23:40:32] - valid_l1 0.060138, test_l1 0.056682
[2022-04-10 23:40:32] - valid_dtw 0.198657, test_dtw 0.190220
[2022-04-10 23:40:32] - early stop
[2022-04-10 23:40:32] - best val score: 0.00911357055155066 @ 39
[2022-04-10 23:40:32] - inference...
[2022-04-10 23:40:36] - valid_l1 0.060138, test_l1 0.056682
[2022-04-10 23:40:36] - valid_dtw 0.198657, test_dtw 0.190220
[2022-04-10 23:40:36] - early stop
[2022-04-10 23:40:36] - best val score: 0.00911357055155066 @ 39
[2022-04-10 23:40:36] - inference...
[2022-04-10 23:40:57] - MSE: train 0.014742, valid 0.009049, test 0.007117
[2022-04-10 23:40:57] - L1:  train 0.068676, valid 0.053423, test 0.048198
[2022-04-10 23:40:57] - RMSE: train 0.097278, valid 0.075975, test 0.066648
[2022-04-10 23:40:57] - DTW: train 0.246992, valid 0.189957, test 0.163563
[2022-04-10 23:40:57] - TDI: train 1.125671, valid 1.125352, test 1.165114
[2022-04-10 23:40:57] - Finished.
[2022-04-10 23:41:00] - MSE: train 0.014742, valid 0.009049, test 0.007117
[2022-04-10 23:41:00] - L1:  train 0.068676, valid 0.053423, test 0.048198
[2022-04-10 23:41:00] - RMSE: train 0.097278, valid 0.075975, test 0.066648
[2022-04-10 23:41:00] - DTW: train 0.246992, valid 0.189957, test 0.163563
[2022-04-10 23:41:00] - TDI: train 0.281418, valid 0.281338, test 0.291278
[2022-04-10 23:41:00] - Finished.
