[2022-04-15 17:21:22] - create model_king...
[2022-04-15 17:21:22] - Epoch: 0
[2022-04-15 17:21:22] - training...
[2022-04-15 17:24:44] - [14.29696074  4.5489508   4.40438506] 0.6036478136784096
[2022-04-15 17:24:44] - evaluating...
[2022-04-15 17:25:03] - valid_l1 0.776218, test_l1 0.563767
[2022-04-15 17:25:03] - valid_dtw 2.198336, test_dtw 1.560587
[2022-04-15 17:25:03] - Epoch: 1
[2022-04-15 17:25:03] - training...
[2022-04-15 17:28:21] - [7.41999887 2.31977727 4.11858152] 0.4596408636665913
[2022-04-15 17:28:21] - evaluating...
[2022-04-15 17:28:39] - valid_l1 0.647941, test_l1 0.528666
[2022-04-15 17:28:39] - valid_dtw 1.929250, test_dtw 1.535268
[2022-04-15 17:28:39] - Epoch: 2
[2022-04-15 17:28:39] - training...
[2022-04-15 17:31:52] - [7.08055764 2.02650366 3.40067719] 0.4223591749141362
[2022-04-15 17:31:52] - evaluating...
[2022-04-15 17:32:10] - valid_l1 0.569114, test_l1 0.482497
[2022-04-15 17:32:10] - valid_dtw 1.795566, test_dtw 1.454603
[2022-04-15 17:32:10] - Epoch: 3
[2022-04-15 17:32:10] - training...
[2022-04-15 17:35:24] - [6.92618583 1.92671254 3.31617023] 0.4133123574686832
[2022-04-15 17:35:24] - evaluating...
[2022-04-15 17:35:41] - valid_l1 0.647269, test_l1 0.514455
[2022-04-15 17:35:41] - valid_dtw 1.996809, test_dtw 1.517729
[2022-04-15 17:35:41] - Epoch: 4
[2022-04-15 17:35:41] - training...
[2022-04-15 17:38:54] - [6.5431485  1.75439201 3.06237917] 0.3837926800400241
[2022-04-15 17:38:54] - evaluating...
[2022-04-15 17:39:11] - valid_l1 0.576506, test_l1 0.504134
[2022-04-15 17:39:11] - valid_dtw 1.811228, test_dtw 1.515598
[2022-04-15 17:39:11] - Epoch: 5
[2022-04-15 17:39:11] - training...
[2022-04-15 17:42:26] - [6.39915761 1.62266602 3.18481585] 0.3762916575467711
[2022-04-15 17:42:26] - evaluating...
[2022-04-15 17:42:44] - valid_l1 0.524808, test_l1 0.511412
[2022-04-15 17:42:44] - valid_dtw 1.736411, test_dtw 1.589304
[2022-04-15 17:42:44] - Epoch: 6
[2022-04-15 17:42:44] - training...
[2022-04-15 17:45:57] - [6.19428659 1.58802582 3.30151665] 0.36937958223054024
[2022-04-15 17:45:57] - evaluating...
[2022-04-15 17:46:15] - valid_l1 0.594136, test_l1 0.465195
[2022-04-15 17:46:15] - valid_dtw 1.836098, test_dtw 1.401697
[2022-04-15 17:46:15] - Epoch: 7
[2022-04-15 17:46:15] - training...
[2022-04-15 17:49:27] - [5.9320179  1.53279242 3.3769052 ] 0.3597518996225917
[2022-04-15 17:49:27] - evaluating...
[2022-04-15 17:49:44] - valid_l1 0.686011, test_l1 0.541470
[2022-04-15 17:49:44] - valid_dtw 2.058497, test_dtw 1.613662
[2022-04-15 17:49:44] - Epoch: 8
[2022-04-15 17:49:44] - training...
[2022-04-15 17:52:56] - [5.89161859 1.50552526 3.27014587] 0.3573839822242761
[2022-04-15 17:52:56] - evaluating...
[2022-04-15 17:53:14] - valid_l1 0.611566, test_l1 0.493801
[2022-04-15 17:53:14] - valid_dtw 1.815668, test_dtw 1.505428
[2022-04-15 17:53:14] - Epoch: 9
[2022-04-15 17:53:14] - training...
[2022-04-15 17:56:26] - [5.8479557  1.41676007 3.24487441] 0.34597982756027346
[2022-04-15 17:56:26] - evaluating...
[2022-04-15 17:56:43] - valid_l1 0.562553, test_l1 0.500501
[2022-04-15 17:56:43] - valid_dtw 1.824790, test_dtw 1.615669
[2022-04-15 17:56:43] - Epoch: 10
[2022-04-15 17:56:43] - training...
[2022-04-15 17:59:55] - [5.80604355 1.53214553 3.33071976] 0.35937026175274756
[2022-04-15 17:59:55] - evaluating...
[2022-04-15 18:00:13] - valid_l1 0.615176, test_l1 0.536667
[2022-04-15 18:00:13] - valid_dtw 1.821331, test_dtw 1.647659
[2022-04-15 18:00:13] - Epoch: 11
[2022-04-15 18:00:13] - training...
[2022-04-15 18:03:25] - [5.60918282 1.46018514 3.38042584] 0.3452796061952139
[2022-04-15 18:03:25] - evaluating...
[2022-04-15 18:03:44] - valid_l1 0.575001, test_l1 0.513120
[2022-04-15 18:03:44] - valid_dtw 1.795296, test_dtw 1.588851
[2022-04-15 18:03:44] - Epoch: 12
[2022-04-15 18:03:44] - training...
[2022-04-15 18:06:56] - [5.30214593 1.34212957 3.3186727 ] 0.3266997294036891
[2022-04-15 18:06:56] - evaluating...
[2022-04-15 18:07:14] - valid_l1 0.638170, test_l1 0.552593
[2022-04-15 18:07:14] - valid_dtw 1.974333, test_dtw 1.703330
[2022-04-15 18:07:14] - Epoch: 13
[2022-04-15 18:07:14] - training...
[2022-04-15 18:10:29] - [5.58886655 1.37058164 3.5239195 ] 0.33247068991826295
[2022-04-15 18:10:29] - evaluating...
[2022-04-15 18:10:47] - valid_l1 0.482790, test_l1 0.432869
[2022-04-15 18:10:47] - valid_dtw 1.563092, test_dtw 1.430994
[2022-04-15 18:10:47] - Epoch: 14
[2022-04-15 18:10:47] - training...
[2022-04-15 18:14:08] - [5.39133143 1.34185037 3.31588977] 0.3378199632161598
[2022-04-15 18:14:08] - evaluating...
[2022-04-15 18:14:27] - valid_l1 0.597764, test_l1 0.481605
[2022-04-15 18:14:27] - valid_dtw 1.902165, test_dtw 1.462951
[2022-04-15 18:14:27] - Epoch: 15
[2022-04-15 18:14:27] - training...
[2022-04-15 18:17:41] - [5.45741853 1.38108055 3.38253141] 0.34945572135434244
[2022-04-15 18:17:41] - evaluating...
[2022-04-15 18:17:58] - valid_l1 0.547719, test_l1 0.480208
[2022-04-15 18:17:58] - valid_dtw 1.614800, test_dtw 1.453657
[2022-04-15 18:17:58] - Epoch: 16
[2022-04-15 18:17:58] - training...
[2022-04-15 18:21:14] - [5.56965756 1.42648998 3.2773371 ] 0.34823954469578455
[2022-04-15 18:21:15] - evaluating...
[2022-04-15 18:21:32] - valid_l1 0.547332, test_l1 0.472949
[2022-04-15 18:21:32] - valid_dtw 1.662683, test_dtw 1.434998
[2022-04-15 18:21:32] - Epoch: 17
[2022-04-15 18:21:32] - training...
[2022-04-15 18:24:51] - [5.23838196 1.2531161  3.42113931] 0.32803470551434644
[2022-04-15 18:24:51] - evaluating...
[2022-04-15 18:25:09] - valid_l1 0.662088, test_l1 0.537238
[2022-04-15 18:25:09] - valid_dtw 1.938816, test_dtw 1.564958
[2022-04-15 18:25:09] - Epoch: 18
[2022-04-15 18:25:09] - training...
[2022-04-15 18:28:24] - [5.27483108 1.22876472 3.40268246] 0.3249400147915597
[2022-04-15 18:28:24] - evaluating...
[2022-04-15 18:28:41] - valid_l1 0.562612, test_l1 0.474273
[2022-04-15 18:28:41] - valid_dtw 1.746305, test_dtw 1.442043
[2022-04-15 18:28:41] - Epoch: 19
[2022-04-15 18:28:41] - training...
[2022-04-15 18:31:56] - [5.00987721 1.18918296 3.35574051] 0.3127681134177036
[2022-04-15 18:31:56] - evaluating...
[2022-04-15 18:32:14] - valid_l1 0.762166, test_l1 0.549054
[2022-04-15 18:32:14] - valid_dtw 2.269306, test_dtw 1.681897
[2022-04-15 18:32:14] - Epoch: 20
[2022-04-15 18:32:14] - training...
[2022-04-15 18:35:25] - [4.98886797 1.17986154 1.71044497] 0.3134433447137675
[2022-04-15 18:35:25] - evaluating...
[2022-04-15 18:35:43] - valid_l1 0.621136, test_l1 0.518199
[2022-04-15 18:35:43] - valid_dtw 1.933496, test_dtw 1.619474
[2022-04-15 18:35:43] - Epoch: 21
[2022-04-15 18:35:43] - training...
[2022-04-15 18:38:58] - [5.25874188 1.25423324 1.63339874] 0.3225831241192832
[2022-04-15 18:38:58] - evaluating...
[2022-04-15 18:39:16] - valid_l1 0.488751, test_l1 0.456155
[2022-04-15 18:39:16] - valid_dtw 1.593586, test_dtw 1.451832
[2022-04-15 18:39:16] - Epoch: 22
[2022-04-15 18:39:16] - training...
[2022-04-15 18:42:30] - [5.08216377 1.29699651 1.68943922] 0.32582640158215154
[2022-04-15 18:42:30] - evaluating...
[2022-04-15 18:42:48] - valid_l1 0.562653, test_l1 0.464709
[2022-04-15 18:42:48] - valid_dtw 1.700556, test_dtw 1.414448
[2022-04-15 18:42:48] - Epoch: 23
[2022-04-15 18:42:48] - training...
[2022-04-15 18:46:02] - [5.12609519 1.25882947 1.69855205] 0.33288991402407164
[2022-04-15 18:46:02] - evaluating...
[2022-04-15 18:46:20] - valid_l1 0.568791, test_l1 0.499766
[2022-04-15 18:46:20] - valid_dtw 1.703858, test_dtw 1.502174
[2022-04-15 18:46:20] - Epoch: 24
[2022-04-15 18:46:20] - training...
[2022-04-15 18:49:34] - [5.03774271 1.24127716 1.70149061] 0.32822114436841404
[2022-04-15 18:49:35] - evaluating...
[2022-04-15 18:49:52] - valid_l1 0.559600, test_l1 0.512817
[2022-04-15 18:49:52] - valid_dtw 1.678783, test_dtw 1.537143
[2022-04-15 18:49:52] - Epoch: 25
[2022-04-15 18:49:52] - training...
[2022-04-15 18:53:06] - [4.78687581 1.1433022  1.69463696] 0.31377330004902426
[2022-04-15 18:53:06] - evaluating...
[2022-04-15 18:53:24] - valid_l1 0.666821, test_l1 0.488702
[2022-04-15 18:53:24] - valid_dtw 2.041503, test_dtw 1.507784
[2022-04-15 18:53:24] - Epoch: 26
[2022-04-15 18:53:24] - training...
[2022-04-15 18:56:38] - [4.91744898 1.11376465 1.65198552] 0.30402063541725033
[2022-04-15 18:56:38] - evaluating...
[2022-04-15 18:56:55] - valid_l1 0.514315, test_l1 0.471899
[2022-04-15 18:56:55] - valid_dtw 1.611192, test_dtw 1.452070
[2022-04-15 18:56:55] - Epoch: 27
[2022-04-15 18:56:55] - training...
[2022-04-15 19:00:10] - [5.0909038  1.20586197 1.62325075] 0.3166793234613009
[2022-04-15 19:00:10] - evaluating...
[2022-04-15 19:00:28] - valid_l1 0.627671, test_l1 0.515999
[2022-04-15 19:00:28] - valid_dtw 1.992134, test_dtw 1.620474
[2022-04-15 19:00:28] - Epoch: 28
[2022-04-15 19:00:28] - training...
[2022-04-15 19:03:42] - [4.87410809 1.16650265 1.62747143] 0.31512302835367834
[2022-04-15 19:03:42] - evaluating...
[2022-04-15 19:04:00] - valid_l1 0.573184, test_l1 0.525835
[2022-04-15 19:04:00] - valid_dtw 1.724624, test_dtw 1.609771
[2022-04-15 19:04:00] - Epoch: 29
[2022-04-15 19:04:00] - training...
[2022-04-15 19:07:14] - [4.80900635 1.1799986  1.62545849] 0.31508379406261017
[2022-04-15 19:07:14] - evaluating...
[2022-04-15 19:07:32] - valid_l1 0.552177, test_l1 0.513365
[2022-04-15 19:07:32] - valid_dtw 1.702652, test_dtw 1.579510
[2022-04-15 19:07:32] - Epoch: 30
[2022-04-15 19:07:32] - training...
[2022-04-15 19:10:47] - [5.05445381 1.22521822 1.64063604] 0.3133569829798846
[2022-04-15 19:10:48] - evaluating...
[2022-04-15 19:11:05] - valid_l1 0.533053, test_l1 0.492740
[2022-04-15 19:11:05] - valid_dtw 1.636243, test_dtw 1.480484
[2022-04-15 19:11:05] - Epoch: 31
[2022-04-15 19:11:05] - training...
[2022-04-15 19:14:20] - [4.90890059 1.16510821 1.59156043] 0.32208692496739627
[2022-04-15 19:14:20] - evaluating...
[2022-04-15 19:14:38] - valid_l1 0.531439, test_l1 0.495014
[2022-04-15 19:14:38] - valid_dtw 1.668004, test_dtw 1.526050
[2022-04-15 19:14:38] - Epoch: 32
[2022-04-15 19:14:38] - training...
[2022-04-15 19:17:53] - [4.89402015 1.10877256 1.59412158] 0.3146740021586596
[2022-04-15 19:17:53] - evaluating...
[2022-04-15 19:18:11] - valid_l1 0.653945, test_l1 0.622958
[2022-04-15 19:18:11] - valid_dtw 1.992548, test_dtw 1.855887
[2022-04-15 19:18:11] - Epoch: 33
[2022-04-15 19:18:11] - training...
[2022-04-15 19:21:26] - [4.75203127 1.08647595 1.6607882 ] 0.3078297871635497
[2022-04-15 19:21:26] - evaluating...
[2022-04-15 19:21:43] - valid_l1 0.606968, test_l1 0.540724
[2022-04-15 19:21:43] - valid_dtw 1.812333, test_dtw 1.625739
[2022-04-15 19:21:43] - Epoch: 34
[2022-04-15 19:21:43] - training...
[2022-04-15 19:24:58] - [4.64915799 1.07392579 1.67319222] 0.3036698986583246
[2022-04-15 19:24:58] - evaluating...
[2022-04-15 19:25:16] - valid_l1 0.546218, test_l1 0.512138
[2022-04-15 19:25:16] - valid_dtw 1.725575, test_dtw 1.570085
[2022-04-15 19:25:16] - Epoch: 35
[2022-04-15 19:25:16] - training...
[2022-04-15 19:28:32] - [5.02693717 1.18379616 1.65710774] 0.3197359471802562
[2022-04-15 19:28:32] - evaluating...
[2022-04-15 19:28:50] - valid_l1 0.629336, test_l1 0.570979
[2022-04-15 19:28:50] - valid_dtw 1.799898, test_dtw 1.663782
[2022-04-15 19:28:50] - Epoch: 36
[2022-04-15 19:28:50] - training...
[2022-04-15 19:32:05] - [4.66414993 1.15086237 1.61371113] 0.32455528023390406
[2022-04-15 19:32:05] - evaluating...
[2022-04-15 19:32:23] - valid_l1 0.551192, test_l1 0.560630
[2022-04-15 19:32:23] - valid_dtw 1.742981, test_dtw 1.709278
[2022-04-15 19:32:23] - Epoch: 37
[2022-04-15 19:32:23] - training...
[2022-04-15 19:35:38] - [4.69598995 1.11092773 1.64256711] 0.3154960342650975
[2022-04-15 19:35:38] - evaluating...
[2022-04-15 19:35:55] - valid_l1 0.528952, test_l1 0.553162
[2022-04-15 19:35:55] - valid_dtw 1.597584, test_dtw 1.661558
[2022-04-15 19:35:55] - Epoch: 38
[2022-04-15 19:35:55] - training...
[2022-04-15 19:39:11] - [4.64279244 1.05424784 1.64842956] 0.305929280184598
[2022-04-15 19:39:11] - evaluating...
[2022-04-15 19:39:28] - valid_l1 0.643637, test_l1 0.570904
[2022-04-15 19:39:28] - valid_dtw 1.984142, test_dtw 1.749271
[2022-04-15 19:39:28] - Epoch: 39
[2022-04-15 19:39:28] - training...
[2022-04-15 19:42:45] - [4.85287267 1.15640772 1.66227132] 0.3160409860079761
[2022-04-15 19:42:45] - evaluating...
[2022-04-15 19:43:03] - valid_l1 0.710712, test_l1 0.617159
[2022-04-15 19:43:03] - valid_dtw 2.097339, test_dtw 1.845752
[2022-04-15 19:43:03] - Epoch: 40
[2022-04-15 19:43:03] - training...
[2022-04-15 19:46:17] - [4.78602531 1.11978645 1.65559198] 0.3120909765607021
[2022-04-15 19:46:17] - evaluating...
[2022-04-15 19:46:35] - valid_l1 0.682812, test_l1 0.566310
[2022-04-15 19:46:35] - valid_dtw 2.100893, test_dtw 1.734646
[2022-04-15 19:46:35] - Epoch: 41
[2022-04-15 19:46:35] - training...
[2022-04-15 19:49:51] - [4.73845707 1.13258499 1.66920412] 0.3211661163278912
[2022-04-15 19:49:51] - evaluating...
[2022-04-15 19:50:09] - valid_l1 0.521610, test_l1 0.495671
[2022-04-15 19:50:09] - valid_dtw 1.524961, test_dtw 1.432642
[2022-04-15 19:50:09] - Epoch: 42
[2022-04-15 19:50:09] - training...
[2022-04-15 19:53:24] - [4.80116971 1.10527814 1.66007387] 0.3184605189966907
[2022-04-15 19:53:24] - evaluating...
[2022-04-15 19:53:42] - valid_l1 0.559098, test_l1 0.574120
[2022-04-15 19:53:42] - valid_dtw 1.668688, test_dtw 1.759742
[2022-04-15 19:53:42] - Epoch: 43
[2022-04-15 19:53:42] - training...
[2022-04-15 19:56:58] - [4.85632265 1.08260716 1.67936054] 0.3149814833782824
[2022-04-15 19:56:58] - evaluating...
[2022-04-15 19:57:16] - valid_l1 0.580633, test_l1 0.531274
[2022-04-15 19:57:16] - valid_dtw 1.804300, test_dtw 1.684296
[2022-04-15 19:57:16] - Epoch: 44
[2022-04-15 19:57:16] - training...
[2022-04-15 20:00:31] - [4.75241033 1.11017595 1.66823805] 0.3171114337737443
[2022-04-15 20:00:31] - evaluating...
[2022-04-15 20:00:49] - valid_l1 0.575924, test_l1 0.500171
[2022-04-15 20:00:49] - valid_dtw 1.718070, test_dtw 1.524375
[2022-04-15 20:00:49] - Epoch: 45
[2022-04-15 20:00:49] - training...
[2022-04-15 20:04:05] - [4.70787579 1.11501546 1.60832385] 0.3192618920977176
[2022-04-15 20:04:05] - evaluating...
[2022-04-15 20:04:22] - valid_l1 0.597304, test_l1 0.531973
[2022-04-15 20:04:22] - valid_dtw 1.868047, test_dtw 1.644958
[2022-04-15 20:04:22] - Epoch: 46
[2022-04-15 20:04:22] - training...
[2022-04-15 20:07:38] - [4.63221949 1.09144124 1.66134426] 0.31068018709494
[2022-04-15 20:07:38] - evaluating...
[2022-04-15 20:07:56] - valid_l1 0.476555, test_l1 0.486496
[2022-04-15 20:07:56] - valid_dtw 1.435887, test_dtw 1.471300
[2022-04-15 20:07:56] - Epoch: 47
[2022-04-15 20:07:56] - training...
[2022-04-15 20:11:12] - [4.80784125 1.09025483 1.67763605] 0.3133374117037223
[2022-04-15 20:11:12] - evaluating...
[2022-04-15 20:11:30] - valid_l1 0.507242, test_l1 0.478414
[2022-04-15 20:11:30] - valid_dtw 1.629500, test_dtw 1.503889
[2022-04-15 20:11:30] - Epoch: 48
[2022-04-15 20:11:30] - training...
[2022-04-15 20:14:46] - [4.50731869 1.04751434 1.61326135] 0.30591961781420757
[2022-04-15 20:14:46] - evaluating...
[2022-04-15 20:15:03] - valid_l1 0.613319, test_l1 0.538076
[2022-04-15 20:15:03] - valid_dtw 1.863041, test_dtw 1.652158
[2022-04-15 20:15:03] - Epoch: 49
[2022-04-15 20:15:03] - training...
[2022-04-15 20:18:19] - [4.70874105 1.12170966 1.63354941] 0.32106197588756435
[2022-04-15 20:18:19] - evaluating...
[2022-04-15 20:18:37] - valid_l1 0.546745, test_l1 0.508621
[2022-04-15 20:18:37] - valid_dtw 1.734136, test_dtw 1.576124
[2022-04-15 20:18:37] - Epoch: 50
[2022-04-15 20:18:37] - training...
[2022-04-15 20:21:52] - [4.69661076 1.1148473  1.61993829] 0.3260347358382761
[2022-04-15 20:21:52] - evaluating...
[2022-04-15 20:22:10] - valid_l1 0.528454, test_l1 0.540847
[2022-04-15 20:22:10] - valid_dtw 1.672603, test_dtw 1.694212
[2022-04-15 20:22:10] - Epoch: 51
[2022-04-15 20:22:10] - training...
[2022-04-15 20:25:25] - [4.42162139 1.01738393 1.64799566] 0.3032442075040763
[2022-04-15 20:25:25] - evaluating...
[2022-04-15 20:25:43] - valid_l1 0.571492, test_l1 0.466103
[2022-04-15 20:25:43] - valid_dtw 1.792158, test_dtw 1.517680
[2022-04-15 20:25:43] - Epoch: 52
[2022-04-15 20:25:43] - training...
[2022-04-15 20:28:59] - [4.74851351 1.09543639 1.67246997] 0.3214552170651147
[2022-04-15 20:28:59] - evaluating...
[2022-04-15 20:29:16] - valid_l1 0.590348, test_l1 0.579306
[2022-04-15 20:29:16] - valid_dtw 1.813296, test_dtw 1.756380
[2022-04-15 20:29:16] - Epoch: 53
[2022-04-15 20:29:16] - training...
[2022-04-15 20:32:32] - [4.83323213 1.19106143 1.68283481] 0.3369562996526411
[2022-04-15 20:32:32] - evaluating...
[2022-04-15 20:32:50] - valid_l1 0.613313, test_l1 0.578581
[2022-04-15 20:32:50] - valid_dtw 1.829201, test_dtw 1.736062
[2022-04-15 20:32:50] - Epoch: 54
[2022-04-15 20:32:50] - training...
[2022-04-15 20:36:06] - [4.87775527 1.16512858 1.64256524] 0.3329425533420105
[2022-04-15 20:36:06] - evaluating...
[2022-04-15 20:36:24] - valid_l1 0.471156, test_l1 0.463996
[2022-04-15 20:36:24] - valid_dtw 1.505904, test_dtw 1.430678
[2022-04-15 20:36:24] - Epoch: 55
[2022-04-15 20:36:24] - training...
[2022-04-15 20:39:42] - [4.53223442 1.06591106 1.64841527] 0.3126844099754726
[2022-04-15 20:39:42] - evaluating...
[2022-04-15 20:40:00] - valid_l1 0.494424, test_l1 0.490279
[2022-04-15 20:40:00] - valid_dtw 1.586504, test_dtw 1.525294
[2022-04-15 20:40:00] - Epoch: 56
[2022-04-15 20:40:00] - training...
[2022-04-15 20:43:20] - [4.61020978 1.06885846 1.62846147] 0.3115876783379499
[2022-04-15 20:43:20] - evaluating...
[2022-04-15 20:43:38] - valid_l1 0.588542, test_l1 0.504162
[2022-04-15 20:43:38] - valid_dtw 1.832372, test_dtw 1.554976
[2022-04-15 20:43:38] - Epoch: 57
[2022-04-15 20:43:38] - training...
[2022-04-15 20:47:02] - [4.7502608  1.14335203 1.67329064] 0.3277944882029748
[2022-04-15 20:47:02] - evaluating...
[2022-04-15 20:47:20] - valid_l1 0.604521, test_l1 0.530863
[2022-04-15 20:47:20] - valid_dtw 1.856361, test_dtw 1.599266
[2022-04-15 20:47:20] - Epoch: 58
[2022-04-15 20:47:20] - training...
[2022-04-15 20:50:42] - [4.76109676 1.07313857 1.66856073] 0.3140172048759176
[2022-04-15 20:50:42] - evaluating...
[2022-04-15 20:51:00] - valid_l1 0.574404, test_l1 0.508530
[2022-04-15 20:51:00] - valid_dtw 1.706497, test_dtw 1.516552
[2022-04-15 20:51:00] - Epoch: 59
[2022-04-15 20:51:00] - training...
[2022-04-15 20:54:17] - [4.70184826 1.13039003 1.68374581] 0.3216523112598723
[2022-04-15 20:54:17] - evaluating...
[2022-04-15 20:54:35] - valid_l1 0.484658, test_l1 0.445447
[2022-04-15 20:54:35] - valid_dtw 1.470331, test_dtw 1.382240
[2022-04-15 20:54:35] - Epoch: 60
[2022-04-15 20:54:35] - training...
[2022-04-15 20:58:02] - [4.83638568 1.11657954 1.65155692] 0.3219157127793962
[2022-04-15 20:58:02] - evaluating...
[2022-04-15 20:58:20] - valid_l1 0.463031, test_l1 0.480725
[2022-04-15 20:58:20] - valid_dtw 1.422933, test_dtw 1.465991
[2022-04-15 20:58:20] - Epoch: 61
[2022-04-15 20:58:20] - training...
[2022-04-15 21:01:38] - [4.74961083 1.05854165 1.65423474] 0.31041488881971013
[2022-04-15 21:01:38] - evaluating...
[2022-04-15 21:01:56] - valid_l1 0.485664, test_l1 0.489978
[2022-04-15 21:01:56] - valid_dtw 1.431882, test_dtw 1.464142
[2022-04-15 21:01:56] - Epoch: 62
[2022-04-15 21:01:56] - training...
[2022-04-15 21:05:14] - [4.68589852 1.15319357 1.62905344] 0.3307355424686267
[2022-04-15 21:05:14] - evaluating...
[2022-04-15 21:05:32] - valid_l1 0.604102, test_l1 0.559861
[2022-04-15 21:05:32] - valid_dtw 1.777015, test_dtw 1.676247
[2022-04-15 21:05:32] - Epoch: 63
[2022-04-15 21:05:32] - training...
[2022-04-15 21:08:54] - [4.79896737 1.16973635 1.64909777] 0.3328875114283512
[2022-04-15 21:08:54] - evaluating...
[2022-04-15 21:09:12] - valid_l1 0.575160, test_l1 0.563625
[2022-04-15 21:09:12] - valid_dtw 1.757904, test_dtw 1.698426
[2022-04-15 21:09:12] - Epoch: 64
[2022-04-15 21:09:12] - training...
[2022-04-15 21:12:30] - [4.66998014 1.07206945 1.65416279] 0.31498794664036145
[2022-04-15 21:12:30] - evaluating...
[2022-04-15 21:12:48] - valid_l1 0.503057, test_l1 0.506642
[2022-04-15 21:12:48] - valid_dtw 1.503477, test_dtw 1.554723
[2022-04-15 21:12:48] - Epoch: 65
[2022-04-15 21:12:48] - training...
[2022-04-15 21:16:04] - [4.55648563 1.04184646 1.61272234] 0.31419435971806553
[2022-04-15 21:16:04] - evaluating...
[2022-04-15 21:16:22] - valid_l1 0.563694, test_l1 0.518548
[2022-04-15 21:16:22] - valid_dtw 1.746676, test_dtw 1.596573
[2022-04-15 21:16:22] - Epoch: 66
[2022-04-15 21:16:22] - training...
[2022-04-15 21:19:39] - [4.59999671 1.04264213 1.61883817] 0.31644248846923895
[2022-04-15 21:19:39] - evaluating...
[2022-04-15 21:19:57] - valid_l1 0.616996, test_l1 0.574841
[2022-04-15 21:19:57] - valid_dtw 1.917058, test_dtw 1.767340
[2022-04-15 21:19:57] - Epoch: 67
[2022-04-15 21:19:57] - training...
[2022-04-15 21:23:14] - [4.86831902 1.097354   1.65450754] 0.32344014067674715
[2022-04-15 21:23:14] - evaluating...
[2022-04-15 21:23:31] - valid_l1 0.652400, test_l1 0.573688
[2022-04-15 21:23:31] - valid_dtw 1.950740, test_dtw 1.696273
[2022-04-15 21:23:31] - Epoch: 68
[2022-04-15 21:23:31] - training...
[2022-04-15 21:26:49] - [4.64548078 1.06316106 1.64175321] 0.31477333229984505
[2022-04-15 21:26:49] - evaluating...
[2022-04-15 21:27:07] - valid_l1 0.615205, test_l1 0.566336
[2022-04-15 21:27:07] - valid_dtw 1.821402, test_dtw 1.716852
[2022-04-15 21:27:07] - Epoch: 69
[2022-04-15 21:27:07] - training...
[2022-04-15 21:30:27] - [4.84701975 1.08267674 1.64872392] 0.31976451228432434
[2022-04-15 21:30:27] - evaluating...
[2022-04-15 21:30:45] - valid_l1 0.598495, test_l1 0.559959
[2022-04-15 21:30:45] - valid_dtw 1.829191, test_dtw 1.728725
[2022-04-15 21:30:45] - Epoch: 70
[2022-04-15 21:30:45] - training...
[2022-04-15 21:34:09] - [4.77661467 1.12440235 1.63936254] 0.32407786729349997
[2022-04-15 21:34:09] - evaluating...
[2022-04-15 21:34:27] - valid_l1 0.485458, test_l1 0.472987
[2022-04-15 21:34:27] - valid_dtw 1.543495, test_dtw 1.499696
[2022-04-15 21:34:27] - Epoch: 71
[2022-04-15 21:34:27] - training...
[2022-04-15 21:37:52] - [4.77442114 1.12517479 1.67803609] 0.3232065050372779
[2022-04-15 21:37:52] - evaluating...
[2022-04-15 21:38:10] - valid_l1 0.534571, test_l1 0.483509
[2022-04-15 21:38:10] - valid_dtw 1.675206, test_dtw 1.474048
[2022-04-15 21:38:10] - Epoch: 72
[2022-04-15 21:38:10] - training...
[2022-04-15 21:41:28] - [5.50573971 1.37102698 1.69240542] 0.35579187033251036
[2022-04-15 21:41:28] - evaluating...
[2022-04-15 21:41:46] - valid_l1 0.503200, test_l1 0.530367
[2022-04-15 21:41:46] - valid_dtw 1.434379, test_dtw 1.531903
[2022-04-15 21:41:46] - Epoch: 73
[2022-04-15 21:41:46] - training...
[2022-04-15 21:44:59] - [4.93265538 1.16780433 1.66086914] 0.32977909167281916
[2022-04-15 21:44:59] - evaluating...
[2022-04-15 21:45:16] - valid_l1 0.581936, test_l1 0.518249
[2022-04-15 21:45:16] - valid_dtw 1.770260, test_dtw 1.563460
[2022-04-15 21:45:16] - Epoch: 74
[2022-04-15 21:45:16] - training...
[2022-04-15 21:48:30] - [4.92848378 1.15518781 1.65078656] 0.32963656379817674
[2022-04-15 21:48:30] - evaluating...
[2022-04-15 21:48:48] - valid_l1 0.613648, test_l1 0.520519
[2022-04-15 21:48:48] - valid_dtw 1.828549, test_dtw 1.539855
[2022-04-15 21:48:48] - Epoch: 75
[2022-04-15 21:48:48] - training...
[2022-04-15 21:52:02] - [4.9952705  1.23201027 1.68977835] 0.3327089213889686
[2022-04-15 21:52:02] - evaluating...
[2022-04-15 21:52:19] - valid_l1 0.593343, test_l1 0.582001
[2022-04-15 21:52:19] - valid_dtw 1.826045, test_dtw 1.774528
[2022-04-15 21:52:19] - Epoch: 76
[2022-04-15 21:52:19] - training...
[2022-04-15 21:55:33] - [4.71168126 1.14584775 1.707126  ] 0.3261736856798479
[2022-04-15 21:55:33] - evaluating...
[2022-04-15 21:55:50] - valid_l1 0.536152, test_l1 0.514760
[2022-04-15 21:55:50] - valid_dtw 1.709064, test_dtw 1.626690
[2022-04-15 21:55:50] - Epoch: 77
[2022-04-15 21:55:50] - training...
[2022-04-15 21:59:05] - [4.88194197 1.18519111 1.71131062] 0.3332249739619552
[2022-04-15 21:59:05] - evaluating...
[2022-04-15 21:59:22] - valid_l1 0.520690, test_l1 0.501579
[2022-04-15 21:59:22] - valid_dtw 1.642732, test_dtw 1.503080
[2022-04-15 21:59:22] - Epoch: 78
[2022-04-15 21:59:22] - training...
[2022-04-15 22:02:36] - [4.81414883 1.15856382 1.70225137] 0.329906979767292
[2022-04-15 22:02:36] - evaluating...
[2022-04-15 22:02:54] - valid_l1 0.538208, test_l1 0.513457
[2022-04-15 22:02:54] - valid_dtw 1.684678, test_dtw 1.538944
[2022-04-15 22:02:54] - Epoch: 79
[2022-04-15 22:02:54] - training...
[2022-04-15 22:06:07] - [4.8180583  1.13022347 1.69181474] 0.32521445358563467
[2022-04-15 22:06:08] - evaluating...
[2022-04-15 22:06:25] - valid_l1 0.602899, test_l1 0.543448
[2022-04-15 22:06:25] - valid_dtw 1.820382, test_dtw 1.604180
[2022-04-15 22:06:25] - Epoch: 80
[2022-04-15 22:06:25] - training...
[2022-04-15 22:09:39] - [4.67168594 1.088894   1.68446888] 0.3156727915726902
[2022-04-15 22:09:39] - evaluating...
[2022-04-15 22:09:57] - valid_l1 0.530448, test_l1 0.479856
[2022-04-15 22:09:57] - valid_dtw 1.632495, test_dtw 1.450712
[2022-04-15 22:09:57] - Epoch: 81
[2022-04-15 22:09:57] - training...
[2022-04-15 22:13:11] - [4.58372986 1.0848016  1.68893304] 0.31588014123070257
[2022-04-15 22:13:11] - evaluating...
[2022-04-15 22:13:29] - valid_l1 0.609311, test_l1 0.575135
[2022-04-15 22:13:29] - valid_dtw 1.797441, test_dtw 1.682318
[2022-04-15 22:13:29] - Epoch: 82
[2022-04-15 22:13:29] - training...
[2022-04-15 22:16:43] - [4.81759784 1.14962644 1.65744432] 0.3256265634973429
[2022-04-15 22:16:43] - evaluating...
[2022-04-15 22:17:01] - valid_l1 0.487923, test_l1 0.450699
[2022-04-15 22:17:01] - valid_dtw 1.554529, test_dtw 1.399521
[2022-04-15 22:17:01] - Epoch: 83
[2022-04-15 22:17:01] - training...
[2022-04-15 22:20:14] - [4.72640642 1.09995998 1.61631888] 0.31863313586896647
[2022-04-15 22:20:15] - evaluating...
[2022-04-15 22:20:32] - valid_l1 0.560298, test_l1 0.530454
[2022-04-15 22:20:32] - valid_dtw 1.802122, test_dtw 1.646444
[2022-04-15 22:20:32] - Epoch: 84
[2022-04-15 22:20:32] - training...
[2022-04-15 22:23:46] - [5.04694453 1.19241031 1.65651331] 0.33519078415836556
[2022-04-15 22:23:46] - evaluating...
[2022-04-15 22:24:04] - valid_l1 0.590120, test_l1 0.544833
[2022-04-15 22:24:04] - valid_dtw 1.757986, test_dtw 1.630038
[2022-04-15 22:24:04] - Epoch: 85
[2022-04-15 22:24:04] - training...
[2022-04-15 22:27:18] - [4.8184016  1.1260018  1.63842074] 0.3258431604029347
[2022-04-15 22:27:18] - evaluating...
[2022-04-15 22:27:35] - valid_l1 0.536923, test_l1 0.539643
[2022-04-15 22:27:35] - valid_dtw 1.589051, test_dtw 1.577431
[2022-04-15 22:27:35] - Epoch: 86
[2022-04-15 22:27:35] - training...
[2022-04-15 22:30:49] - [4.96940452 1.11941952 1.62141371] 0.32477077237717616
[2022-04-15 22:30:50] - evaluating...
[2022-04-15 22:31:07] - valid_l1 0.660566, test_l1 0.582779
[2022-04-15 22:31:07] - valid_dtw 1.905360, test_dtw 1.686165
[2022-04-15 22:31:07] - Epoch: 87
[2022-04-15 22:31:07] - training...
[2022-04-15 22:34:21] - [4.74998479 1.10061931 1.61740817] 0.3146111413547783
[2022-04-15 22:34:21] - evaluating...
[2022-04-15 22:34:39] - valid_l1 0.513311, test_l1 0.482407
[2022-04-15 22:34:39] - valid_dtw 1.551732, test_dtw 1.415923
[2022-04-15 22:34:39] - Epoch: 88
[2022-04-15 22:34:39] - training...
[2022-04-15 22:37:53] - [4.65951608 1.09316844 1.61724611] 0.3164813333758654
[2022-04-15 22:37:53] - evaluating...
[2022-04-15 22:38:10] - valid_l1 0.504525, test_l1 0.523959
[2022-04-15 22:38:10] - valid_dtw 1.544143, test_dtw 1.567632
[2022-04-15 22:38:10] - Epoch: 89
[2022-04-15 22:38:10] - training...
[2022-04-15 22:41:25] - [4.68657319 1.09553306 1.61080841] 0.320507085270036
[2022-04-15 22:41:25] - evaluating...
[2022-04-15 22:41:42] - valid_l1 0.491091, test_l1 0.401945
[2022-04-15 22:41:42] - valid_dtw 1.530876, test_dtw 1.201365
[2022-04-15 22:41:42] - Epoch: 90
[2022-04-15 22:41:42] - training...
[2022-04-15 22:44:57] - [4.65490651 1.12565965 1.60367924] 0.3259882902290711
[2022-04-15 22:44:57] - evaluating...
[2022-04-15 22:45:14] - valid_l1 0.548055, test_l1 0.530396
[2022-04-15 22:45:14] - valid_dtw 1.703871, test_dtw 1.560661
[2022-04-15 22:45:14] - Epoch: 91
[2022-04-15 22:45:14] - training...
[2022-04-15 22:48:28] - [5.12762386 1.16492378 1.61182016] 0.3338132944574299
[2022-04-15 22:48:28] - evaluating...
[2022-04-15 22:48:46] - valid_l1 0.687857, test_l1 0.528509
[2022-04-15 22:48:46] - valid_dtw 2.031358, test_dtw 1.537620
[2022-04-15 22:48:46] - Epoch: 92
[2022-04-15 22:48:46] - training...
[2022-04-15 22:52:00] - [4.64024563 1.07709399 1.59367578] 0.31842131985992683
[2022-04-15 22:52:00] - evaluating...
[2022-04-15 22:52:18] - valid_l1 0.563844, test_l1 0.477351
[2022-04-15 22:52:18] - valid_dtw 1.759095, test_dtw 1.443312
[2022-04-15 22:52:18] - Epoch: 93
[2022-04-15 22:52:18] - training...
[2022-04-15 22:55:32] - [4.76115774 1.14521975 1.59009912] 0.33205441697521465
[2022-04-15 22:55:32] - evaluating...
[2022-04-15 22:55:49] - valid_l1 0.550885, test_l1 0.524558
[2022-04-15 22:55:49] - valid_dtw 1.722480, test_dtw 1.577385
[2022-04-15 22:55:49] - Epoch: 94
[2022-04-15 22:55:49] - training...
[2022-04-15 22:59:03] - [4.7192055  1.12552793 1.58873934] 0.3287776082132328
[2022-04-15 22:59:03] - evaluating...
[2022-04-15 22:59:21] - valid_l1 0.651911, test_l1 0.578780
[2022-04-15 22:59:21] - valid_dtw 1.949917, test_dtw 1.687917
[2022-04-15 22:59:21] - Epoch: 95
[2022-04-15 22:59:21] - training...
[2022-04-15 23:02:35] - [4.52209309 1.03899506 1.5687955 ] 0.3092652777357002
[2022-04-15 23:02:35] - evaluating...
[2022-04-15 23:02:53] - valid_l1 0.588708, test_l1 0.488646
[2022-04-15 23:02:53] - valid_dtw 1.761212, test_dtw 1.461163
[2022-04-15 23:02:53] - Epoch: 96
[2022-04-15 23:02:53] - training...
[2022-04-15 23:06:07] - [4.77106876 1.1702015  1.59536018] 0.34024563376221323
[2022-04-15 23:06:07] - evaluating...
[2022-04-15 23:06:25] - valid_l1 0.593720, test_l1 0.489095
[2022-04-15 23:06:25] - valid_dtw 1.796640, test_dtw 1.449068
[2022-04-15 23:06:25] - Epoch: 97
[2022-04-15 23:06:25] - training...
[2022-04-15 23:09:39] - [4.87670136 1.14026645 1.57701334] 0.33206612964323134
[2022-04-15 23:09:39] - evaluating...
[2022-04-15 23:09:56] - valid_l1 0.601579, test_l1 0.552745
[2022-04-15 23:09:56] - valid_dtw 1.826455, test_dtw 1.657113
[2022-04-15 23:09:56] - Epoch: 98
[2022-04-15 23:09:56] - training...
[2022-04-15 23:13:19] - [4.61486371 1.06210703 1.56188005] 0.31372866316541653
[2022-04-15 23:13:19] - evaluating...
[2022-04-15 23:13:37] - valid_l1 0.591122, test_l1 0.510805
[2022-04-15 23:13:37] - valid_dtw 1.816765, test_dtw 1.565343
[2022-04-15 23:13:37] - Epoch: 99
[2022-04-15 23:13:37] - training...
[2022-04-15 23:16:51] - [4.63075092 1.10112721 1.5694602 ] 0.3245578449547024
[2022-04-15 23:16:51] - evaluating...
[2022-04-15 23:17:09] - valid_l1 0.525423, test_l1 0.495681
[2022-04-15 23:17:09] - valid_dtw 1.603467, test_dtw 1.505966
[2022-04-15 23:17:09] - Epoch: 100
[2022-04-15 23:17:09] - training...
[2022-04-15 23:20:24] - [4.7029259  1.08715917 1.58195196] 0.3229601941947255
[2022-04-15 23:20:24] - evaluating...
[2022-04-15 23:20:42] - valid_l1 0.521770, test_l1 0.501904
[2022-04-15 23:20:42] - valid_dtw 1.620383, test_dtw 1.539709
[2022-04-15 23:20:42] - Epoch: 101
[2022-04-15 23:20:42] - training...
[2022-04-15 23:23:57] - [4.67132136 1.10285796 1.54675352] 0.3299190122217784
[2022-04-15 23:23:57] - evaluating...
[2022-04-15 23:24:14] - valid_l1 0.616794, test_l1 0.489035
[2022-04-15 23:24:14] - valid_dtw 1.844396, test_dtw 1.449053
[2022-04-15 23:24:14] - Epoch: 102
[2022-04-15 23:24:14] - training...
[2022-04-15 23:27:29] - [5.02941662 1.20246652 1.5653623 ] 0.3447734995144135
[2022-04-15 23:27:29] - evaluating...
[2022-04-15 23:27:47] - valid_l1 0.568458, test_l1 0.496652
[2022-04-15 23:27:47] - valid_dtw 1.680984, test_dtw 1.429457
[2022-04-15 23:27:47] - Epoch: 103
[2022-04-15 23:27:47] - training...
[2022-04-15 23:31:02] - [4.69402018 1.17248403 1.6080068 ] 0.33574760544229015
[2022-04-15 23:31:02] - evaluating...
[2022-04-15 23:31:20] - valid_l1 0.587299, test_l1 0.485303
[2022-04-15 23:31:20] - valid_dtw 1.710793, test_dtw 1.406339
[2022-04-15 23:31:20] - Epoch: 104
[2022-04-15 23:31:20] - training...
[2022-04-15 23:34:36] - [4.70956973 1.10283313 1.59914102] 0.3212724347139435
[2022-04-15 23:34:36] - evaluating...
[2022-04-15 23:34:53] - valid_l1 0.553436, test_l1 0.512002
[2022-04-15 23:34:53] - valid_dtw 1.682919, test_dtw 1.552115
[2022-04-15 23:34:53] - Epoch: 105
[2022-04-15 23:34:53] - training...
[2022-04-15 23:38:08] - [4.84020001 1.13971094 1.63005188] 0.3290995668769771
[2022-04-15 23:38:08] - evaluating...
[2022-04-15 23:38:26] - valid_l1 0.583142, test_l1 0.550737
[2022-04-15 23:38:26] - valid_dtw 1.736501, test_dtw 1.605596
[2022-04-15 23:38:26] - Epoch: 106
[2022-04-15 23:38:26] - training...
[2022-04-15 23:41:41] - [4.87373648 1.18269771 1.63511342] 0.3334817372251374
[2022-04-15 23:41:42] - evaluating...
[2022-04-15 23:41:59] - valid_l1 0.578013, test_l1 0.562293
[2022-04-15 23:41:59] - valid_dtw 1.765952, test_dtw 1.670867
[2022-04-15 23:41:59] - Epoch: 107
[2022-04-15 23:41:59] - training...
[2022-04-15 23:45:14] - [4.58048793 1.0647949  1.63166125] 0.30790159334990735
[2022-04-15 23:45:14] - evaluating...
[2022-04-15 23:45:32] - valid_l1 0.511294, test_l1 0.541842
[2022-04-15 23:45:32] - valid_dtw 1.609893, test_dtw 1.648825
[2022-04-15 23:45:32] - Epoch: 108
[2022-04-15 23:45:32] - training...
[2022-04-15 23:48:47] - [4.73603799 1.11101484 1.62692478] 0.3206893362204826
[2022-04-15 23:48:47] - evaluating...
[2022-04-15 23:49:05] - valid_l1 0.561016, test_l1 0.556739
[2022-04-15 23:49:05] - valid_dtw 1.712575, test_dtw 1.684859
[2022-04-15 23:49:05] - Epoch: 109
[2022-04-15 23:49:05] - training...
[2022-04-15 23:52:19] - [4.7917668  1.11314526 1.61727048] 0.322868946456696
[2022-04-15 23:52:19] - evaluating...
[2022-04-15 23:52:37] - valid_l1 0.600348, test_l1 0.565172
[2022-04-15 23:52:37] - valid_dtw 1.865100, test_dtw 1.684596
[2022-04-15 23:52:37] - Epoch: 110
[2022-04-15 23:52:37] - training...
[2022-04-15 23:55:53] - [4.88046667 1.15580797 1.629173  ] 0.3397391579056994
[2022-04-15 23:55:53] - evaluating...
[2022-04-15 23:56:11] - valid_l1 0.586492, test_l1 0.555516
[2022-04-15 23:56:11] - valid_dtw 1.755426, test_dtw 1.604958
[2022-04-15 23:56:11] - Epoch: 111
[2022-04-15 23:56:11] - training...
[2022-04-15 23:59:26] - [5.03396068 1.20590456 1.63071012] 0.34338788952450816
[2022-04-15 23:59:26] - evaluating...
[2022-04-15 23:59:43] - valid_l1 0.577074, test_l1 0.544614
[2022-04-15 23:59:43] - valid_dtw 1.720614, test_dtw 1.597960
[2022-04-15 23:59:43] - Epoch: 112
[2022-04-15 23:59:43] - training...
[2022-04-16 00:02:59] - [4.83032776 1.14771119 1.6395329 ] 0.3314550632025197
[2022-04-16 00:03:00] - evaluating...
[2022-04-16 00:03:17] - valid_l1 0.528379, test_l1 0.508344
[2022-04-16 00:03:17] - valid_dtw 1.574030, test_dtw 1.505276
[2022-04-16 00:03:17] - Epoch: 113
[2022-04-16 00:03:17] - training...
[2022-04-16 00:06:33] - [4.56866446 1.05748162 1.5760412 ] 0.31432680041708283
[2022-04-16 00:06:33] - evaluating...
[2022-04-16 00:06:51] - valid_l1 0.591392, test_l1 0.546655
[2022-04-16 00:06:51] - valid_dtw 1.726643, test_dtw 1.619499
[2022-04-16 00:06:51] - Epoch: 114
[2022-04-16 00:06:51] - training...
[2022-04-16 00:10:06] - [4.663383   1.08926126 1.59382944] 0.3185713709555511
[2022-04-16 00:10:06] - evaluating...
[2022-04-16 00:10:24] - valid_l1 0.591669, test_l1 0.593392
[2022-04-16 00:10:24] - valid_dtw 1.767452, test_dtw 1.771556
[2022-04-16 00:10:24] - Epoch: 115
[2022-04-16 00:10:24] - training...
[2022-04-16 00:13:39] - [4.60512306 1.04828238 1.58285557] 0.31283945811221214
[2022-04-16 00:13:39] - evaluating...
[2022-04-16 00:13:57] - valid_l1 0.630877, test_l1 0.579754
[2022-04-16 00:13:57] - valid_dtw 1.915130, test_dtw 1.685102
[2022-04-16 00:13:57] - Epoch: 116
[2022-04-16 00:13:57] - training...
[2022-04-16 00:17:12] - [4.72026898 1.11845826 1.55326377] 0.32647042969122375
[2022-04-16 00:17:12] - evaluating...
[2022-04-16 00:17:30] - valid_l1 0.583780, test_l1 0.557706
[2022-04-16 00:17:30] - valid_dtw 1.739499, test_dtw 1.660355
[2022-04-16 00:17:30] - Epoch: 117
[2022-04-16 00:17:30] - training...
[2022-04-16 00:20:45] - [4.64876197 1.10724803 1.5000951 ] 0.32691051210269845
[2022-04-16 00:20:45] - evaluating...
[2022-04-16 00:21:03] - valid_l1 0.608997, test_l1 0.532693
[2022-04-16 00:21:03] - valid_dtw 1.799964, test_dtw 1.569216
[2022-04-16 00:21:03] - Epoch: 118
[2022-04-16 00:21:03] - training...
[2022-04-16 00:24:18] - [4.67695298 1.0945835  1.56015606] 0.31893674307537506
[2022-04-16 00:24:18] - evaluating...
[2022-04-16 00:24:35] - valid_l1 0.623505, test_l1 0.568431
[2022-04-16 00:24:35] - valid_dtw 1.761632, test_dtw 1.618370
[2022-04-16 00:24:35] - Epoch: 119
[2022-04-16 00:24:35] - training...
[2022-04-16 00:27:51] - [4.76185886 1.12502561 1.53048326] 0.32847197955660246
[2022-04-16 00:27:51] - evaluating...
[2022-04-16 00:28:09] - valid_l1 0.626686, test_l1 0.581592
[2022-04-16 00:28:09] - valid_dtw 1.834972, test_dtw 1.718969
[2022-04-16 00:28:09] - Epoch: 120
[2022-04-16 00:28:09] - training...
[2022-04-16 00:31:24] - [4.83231924 1.0978843  1.53187144] 0.3180681161038389
[2022-04-16 00:31:24] - evaluating...
[2022-04-16 00:31:42] - valid_l1 0.485012, test_l1 0.479386
[2022-04-16 00:31:42] - valid_dtw 1.437116, test_dtw 1.453238
[2022-04-16 00:31:42] - Epoch: 121
[2022-04-16 00:31:42] - training...
[2022-04-16 00:34:58] - [4.82315215 1.11232654 1.52975849] 0.3263734333472529
[2022-04-16 00:34:58] - evaluating...
[2022-04-16 00:35:16] - valid_l1 0.545007, test_l1 0.517849
[2022-04-16 00:35:16] - valid_dtw 1.601426, test_dtw 1.532392
[2022-04-16 00:35:16] - early stop
[2022-04-16 00:35:16] - best val score: 0.4341150573454797 @ 61
[2022-04-16 00:35:16] - inference...
[2022-04-16 00:35:33] - MSE: train 0.938994, valid 0.447209, test 0.474243
[2022-04-16 00:35:33] - L1:  train 0.682103, valid 0.483738, test 0.491256
[2022-04-16 00:35:33] - RMSE: train 0.859929, valid 0.602844, test 0.618210
[2022-04-16 00:35:33] - DTW: train 2.111704, valid 1.442025, test 1.469938
[2022-04-16 00:35:33] - TDI: train 0.279600, valid 0.263984, test 0.257392
[2022-04-16 00:35:33] - Finished.
[2022-04-16 11:29:19] - create model_king...
[2022-04-16 11:29:19] - Epoch: 0
[2022-04-16 11:29:19] - training...
