[2022-04-12 15:02:46] - create model_king...
[2022-04-12 15:02:46] - Epoch: 0
[2022-04-12 15:02:46] - training...
[2022-04-12 15:11:51] - create model_king...
[2022-04-12 15:11:51] - Epoch: 0
[2022-04-12 15:11:51] - training...
[2022-04-12 15:19:49] - create model_king...
[2022-04-12 15:19:49] - Epoch: 0
[2022-04-12 15:19:49] - training...
[2022-04-12 15:23:48] - create model_king...
[2022-04-12 15:23:48] - Epoch: 0
[2022-04-12 15:23:48] - training...
[2022-04-12 15:24:28] - create model_king...
[2022-04-12 15:24:28] - Epoch: 0
[2022-04-12 15:24:28] - training...
[2022-04-12 15:24:51] - create model_king...
[2022-04-12 15:24:51] - Epoch: 0
[2022-04-12 15:24:51] - training...
[2022-04-12 15:26:40] - create model_king...
[2022-04-12 15:26:40] - Epoch: 0
[2022-04-12 15:26:40] - training...
[2022-04-12 15:28:44] - create model_king...
[2022-04-12 15:28:44] - Epoch: 0
[2022-04-12 15:28:44] - training...
[2022-04-12 15:30:24] - create model_king...
[2022-04-12 15:30:24] - Epoch: 0
[2022-04-12 15:30:24] - training...
[2022-04-12 15:31:14] - create model_king...
[2022-04-12 15:31:14] - Epoch: 0
[2022-04-12 15:31:14] - training...
[2022-04-12 15:32:46] - create model_king...
[2022-04-12 15:32:46] - Epoch: 0
[2022-04-12 15:32:46] - training...
[2022-04-12 15:34:42] - create model_king...
[2022-04-12 15:34:42] - Epoch: 0
[2022-04-12 15:34:42] - training...
[2022-04-12 15:34:49] - create model_king...
[2022-04-12 15:34:49] - Epoch: 0
[2022-04-12 15:34:49] - training...
[2022-04-12 15:48:17] - create model_king...
[2022-04-12 15:52:00] - create model_king...
[2022-04-12 15:52:14] - create model_king...
[2022-04-12 15:52:47] - create model_king...
[2022-04-12 15:52:56] - create model_king...
[2022-04-12 15:52:56] - Epoch: 0
[2022-04-12 15:52:56] - training...
[2022-04-12 15:53:45] - create model_king...
[2022-04-12 15:53:45] - Epoch: 0
[2022-04-12 15:53:45] - training...
[2022-04-12 15:54:05] - [1.71731941e+00 1.97520086e-01 2.58862471e-09] 0.18163611074643476
[2022-04-12 15:54:05] - evaluating...
[2022-04-12 15:54:09] - valid_l1 0.166377, test_l1 0.091030
[2022-04-12 15:54:09] - valid_dtw 0.431440, test_dtw 0.242492
[2022-04-12 15:54:09] - Epoch: 1
[2022-04-12 15:54:09] - training...
[2022-04-12 15:54:28] - [-1.04711218e+00 -1.97649162e-01 -2.13767467e-09] 0.10982194183660406
[2022-04-12 15:54:28] - evaluating...
[2022-04-12 15:54:31] - valid_l1 0.114844, test_l1 0.091678
[2022-04-12 15:54:31] - valid_dtw 0.298686, test_dtw 0.240541
[2022-04-12 15:54:31] - Epoch: 2
[2022-04-12 15:54:31] - training...
[2022-04-12 15:54:50] - [-1.27776392e+00 -1.97178859e-01 -5.92135449e-09] 0.11782952078751155
[2022-04-12 15:54:50] - evaluating...
[2022-04-12 15:54:54] - valid_l1 0.111818, test_l1 0.073902
[2022-04-12 15:54:54] - valid_dtw 0.290375, test_dtw 0.192904
[2022-04-12 15:54:54] - Epoch: 3
[2022-04-12 15:54:54] - training...
[2022-04-12 15:55:14] - [-1.80465850e+00 -2.61204259e-01 -2.13648859e-09] 0.09487929501171623
[2022-04-12 15:55:14] - evaluating...
[2022-04-12 15:55:18] - valid_l1 0.112971, test_l1 0.068680
[2022-04-12 15:55:18] - valid_dtw 0.294987, test_dtw 0.175410
[2022-04-12 15:55:18] - Epoch: 4
[2022-04-12 15:55:18] - training...
[2022-04-12 15:55:36] - [-2.33284904e+00 -3.06956232e-01 -7.24329999e-09] 0.07701409674648728
[2022-04-12 15:55:36] - evaluating...
[2022-04-12 15:55:40] - valid_l1 0.082258, test_l1 0.061601
[2022-04-12 15:55:40] - valid_dtw 0.225062, test_dtw 0.160690
[2022-04-12 15:55:40] - Epoch: 5
[2022-04-12 15:55:40] - training...
[2022-04-12 15:55:59] - [-2.50591376e+00 -2.77809023e-01  8.13549236e-04] 0.08852251951715776
[2022-04-12 15:55:59] - evaluating...
[2022-04-12 15:56:02] - valid_l1 0.113390, test_l1 0.078645
[2022-04-12 15:56:02] - valid_dtw 0.305496, test_dtw 0.201489
[2022-04-12 15:56:02] - Epoch: 6
[2022-04-12 15:56:02] - training...
[2022-04-12 15:56:21] - [-2.80971417e+00 -3.29375952e-01 -4.93774523e-09] 0.06627072500331062
[2022-04-12 15:56:21] - evaluating...
[2022-04-12 15:56:25] - valid_l1 0.071731, test_l1 0.070670
[2022-04-12 15:56:25] - valid_dtw 0.203223, test_dtw 0.181264
[2022-04-12 15:56:25] - Epoch: 7
[2022-04-12 15:56:25] - training...
[2022-04-12 15:56:44] - [-2.38916119e+00 -2.67739772e-01 -4.91159258e-09] 0.08877425713996802
[2022-04-12 15:56:44] - evaluating...
[2022-04-12 15:56:48] - valid_l1 0.079856, test_l1 0.054179
[2022-04-12 15:56:48] - valid_dtw 0.226684, test_dtw 0.142683
[2022-04-12 15:56:48] - Epoch: 8
[2022-04-12 15:56:48] - training...
[2022-04-12 15:57:08] - [-2.82994978e+00 -3.15363859e-01 -2.56946666e-09] 0.07150056984807764
[2022-04-12 15:57:08] - evaluating...
[2022-04-12 15:57:13] - valid_l1 0.055335, test_l1 0.047061
[2022-04-12 15:57:13] - valid_dtw 0.166083, test_dtw 0.124780
[2022-04-12 15:57:13] - Epoch: 9
[2022-04-12 15:57:13] - training...
[2022-04-12 15:57:32] - [-2.79830799e+00 -2.98596014e-01 -2.31514649e-10] 0.08022835797497205
[2022-04-12 15:57:32] - evaluating...
[2022-04-12 15:57:36] - valid_l1 0.055370, test_l1 0.051639
[2022-04-12 15:57:36] - valid_dtw 0.170794, test_dtw 0.135156
[2022-04-12 15:57:36] - Epoch: 10
[2022-04-12 15:57:36] - training...
[2022-04-12 15:57:55] - [-2.49489750e+00 -3.01840787e-01 -3.63010815e-09] 0.07853055825190884
[2022-04-12 15:57:55] - evaluating...
[2022-04-12 15:57:59] - valid_l1 0.088603, test_l1 0.060045
[2022-04-12 15:57:59] - valid_dtw 0.245890, test_dtw 0.156313
[2022-04-12 15:57:59] - Epoch: 11
[2022-04-12 15:57:59] - training...
[2022-04-12 15:58:19] - [-2.80432745e+00 -3.24258998e-01 -6.32281100e-10] 0.06947734033954996
[2022-04-12 15:58:19] - evaluating...
[2022-04-12 15:58:24] - valid_l1 0.053135, test_l1 0.040328
[2022-04-12 15:58:24] - valid_dtw 0.163551, test_dtw 0.107255
[2022-04-12 15:58:24] - Epoch: 12
[2022-04-12 15:58:24] - training...
[2022-04-12 15:58:43] - [-2.82715410e+00 -3.28638318e-01 -5.56852713e-09] 0.06835730653256178
[2022-04-12 15:58:43] - evaluating...
[2022-04-12 15:58:47] - valid_l1 0.055285, test_l1 0.051360
[2022-04-12 15:58:47] - valid_dtw 0.154251, test_dtw 0.131947
[2022-04-12 15:58:47] - Epoch: 13
[2022-04-12 15:58:47] - training...
[2022-04-12 15:59:07] - [-2.52654326e+00 -3.20493711e-01 -8.28435772e-09] 0.06864942663482257
[2022-04-12 15:59:07] - evaluating...
[2022-04-12 15:59:11] - valid_l1 0.067972, test_l1 0.045569
[2022-04-12 15:59:11] - valid_dtw 0.197682, test_dtw 0.119548
[2022-04-12 15:59:11] - Epoch: 14
[2022-04-12 15:59:11] - training...
[2022-04-12 15:59:30] - [-2.88142318e+00 -3.34395899e-01 -4.47094373e-09] 0.06473323104104825
[2022-04-12 15:59:30] - evaluating...
[2022-04-12 15:59:34] - valid_l1 0.076377, test_l1 0.057614
[2022-04-12 15:59:34] - valid_dtw 0.216062, test_dtw 0.148690
[2022-04-12 15:59:34] - best val score: 0.006192531670852699 @ 12
[2022-04-12 15:59:34] - inference...
[2022-04-12 15:59:38] - MSE: train 0.039600, valid 0.006304, test 0.004859
[2022-04-12 15:59:38] - L1:  train 0.143334, valid 0.054865, test 0.052814
[2022-04-12 15:59:38] - RMSE: train 0.193078, valid 0.068424, test 0.064598
[2022-04-12 15:59:38] - DTW: train 0.483899, valid 0.154731, test 0.133569
[2022-04-12 15:59:38] - TDI: train 0.307971, valid 0.391710, test 0.463721
[2022-04-12 15:59:38] - Finished.
[2022-04-12 16:16:47] - create model_king...
[2022-04-12 16:17:02] - create model_king...
[2022-04-12 16:17:02] - Epoch: 0
[2022-04-12 16:17:02] - training...
[2022-04-12 16:17:23] - [ 6.38998829e+00  7.39349449e-01 -2.55448481e-09] 0.23698111071384378
[2022-04-12 16:17:23] - evaluating...
[2022-04-12 16:19:22] - create model_king...
[2022-04-12 16:19:22] - Epoch: 0
[2022-04-12 16:19:22] - training...
[2022-04-12 16:19:44] - [ 6.38998829e+00  7.39349449e-01 -2.55448481e-09] 0.23698111071384378
[2022-04-12 16:19:44] - evaluating...
[2022-04-12 16:19:48] - valid_l1 0.203046, test_l1 0.125532
[2022-04-12 16:19:48] - valid_dtw 0.529032, test_dtw 0.334542
[2022-04-12 16:19:48] - Epoch: 1
[2022-04-12 16:19:48] - training...
[2022-04-12 16:20:06] - [ 5.29913673e-02 -1.72252409e-01  4.25747437e-10] 0.11571763469172376
[2022-04-12 16:20:06] - evaluating...
[2022-04-12 16:20:10] - valid_l1 0.150337, test_l1 0.119063
[2022-04-12 16:20:10] - valid_dtw 0.391236, test_dtw 0.314677
[2022-04-12 16:20:10] - Epoch: 2
[2022-04-12 16:20:10] - training...
[2022-04-12 16:20:29] - [-6.93908382e-01 -2.04749907e-01 -7.23770685e-09] 0.10800076063190188
[2022-04-12 16:20:29] - evaluating...
[2022-04-12 16:20:33] - valid_l1 0.125574, test_l1 0.100439
[2022-04-12 16:20:33] - valid_dtw 0.326104, test_dtw 0.264072
[2022-04-12 16:20:33] - Epoch: 3
[2022-04-12 16:20:33] - training...
[2022-04-12 16:20:52] - [-1.15421648e+00 -2.10096949e-01 -1.40496667e-08] 0.10708553290792874
[2022-04-12 16:20:52] - evaluating...
[2022-04-12 16:20:57] - valid_l1 0.104228, test_l1 0.090790
[2022-04-12 16:20:57] - valid_dtw 0.269690, test_dtw 0.234720
[2022-04-12 16:20:57] - Epoch: 4
[2022-04-12 16:20:57] - training...
[2022-04-12 16:21:16] - [-1.47232241e+00 -1.97323587e-01 -8.08920194e-09] 0.10951162076422147
[2022-04-12 16:21:16] - evaluating...
[2022-04-12 16:21:20] - valid_l1 0.091112, test_l1 0.092507
[2022-04-12 16:21:20] - valid_dtw 0.240636, test_dtw 0.238857
[2022-04-12 16:21:20] - Epoch: 5
[2022-04-12 16:21:20] - training...
[2022-04-12 16:21:38] - [-1.81890195e+00 -2.09646176e-01 -8.73356213e-10] 0.10281040672478932
[2022-04-12 16:21:38] - evaluating...
[2022-04-12 16:21:42] - valid_l1 0.072993, test_l1 0.070711
[2022-04-12 16:21:42] - valid_dtw 0.195809, test_dtw 0.183281
[2022-04-12 16:21:42] - Epoch: 6
[2022-04-12 16:21:42] - training...
[2022-04-12 16:22:01] - [-2.26049809e+00 -2.66866692e-01 -4.91601134e-09] 0.08571676923228162
[2022-04-12 16:22:01] - evaluating...
[2022-04-12 16:22:05] - valid_l1 0.084114, test_l1 0.080409
[2022-04-12 16:22:05] - valid_dtw 0.228169, test_dtw 0.204562
[2022-04-12 16:22:05] - Epoch: 7
[2022-04-12 16:22:05] - training...
[2022-04-12 16:22:23] - [-2.67853240e+00 -3.23273930e-01 -3.61485324e-09] 0.06580048160893577
[2022-04-12 16:22:23] - evaluating...
[2022-04-12 16:22:27] - valid_l1 0.062799, test_l1 0.064128
[2022-04-12 16:22:27] - valid_dtw 0.181114, test_dtw 0.165759
[2022-04-12 16:22:27] - Epoch: 8
[2022-04-12 16:22:27] - training...
[2022-04-12 16:22:46] - [-2.41149527e+00 -2.70662824e-01 -3.98965892e-10] 0.08438249378065978
[2022-04-12 16:22:46] - evaluating...
[2022-04-12 16:22:49] - valid_l1 0.081421, test_l1 0.082726
[2022-04-12 16:22:49] - valid_dtw 0.223822, test_dtw 0.213624
[2022-04-12 16:22:49] - Epoch: 9
[2022-04-12 16:22:49] - training...
[2022-04-12 16:23:08] - [-2.67958740e+00 -2.98213680e-01 -3.22171369e-09] 0.0766887489839324
[2022-04-12 16:23:08] - evaluating...
[2022-04-12 16:23:12] - valid_l1 0.067880, test_l1 0.065556
[2022-04-12 16:23:12] - valid_dtw 0.195141, test_dtw 0.167184
[2022-04-12 16:23:12] - Epoch: 10
[2022-04-12 16:23:12] - training...
[2022-04-12 16:23:31] - [-2.54487884e+00 -3.03930660e-01 -2.35745977e-09] 0.0751054659485817
[2022-04-12 16:23:31] - evaluating...
[2022-04-12 16:23:34] - valid_l1 0.077971, test_l1 0.080777
[2022-04-12 16:23:34] - valid_dtw 0.218346, test_dtw 0.208767
[2022-04-12 16:23:34] - Epoch: 11
[2022-04-12 16:23:34] - training...
[2022-04-12 16:23:53] - [-2.81201447e+00 -3.37307620e-01  1.05689540e-09] 0.06248934127922569
[2022-04-12 16:23:53] - evaluating...
[2022-04-12 16:23:57] - valid_l1 0.057082, test_l1 0.053286
[2022-04-12 16:23:57] - valid_dtw 0.168791, test_dtw 0.139208
[2022-04-12 16:23:57] - Epoch: 12
[2022-04-12 16:23:57] - training...
[2022-04-12 16:24:15] - [-2.83176533e+00 -3.22103810e-01 -1.83410081e-10] 0.06784803500132901
[2022-04-12 16:24:15] - evaluating...
[2022-04-12 16:24:19] - valid_l1 0.064349, test_l1 0.052776
[2022-04-12 16:24:19] - valid_dtw 0.182413, test_dtw 0.138877
[2022-04-12 16:24:19] - Epoch: 13
[2022-04-12 16:24:19] - training...
[2022-04-12 16:24:38] - [-2.77140954e+00 -3.25097105e-01 -3.60864185e-09] 0.06592728164313096
[2022-04-12 16:24:38] - evaluating...
[2022-04-12 16:24:41] - valid_l1 0.058331, test_l1 0.051480
[2022-04-12 16:24:41] - valid_dtw 0.176900, test_dtw 0.133510
[2022-04-12 16:24:41] - Epoch: 14
[2022-04-12 16:24:41] - training...
[2022-04-12 16:25:01] - [-2.86195570e+00 -3.26798053e-01 -2.13775074e-09] 0.06875191682151385
[2022-04-12 16:25:01] - evaluating...
[2022-04-12 16:25:05] - valid_l1 0.050053, test_l1 0.042155
[2022-04-12 16:25:05] - valid_dtw 0.152656, test_dtw 0.110154
[2022-04-12 16:25:05] - best val score: 0.0062636861203875585 @ 14
[2022-04-12 16:25:05] - inference...
[2022-04-12 16:25:08] - MSE: train 0.045794, valid 0.006029, test 0.003588
[2022-04-12 16:25:08] - L1:  train 0.153717, valid 0.049091, test 0.043278
[2022-04-12 16:25:08] - RMSE: train 0.206040, valid 0.065878, test 0.053026
[2022-04-12 16:25:08] - DTW: train 0.517426, valid 0.150293, test 0.109706
[2022-04-12 16:25:08] - TDI: train 0.436514, valid 0.351982, test 0.398938
[2022-04-12 16:25:08] - Finished.
[2022-04-12 16:26:37] - create model_king...
[2022-04-12 16:26:37] - Epoch: 0
[2022-04-12 16:26:37] - training...
[2022-04-12 16:26:59] - [ 6.57962831e+00  7.67595156e-01 -5.53471748e-09] 0.2361668505306755
[2022-04-12 16:26:59] - evaluating...
[2022-04-12 16:27:04] - valid_l1 0.208659, test_l1 0.124744
[2022-04-12 16:27:04] - valid_dtw 0.543630, test_dtw 0.332514
[2022-04-12 16:27:04] - Epoch: 1
[2022-04-12 16:27:04] - training...
[2022-04-12 16:27:22] - [-7.30676369e-01 -2.73352917e-01 -2.98023225e-09] 0.11347564842019763
[2022-04-12 16:27:22] - evaluating...
[2022-04-12 16:27:26] - valid_l1 0.147268, test_l1 0.120896
[2022-04-12 16:27:26] - valid_dtw 0.383159, test_dtw 0.318825
[2022-04-12 16:27:26] - Epoch: 2
[2022-04-12 16:27:26] - training...
[2022-04-12 16:27:45] - [-1.55541954e+00 -3.01515864e-01 -1.78813940e-08] 0.11018587815176163
[2022-04-12 16:27:45] - evaluating...
[2022-04-12 16:27:49] - valid_l1 0.125119, test_l1 0.099044
[2022-04-12 16:27:49] - valid_dtw 0.324815, test_dtw 0.260001
[2022-04-12 16:27:49] - Epoch: 3
[2022-04-12 16:27:49] - training...
[2022-04-12 16:28:09] - [-2.14307381e+00 -3.16877599e-01 -1.57526565e-08] 0.10671692873750414
[2022-04-12 16:28:09] - evaluating...
[2022-04-12 16:28:13] - valid_l1 0.099945, test_l1 0.092436
[2022-04-12 16:28:13] - valid_dtw 0.258226, test_dtw 0.238198
[2022-04-12 16:28:13] - Epoch: 4
[2022-04-12 16:28:13] - training...
[2022-04-12 16:28:32] - [-2.43268399e+00 -2.92573339e-01 -4.68322213e-09] 0.11233348505837577
[2022-04-12 16:28:32] - evaluating...
[2022-04-12 16:28:36] - valid_l1 0.089284, test_l1 0.090989
[2022-04-12 16:28:36] - valid_dtw 0.234210, test_dtw 0.233905
[2022-04-12 16:28:36] - Epoch: 5
[2022-04-12 16:28:36] - training...
[2022-04-12 16:28:55] - [-3.03128912e+00 -3.32462331e-01 -1.38608613e-08] 0.09964051117588367
[2022-04-12 16:28:55] - evaluating...
[2022-04-12 16:28:59] - valid_l1 0.072261, test_l1 0.065159
[2022-04-12 16:28:59] - valid_dtw 0.195520, test_dtw 0.166969
[2022-04-12 16:28:59] - Epoch: 6
[2022-04-12 16:28:59] - training...
[2022-04-12 16:29:19] - [-3.54949596e+00 -4.14091667e-01 -8.34386837e-09] 0.07764269930443593
[2022-04-12 16:29:19] - evaluating...
[2022-04-12 16:29:24] - valid_l1 0.069558, test_l1 0.064695
[2022-04-12 16:29:24] - valid_dtw 0.197681, test_dtw 0.163533
[2022-04-12 16:29:24] - Epoch: 7
[2022-04-12 16:29:24] - training...
[2022-04-12 16:29:44] - [-4.03409840e+00 -4.66595093e-01  6.48758222e-10] 0.06139890091227634
[2022-04-12 16:29:44] - evaluating...
[2022-04-12 16:29:48] - valid_l1 0.074539, test_l1 0.067263
[2022-04-12 16:29:48] - valid_dtw 0.207866, test_dtw 0.178483
[2022-04-12 16:29:48] - Epoch: 8
[2022-04-12 16:29:48] - training...
[2022-04-12 16:30:08] - [-3.86254388e+00 -4.21538541e-01 -2.54565519e-09] 0.07918413562167968
[2022-04-12 16:30:08] - evaluating...
[2022-04-12 16:30:13] - valid_l1 0.062764, test_l1 0.058185
[2022-04-12 16:30:13] - valid_dtw 0.180667, test_dtw 0.150713
[2022-04-12 16:30:13] - Epoch: 9
[2022-04-12 16:30:13] - training...
[2022-04-12 16:30:32] - [-3.63469812e+00 -3.49254405e-01 -3.63724644e-09] 0.09571504080668092
[2022-04-12 16:30:32] - evaluating...
[2022-04-12 16:30:36] - valid_l1 0.086999, test_l1 0.073427
[2022-04-12 16:30:36] - valid_dtw 0.238099, test_dtw 0.189092
[2022-04-12 16:30:36] - Epoch: 10
[2022-04-12 16:30:36] - training...
[2022-04-12 16:30:55] - [-3.90574532e+00 -4.42186820e-01 -5.31139033e-09] 0.06796995510480233
[2022-04-12 16:30:55] - evaluating...
[2022-04-12 16:30:59] - valid_l1 0.058922, test_l1 0.054284
[2022-04-12 16:30:59] - valid_dtw 0.177583, test_dtw 0.139808
[2022-04-12 16:30:59] - Epoch: 11
[2022-04-12 16:30:59] - training...
[2022-04-12 16:31:19] - [-4.04544766e+00 -4.57603729e-01  2.24557595e-10] 0.06435778590717486
[2022-04-12 16:31:19] - evaluating...
[2022-04-12 16:31:23] - valid_l1 0.054910, test_l1 0.050549
[2022-04-12 16:31:23] - valid_dtw 0.166312, test_dtw 0.130546
[2022-04-12 16:31:23] - Epoch: 12
[2022-04-12 16:31:23] - training...
[2022-04-12 16:31:42] - [-3.60712856e+00 -4.17112885e-01 -4.06983257e-09] 0.08238337428442069
[2022-04-12 16:31:42] - evaluating...
[2022-04-12 16:31:46] - valid_l1 0.088043, test_l1 0.072681
[2022-04-12 16:31:46] - valid_dtw 0.238735, test_dtw 0.187788
[2022-04-12 16:31:46] - Epoch: 13
[2022-04-12 16:31:46] - training...
[2022-04-12 16:32:06] - [-4.03765836e+00 -4.70328989e-01 -7.67195696e-09] 0.05861822595553739
[2022-04-12 16:32:06] - evaluating...
[2022-04-12 16:32:09] - valid_l1 0.055391, test_l1 0.049953
[2022-04-12 16:32:09] - valid_dtw 0.168048, test_dtw 0.129591
[2022-04-12 16:32:09] - Epoch: 14
[2022-04-12 16:32:09] - training...
[2022-04-12 16:32:28] - [-4.22061415e+00 -4.70469058e-01 -6.18816414e-09] 0.0599099529374923
[2022-04-12 16:32:28] - evaluating...
[2022-04-12 16:32:32] - valid_l1 0.049427, test_l1 0.038964
[2022-04-12 16:32:32] - valid_dtw 0.144917, test_dtw 0.102219
[2022-04-12 16:32:32] - best val score: 0.0056543163398026465 @ 14
[2022-04-12 16:32:32] - inference...
[2022-04-12 16:32:36] - MSE: train 0.044030, valid 0.005547, test 0.003162
[2022-04-12 16:32:36] - L1:  train 0.145629, valid 0.048778, test 0.039809
[2022-04-12 16:32:36] - RMSE: train 0.202354, valid 0.064096, test 0.050551
[2022-04-12 16:32:36] - DTW: train 0.507928, valid 0.142764, test 0.101222
[2022-04-12 16:32:36] - TDI: train 0.367069, valid 0.359760, test 0.368807
[2022-04-12 16:32:36] - Finished.
[2022-04-12 16:48:37] - create model_king...
[2022-04-12 16:48:37] - Epoch: 0
[2022-04-12 16:48:37] - training...
[2022-04-12 16:48:41] - [-1.23391160e-01 -1.23391160e-01 -4.76837183e-09] 0.11588546670973301
[2022-04-12 16:48:41] - evaluating...
[2022-04-12 16:48:44] - valid_l1 0.178841, test_l1 0.472082
[2022-04-12 16:48:44] - valid_dtw 0.468914, test_dtw 1.223294
[2022-04-12 16:48:44] - Epoch: 1
[2022-04-12 16:48:44] - training...
[2022-04-12 16:48:45] - [-2.30305215e-01 -2.30305215e-01 -8.34465061e-09] 0.08440500805154443
[2022-04-12 16:48:45] - evaluating...
[2022-04-12 16:48:48] - valid_l1 0.155579, test_l1 0.414304
[2022-04-12 16:48:48] - valid_dtw 0.407325, test_dtw 1.070878
[2022-04-12 16:48:48] - Epoch: 2
[2022-04-12 16:48:48] - training...
[2022-04-12 16:48:49] - [-2.03291099e-01 -2.03291099e-01 -8.34465048e-09] 0.09367384314537049
[2022-04-12 16:48:49] - evaluating...
[2022-04-12 16:48:52] - valid_l1 0.148398, test_l1 0.391320
[2022-04-12 16:48:52] - valid_dtw 0.388510, test_dtw 1.010497
[2022-04-12 16:48:52] - Epoch: 3
[2022-04-12 16:48:52] - training...
[2022-04-12 16:48:53] - [-2.19952350e-01 -2.19952350e-01 -8.34465035e-09] 0.09009117782115936
[2022-04-12 16:48:53] - evaluating...
[2022-04-12 16:48:56] - valid_l1 0.158087, test_l1 0.422237
[2022-04-12 16:48:56] - valid_dtw 0.412242, test_dtw 1.088427
[2022-04-12 16:48:56] - Epoch: 4
[2022-04-12 16:48:56] - training...
[2022-04-12 16:48:57] - [-2.31815897e-01 -2.31815897e-01 -1.19209278e-09] 0.0874772222712636
[2022-04-12 16:48:57] - evaluating...
[2022-04-12 16:49:00] - valid_l1 0.155848, test_l1 0.408851
[2022-04-12 16:49:00] - valid_dtw 0.405572, test_dtw 1.052927
[2022-04-12 16:49:00] - Epoch: 5
[2022-04-12 16:49:00] - training...
[2022-04-12 16:49:01] - [-2.33304463e-01 -2.33304463e-01 -5.35223523e-09] 0.08587031606584787
[2022-04-12 16:49:01] - evaluating...
[2022-04-12 16:49:04] - valid_l1 0.148503, test_l1 0.389963
[2022-04-12 16:49:04] - valid_dtw 0.385961, test_dtw 1.003199
[2022-04-12 16:49:04] - Epoch: 6
[2022-04-12 16:49:04] - training...
[2022-04-12 16:49:05] - [-2.44912588e-01 -2.44912588e-01 -3.56166032e-09] 0.08363984348252415
[2022-04-12 16:49:05] - evaluating...
[2022-04-12 16:49:08] - valid_l1 0.145418, test_l1 0.382115
[2022-04-12 16:49:08] - valid_dtw 0.377531, test_dtw 0.982667
[2022-04-12 16:49:08] - Epoch: 7
[2022-04-12 16:49:08] - training...
[2022-04-12 16:49:10] - [-2.56591132e-01 -2.56591132e-01 -4.79992257e-09] 0.08061410617083312
[2022-04-12 16:49:10] - evaluating...
[2022-04-12 16:49:12] - valid_l1 0.140414, test_l1 0.366885
[2022-04-12 16:49:12] - valid_dtw 0.364268, test_dtw 0.943648
[2022-04-12 16:49:13] - Epoch: 8
[2022-04-12 16:49:13] - training...
[2022-04-12 16:49:14] - [-2.60731970e-01 -2.60731970e-01 -2.67202729e-09] 0.07991017624735833
[2022-04-12 16:49:14] - evaluating...
[2022-04-12 16:49:17] - valid_l1 0.128153, test_l1 0.333242
[2022-04-12 16:49:17] - valid_dtw 0.332849, test_dtw 0.858533
[2022-04-12 16:49:17] - Epoch: 9
[2022-04-12 16:49:17] - training...
[2022-04-12 16:49:18] - [-2.63270293e-01 -2.63270293e-01 -8.99300145e-10] 0.07884305529296398
[2022-04-12 16:49:18] - evaluating...
[2022-04-12 16:49:21] - valid_l1 0.132865, test_l1 0.344639
[2022-04-12 16:49:21] - valid_dtw 0.344146, test_dtw 0.887357
[2022-04-12 16:49:21] - Epoch: 10
[2022-04-12 16:49:21] - training...
[2022-04-12 16:49:22] - [-2.66164834e-01 -2.66164834e-01 -6.20279592e-09] 0.07968863612040877
[2022-04-12 16:49:22] - evaluating...
[2022-04-12 16:49:25] - valid_l1 0.118654, test_l1 0.306700
[2022-04-12 16:49:25] - valid_dtw 0.307843, test_dtw 0.792267
[2022-04-12 16:49:25] - Epoch: 11
[2022-04-12 16:49:25] - training...
[2022-04-12 16:49:26] - [-2.70428997e-01 -2.70428997e-01 -4.46338602e-09] 0.07772337533533573
[2022-04-12 16:49:26] - evaluating...
[2022-04-12 16:49:29] - valid_l1 0.126623, test_l1 0.327318
[2022-04-12 16:49:29] - valid_dtw 0.327421, test_dtw 0.843719
[2022-04-12 16:49:29] - Epoch: 12
[2022-04-12 16:49:29] - training...
[2022-04-12 16:49:30] - [-2.74497963e-01 -2.74497963e-01 -5.07792657e-09] 0.07799774054437876
[2022-04-12 16:49:30] - evaluating...
[2022-04-12 16:49:33] - valid_l1 0.114237, test_l1 0.291921
[2022-04-12 16:49:33] - valid_dtw 0.296038, test_dtw 0.755320
[2022-04-12 16:49:33] - Epoch: 13
[2022-04-12 16:49:33] - training...
[2022-04-12 16:49:34] - [-2.75608378e-01 -2.75608378e-01 -5.98416883e-09] 0.07678404245525598
[2022-04-12 16:49:34] - evaluating...
[2022-04-12 16:49:37] - valid_l1 0.117969, test_l1 0.301410
[2022-04-12 16:49:37] - valid_dtw 0.304790, test_dtw 0.778639
[2022-04-12 16:49:37] - Epoch: 14
[2022-04-12 16:49:37] - training...
[2022-04-12 16:49:38] - [-2.82728623e-01 -2.82728623e-01 -4.70680372e-09] 0.07627545557916164
[2022-04-12 16:49:38] - evaluating...
[2022-04-12 16:49:41] - valid_l1 0.107272, test_l1 0.269770
[2022-04-12 16:49:41] - valid_dtw 0.277533, test_dtw 0.698184
[2022-04-12 16:49:41] - best val score: 0.017209272670152133 @ 14
[2022-04-12 16:49:41] - inference...
[2022-04-12 16:49:44] - MSE: train 0.016184, valid 0.017133, test 0.084342
[2022-04-12 16:49:44] - L1:  train 0.117925, valid 0.107117, test 0.269616
[2022-04-12 16:49:44] - RMSE: train 0.125118, valid 0.116060, test 0.281036
[2022-04-12 16:49:44] - DTW: train 0.303077, valid 0.277122, test 0.697881
[2022-04-12 16:49:44] - TDI: train 0.204911, valid 0.322937, test 0.084685
[2022-04-12 16:49:44] - Finished.
[2022-04-12 16:50:51] - create model_king...
[2022-04-12 16:50:51] - Epoch: 0
[2022-04-12 16:50:51] - training...
[2022-04-12 16:50:55] - [-1.16411683e-01 -1.16411682e-01 -1.01327891e-08] 0.12072509434074163
[2022-04-12 16:50:55] - evaluating...
[2022-04-12 16:50:59] - valid_l1 0.121150, test_l1 0.331667
[2022-04-12 16:50:59] - valid_dtw 0.315464, test_dtw 0.851265
[2022-04-12 16:50:59] - Epoch: 1
[2022-04-12 16:50:59] - training...
[2022-04-12 16:51:01] - [-2.53784802e-01 -2.53784802e-01 -8.34464933e-09] 0.08025706373155117
[2022-04-12 16:51:01] - evaluating...
[2022-04-12 16:51:05] - valid_l1 0.104551, test_l1 0.273709
[2022-04-12 16:51:05] - valid_dtw 0.273102, test_dtw 0.703711
[2022-04-12 16:51:05] - Epoch: 2
[2022-04-12 16:51:05] - training...
[2022-04-12 16:51:07] - [-2.52624965e-01 -2.52624965e-01 -2.92062755e-08] 0.08243415849283338
[2022-04-12 16:51:07] - evaluating...
[2022-04-12 16:51:10] - valid_l1 0.104455, test_l1 0.275203
[2022-04-12 16:51:10] - valid_dtw 0.272483, test_dtw 0.707493
[2022-04-12 16:51:10] - Epoch: 3
[2022-04-12 16:51:10] - training...
[2022-04-12 16:51:12] - [-2.59331656e-01 -2.59331656e-01 -8.94069667e-09] 0.08039006199687719
[2022-04-12 16:51:12] - evaluating...
[2022-04-12 16:51:16] - valid_l1 0.103711, test_l1 0.276565
[2022-04-12 16:51:16] - valid_dtw 0.270248, test_dtw 0.711053
[2022-04-12 16:51:16] - Epoch: 4
[2022-04-12 16:51:16] - training...
[2022-04-12 16:51:18] - [-2.70263057e-01 -2.70263057e-01 -1.19209292e-08] 0.07619740488007665
[2022-04-12 16:51:18] - evaluating...
[2022-04-12 16:51:21] - valid_l1 0.096525, test_l1 0.257707
[2022-04-12 16:51:21] - valid_dtw 0.251639, test_dtw 0.663418
[2022-04-12 16:51:21] - Epoch: 5
[2022-04-12 16:51:21] - training...
[2022-04-12 16:51:23] - [-2.79335832e-01 -2.79335832e-01 -7.46464297e-09] 0.07391613526269794
[2022-04-12 16:51:23] - evaluating...
[2022-04-12 16:51:27] - valid_l1 0.091557, test_l1 0.244413
[2022-04-12 16:51:27] - valid_dtw 0.238712, test_dtw 0.629940
[2022-04-12 16:51:27] - Epoch: 6
[2022-04-12 16:51:27] - training...
[2022-04-12 16:51:29] - [-2.88432347e-01 -2.88432347e-01 -8.59188061e-09] 0.07122455118224025
[2022-04-12 16:51:29] - evaluating...
[2022-04-12 16:51:33] - valid_l1 0.084771, test_l1 0.222078
[2022-04-12 16:51:33] - valid_dtw 0.220916, test_dtw 0.573272
[2022-04-12 16:51:33] - Epoch: 7
[2022-04-12 16:51:33] - training...
[2022-04-12 16:51:35] - [-2.85437875e-01 -2.85437875e-01 -6.55571240e-09] 0.07316897511482238
[2022-04-12 16:51:35] - evaluating...
[2022-04-12 16:51:38] - valid_l1 0.082368, test_l1 0.219141
[2022-04-12 16:51:38] - valid_dtw 0.214264, test_dtw 0.566217
[2022-04-12 16:51:38] - Epoch: 8
[2022-04-12 16:51:38] - training...
[2022-04-12 16:51:40] - [-2.91841550e-01 -2.91841550e-01 -1.45843393e-08] 0.07154504507780075
[2022-04-12 16:51:40] - evaluating...
[2022-04-12 16:51:44] - valid_l1 0.080729, test_l1 0.216214
[2022-04-12 16:51:44] - valid_dtw 0.209690, test_dtw 0.558853
[2022-04-12 16:51:44] - Epoch: 9
[2022-04-12 16:51:44] - training...
[2022-04-12 16:51:46] - [-2.94026334e-01 -2.94026334e-01 -7.76062667e-09] 0.07046159999445081
[2022-04-12 16:51:46] - evaluating...
[2022-04-12 16:51:49] - valid_l1 0.077660, test_l1 0.215634
[2022-04-12 16:51:49] - valid_dtw 0.201344, test_dtw 0.557860
[2022-04-12 16:51:49] - Epoch: 10
[2022-04-12 16:51:49] - training...
[2022-04-12 16:51:51] - [-2.99252141e-01 -2.99252141e-01 -1.22397787e-08] 0.06930902004241943
[2022-04-12 16:51:51] - evaluating...
[2022-04-12 16:51:55] - valid_l1 0.072553, test_l1 0.187407
[2022-04-12 16:51:55] - valid_dtw 0.186999, test_dtw 0.485227
[2022-04-12 16:51:55] - Epoch: 11
[2022-04-12 16:51:55] - training...
[2022-04-12 16:51:57] - [-3.02243163e-01 -3.02243163e-01 -1.16566900e-08] 0.06888346457853914
[2022-04-12 16:51:57] - evaluating...
[2022-04-12 16:52:01] - valid_l1 0.073255, test_l1 0.195893
[2022-04-12 16:52:01] - valid_dtw 0.188624, test_dtw 0.507055
[2022-04-12 16:52:01] - Epoch: 12
[2022-04-12 16:52:01] - training...
[2022-04-12 16:52:03] - [-2.98071948e-01 -2.98071948e-01 -8.34660920e-09] 0.07037917925044894
[2022-04-12 16:52:03] - evaluating...
[2022-04-12 16:52:06] - valid_l1 0.066527, test_l1 0.165686
[2022-04-12 16:52:06] - valid_dtw 0.170523, test_dtw 0.428184
[2022-04-12 16:52:06] - Epoch: 13
[2022-04-12 16:52:06] - training...
[2022-04-12 16:52:08] - [-2.97922633e-01 -2.97922633e-01 -6.54060335e-09] 0.07042435705661773
[2022-04-12 16:52:08] - evaluating...
[2022-04-12 16:52:12] - valid_l1 0.062312, test_l1 0.159413
[2022-04-12 16:52:12] - valid_dtw 0.159923, test_dtw 0.412178
[2022-04-12 16:52:12] - Epoch: 14
[2022-04-12 16:52:12] - training...
[2022-04-12 16:52:14] - [-0.31370725 -0.31519745  0.02980412] 0.06419871132820845
[2022-04-12 16:52:14] - evaluating...
[2022-04-12 16:52:18] - valid_l1 0.074465, test_l1 0.206957
[2022-04-12 16:52:18] - valid_dtw 0.190819, test_dtw 0.535994
[2022-04-12 16:52:18] - best val score: 0.005634116351090294 @ 13
[2022-04-12 16:52:18] - inference...
[2022-04-12 16:52:21] - MSE: train 0.013899, valid 0.005974, test 0.031094
[2022-04-12 16:52:21] - L1:  train 0.108959, valid 0.063901, test 0.158540
[2022-04-12 16:52:21] - RMSE: train 0.116722, valid 0.072084, test 0.168161
[2022-04-12 16:52:21] - DTW: train 0.280358, valid 0.164378, test 0.410236
[2022-04-12 16:52:21] - TDI: train 0.282034, valid 0.384330, test 0.148577
[2022-04-12 16:52:21] - Finished.
[2022-04-12 16:53:29] - create model_king...
[2022-04-12 16:53:29] - Epoch: 0
[2022-04-12 16:53:29] - training...
[2022-04-12 16:53:37] - [ 1.14868282e+00  3.82613130e-01 -2.25870239e-08] 0.23684507412345787
[2022-04-12 16:53:37] - evaluating...
[2022-04-12 16:53:41] - valid_l1 0.183820, test_l1 0.077103
[2022-04-12 16:53:41] - valid_dtw 0.474110, test_dtw 0.201745
[2022-04-12 16:53:41] - Epoch: 1
[2022-04-12 16:53:41] - training...
[2022-04-12 16:53:47] - [-1.00678964e-02 -9.15657298e-02 -2.44692754e-08] 0.18453172633522436
[2022-04-12 16:53:47] - evaluating...
[2022-04-12 16:53:50] - valid_l1 0.187281, test_l1 0.081491
[2022-04-12 16:53:50] - valid_dtw 0.482869, test_dtw 0.212428
[2022-04-12 16:53:50] - Epoch: 2
[2022-04-12 16:53:50] - training...
[2022-04-12 16:53:56] - [-2.72022192e-01 -1.69744785e-01 -1.81951023e-08] 0.1530212787421126
[2022-04-12 16:53:56] - evaluating...
[2022-04-12 16:53:59] - valid_l1 0.124298, test_l1 0.058199
[2022-04-12 16:53:59] - valid_dtw 0.322940, test_dtw 0.149665
[2022-04-12 16:53:59] - Epoch: 3
[2022-04-12 16:53:59] - training...
[2022-04-12 16:54:05] - [-5.76211452e-01 -2.18579867e-01 -2.07047721e-08] 0.13013209088852531
[2022-04-12 16:54:05] - evaluating...
[2022-04-12 16:54:08] - valid_l1 0.195691, test_l1 0.281960
[2022-04-12 16:54:08] - valid_dtw 0.519728, test_dtw 0.742102
[2022-04-12 16:54:08] - Epoch: 4
[2022-04-12 16:54:08] - training...
[2022-04-12 16:54:14] - [-7.17845422e-01 -2.80526471e-01 -1.19209287e-08] 0.08795360887521192
[2022-04-12 16:54:14] - evaluating...
[2022-04-12 16:54:17] - valid_l1 0.247163, test_l1 0.389709
[2022-04-12 16:54:17] - valid_dtw 0.668569, test_dtw 1.041351
[2022-04-12 16:54:17] - Epoch: 5
[2022-04-12 16:54:17] - training...
[2022-04-12 16:54:23] - [-7.74424211e-01 -3.03220736e-01 -2.24906912e-09] 0.07993643495597337
[2022-04-12 16:54:23] - evaluating...
[2022-04-12 16:54:26] - valid_l1 0.156673, test_l1 0.219847
[2022-04-12 16:54:26] - valid_dtw 0.440431, test_dtw 0.579009
[2022-04-12 16:54:26] - Epoch: 6
[2022-04-12 16:54:26] - training...
[2022-04-12 16:54:32] - [-0.69483795 -0.25919592  0.00243505] 0.0970369279384613
[2022-04-12 16:54:32] - evaluating...
[2022-04-12 16:54:35] - valid_l1 0.187682, test_l1 0.276025
[2022-04-12 16:54:35] - valid_dtw 0.508919, test_dtw 0.735821
[2022-04-12 16:54:35] - Epoch: 7
[2022-04-12 16:54:35] - training...
[2022-04-12 16:54:41] - [-7.01057618e-01 -2.80094421e-01 -1.47866213e-08] 0.08603481105283688
[2022-04-12 16:54:41] - evaluating...
[2022-04-12 16:54:44] - valid_l1 0.240071, test_l1 0.323198
[2022-04-12 16:54:44] - valid_dtw 0.652557, test_dtw 0.857540
[2022-04-12 16:54:44] - Epoch: 8
[2022-04-12 16:54:44] - training...
[2022-04-12 16:54:50] - [-7.37458248e-01 -3.08627253e-01 -6.29732463e-09] 0.07510313519129627
[2022-04-12 16:54:50] - evaluating...
[2022-04-12 16:54:53] - valid_l1 0.232888, test_l1 0.278311
[2022-04-12 16:54:53] - valid_dtw 0.628142, test_dtw 0.737386
[2022-04-12 16:54:53] - Epoch: 9
[2022-04-12 16:54:53] - training...
[2022-04-12 16:54:59] - [-6.75975873e-01 -2.66325367e-01 -1.18900224e-08] 0.09005618605174516
[2022-04-12 16:54:59] - evaluating...
[2022-04-12 16:55:02] - valid_l1 0.197876, test_l1 0.307910
[2022-04-12 16:55:02] - valid_dtw 0.539508, test_dtw 0.820190
[2022-04-12 16:55:02] - Epoch: 10
[2022-04-12 16:55:02] - training...
[2022-04-12 16:55:08] - [-6.92117439e-01 -2.49939711e-01 -5.36746243e-09] 0.09731000524602439
[2022-04-12 16:55:08] - evaluating...
[2022-04-12 16:55:11] - valid_l1 0.159970, test_l1 0.211785
[2022-04-12 16:55:11] - valid_dtw 0.433372, test_dtw 0.561705
[2022-04-12 16:55:11] - Epoch: 11
[2022-04-12 16:55:11] - training...
[2022-04-12 16:55:17] - [-6.77497219e-01 -2.53130092e-01 -8.14267182e-09] 0.09951247392516387
[2022-04-12 16:55:17] - evaluating...
[2022-04-12 16:55:20] - valid_l1 0.084768, test_l1 0.111357
[2022-04-12 16:55:20] - valid_dtw 0.245596, test_dtw 0.285785
[2022-04-12 16:55:20] - Epoch: 12
[2022-04-12 16:55:20] - training...
[2022-04-12 16:55:26] - [-6.97387628e-01 -2.54969358e-01 -8.82363590e-09] 0.09305856769022189
[2022-04-12 16:55:26] - evaluating...
[2022-04-12 16:55:29] - valid_l1 0.079222, test_l1 0.071626
[2022-04-12 16:55:29] - valid_dtw 0.238466, test_dtw 0.185323
[2022-04-12 16:55:29] - Epoch: 13
[2022-04-12 16:55:29] - training...
[2022-04-12 16:55:35] - [-7.55912567e-01 -2.75567470e-01 -3.24589081e-10] 0.08668547084456996
[2022-04-12 16:55:35] - evaluating...
[2022-04-12 16:55:38] - valid_l1 0.118019, test_l1 0.111773
[2022-04-12 16:55:38] - valid_dtw 0.337642, test_dtw 0.288136
[2022-04-12 16:55:38] - Epoch: 14
[2022-04-12 16:55:38] - training...
[2022-04-12 16:55:44] - [-7.32256610e-01 -2.89537778e-01 -4.73614060e-09] 0.07908642546910989
[2022-04-12 16:55:44] - evaluating...
[2022-04-12 16:55:48] - valid_l1 0.109328, test_l1 0.176430
[2022-04-12 16:55:48] - valid_dtw 0.321640, test_dtw 0.463719
[2022-04-12 16:55:48] - best val score: 0.010674074608444547 @ 12
[2022-04-12 16:55:48] - inference...
[2022-04-12 16:55:51] - MSE: train 0.013691, valid 0.010143, test 0.007938
[2022-04-12 16:55:51] - L1:  train 0.079771, valid 0.076971, test 0.075696
[2022-04-12 16:55:51] - RMSE: train 0.114641, valid 0.096112, test 0.084867
[2022-04-12 16:55:51] - DTW: train 0.282413, valid 0.234049, test 0.192183
[2022-04-12 16:55:51] - TDI: train 0.278468, valid 0.392059, test 0.514729
[2022-04-12 16:55:51] - Finished.
[2022-04-12 20:54:38] - create model_king...
[2022-04-12 20:54:38] - Epoch: 0
[2022-04-12 20:54:38] - training...
