[2022-04-12 16:56:24] - create model_king...
[2022-04-12 16:56:24] - Epoch: 0
[2022-04-12 16:56:24] - training...
[2022-04-12 16:56:45] - create model_king...
[2022-04-12 16:56:45] - Epoch: 0
[2022-04-12 16:56:45] - training...
[2022-04-12 17:01:00] - create model_king...
[2022-04-12 17:01:00] - Epoch: 0
[2022-04-12 17:01:00] - training...
[2022-04-12 17:01:08] - [1.77076837 0.5963125  0.5435014 ] 0.24657186061928146
[2022-04-12 17:01:08] - evaluating...
[2022-04-12 17:01:12] - valid_l1 0.142198, test_l1 0.075346
[2022-04-12 17:01:12] - valid_dtw 0.368988, test_dtw 0.205248
[2022-04-12 17:01:12] - Epoch: 1
[2022-04-12 17:01:12] - training...
[2022-04-12 17:01:18] - [ 0.06890956 -0.09317933  0.11578947] 0.1898507209200608
[2022-04-12 17:01:18] - evaluating...
[2022-04-12 17:01:21] - valid_l1 0.212948, test_l1 0.096488
[2022-04-12 17:01:21] - valid_dtw 0.548231, test_dtw 0.254306
[2022-04-12 17:01:21] - Epoch: 2
[2022-04-12 17:01:21] - training...
[2022-04-12 17:01:27] - [-0.07821994 -0.15411355  0.79425823] 0.15998957306146622
[2022-04-12 17:01:27] - evaluating...
[2022-04-12 17:01:30] - valid_l1 0.144706, test_l1 0.066776
[2022-04-12 17:01:30] - valid_dtw 0.374807, test_dtw 0.174929
[2022-04-12 17:01:30] - Epoch: 3
[2022-04-12 17:01:30] - training...
[2022-04-12 17:01:36] - [-0.26493694 -0.19007323  1.72299187] 0.14547921677953318
[2022-04-12 17:01:36] - evaluating...
[2022-04-12 17:01:39] - valid_l1 0.240257, test_l1 0.287336
[2022-04-12 17:01:39] - valid_dtw 0.626646, test_dtw 0.747339
[2022-04-12 17:01:39] - Epoch: 4
[2022-04-12 17:01:39] - training...
[2022-04-12 17:01:45] - [-0.48011378 -0.27434082  1.65497072] 0.09641953753797632
[2022-04-12 17:01:45] - evaluating...
[2022-04-12 17:01:49] - valid_l1 0.264796, test_l1 0.419571
[2022-04-12 17:01:49] - valid_dtw 0.701194, test_dtw 1.104534
[2022-04-12 17:01:49] - Epoch: 5
[2022-04-12 17:01:49] - training...
[2022-04-12 17:01:54] - [-0.6041441  -0.29666877  1.59555944] 0.08250100165605545
[2022-04-12 17:01:54] - evaluating...
[2022-04-12 17:01:58] - valid_l1 0.197099, test_l1 0.310277
[2022-04-12 17:01:58] - valid_dtw 0.540118, test_dtw 0.818897
[2022-04-12 17:01:58] - Epoch: 6
[2022-04-12 17:01:58] - training...
[2022-04-12 17:02:03] - [-0.52256177 -0.26732269  1.60664003] 0.09440520876332333
[2022-04-12 17:02:03] - evaluating...
[2022-04-12 17:02:07] - valid_l1 0.185285, test_l1 0.284123
[2022-04-12 17:02:07] - valid_dtw 0.499923, test_dtw 0.752636
[2022-04-12 17:02:07] - Epoch: 7
[2022-04-12 17:02:07] - training...
[2022-04-12 17:02:13] - [-0.49763092 -0.27457032  1.8076504 ] 0.08805044191448312
[2022-04-12 17:02:13] - evaluating...
[2022-04-12 17:02:17] - valid_l1 0.229821, test_l1 0.326091
[2022-04-12 17:02:17] - valid_dtw 0.619874, test_dtw 0.857607
[2022-04-12 17:02:17] - Epoch: 8
[2022-04-12 17:02:17] - training...
[2022-04-12 17:02:22] - [-0.53574066 -0.30949576  1.78963014] 0.07237333549480689
[2022-04-12 17:02:22] - evaluating...
[2022-04-12 17:02:26] - valid_l1 0.258450, test_l1 0.317565
[2022-04-12 17:02:26] - valid_dtw 0.689629, test_dtw 0.835105
[2022-04-12 17:02:26] - Epoch: 9
[2022-04-12 17:02:26] - training...
[2022-04-12 17:02:31] - [-0.48192651 -0.2560329   1.74734045] 0.09757273761849654
[2022-04-12 17:02:31] - evaluating...
[2022-04-12 17:02:35] - valid_l1 0.172115, test_l1 0.260225
[2022-04-12 17:02:35] - valid_dtw 0.466019, test_dtw 0.685666
[2022-04-12 17:02:35] - Epoch: 10
[2022-04-12 17:02:35] - training...
[2022-04-12 17:02:41] - [-0.45615401 -0.22619226  1.87758084] 0.10342718856899362
[2022-04-12 17:02:41] - evaluating...
[2022-04-12 17:02:44] - valid_l1 0.102930, test_l1 0.108474
[2022-04-12 17:02:44] - valid_dtw 0.281741, test_dtw 0.278255
[2022-04-12 17:02:44] - Epoch: 11
[2022-04-12 17:02:44] - training...
[2022-04-12 17:02:50] - [-0.48861779 -0.25309025  1.83668571] 0.09721723865521581
[2022-04-12 17:02:50] - evaluating...
[2022-04-12 17:02:53] - valid_l1 0.069961, test_l1 0.052924
[2022-04-12 17:02:53] - valid_dtw 0.205371, test_dtw 0.132402
[2022-04-12 17:02:53] - Epoch: 12
[2022-04-12 17:02:53] - training...
[2022-04-12 17:02:59] - [-0.48211496 -0.24560164  1.7978173 ] 0.09715128925285842
[2022-04-12 17:02:59] - evaluating...
[2022-04-12 17:03:02] - valid_l1 0.066958, test_l1 0.054479
[2022-04-12 17:03:02] - valid_dtw 0.198582, test_dtw 0.140467
[2022-04-12 17:03:02] - Epoch: 13
[2022-04-12 17:03:02] - training...
[2022-04-12 17:03:08] - [-0.56369247 -0.27531015  1.89860244] 0.08722599870280216
[2022-04-12 17:03:08] - evaluating...
[2022-04-12 17:03:11] - valid_l1 0.119800, test_l1 0.119961
[2022-04-12 17:03:11] - valid_dtw 0.339098, test_dtw 0.308538
[2022-04-12 17:03:11] - Epoch: 14
[2022-04-12 17:03:11] - training...
[2022-04-12 17:03:17] - [-0.55329146 -0.28956531  1.69104802] 0.08022364444638554
[2022-04-12 17:03:17] - evaluating...
[2022-04-12 17:03:20] - valid_l1 0.100581, test_l1 0.159704
[2022-04-12 17:03:20] - valid_dtw 0.295204, test_dtw 0.416094
[2022-04-12 17:03:20] - best val score: 0.007552573530119844 @ 12
[2022-04-12 17:03:20] - inference...
[2022-04-12 17:03:24] - MSE: train 0.011561, valid 0.007224, test 0.004783
[2022-04-12 17:03:24] - L1:  train 0.081320, valid 0.065741, test 0.057002
[2022-04-12 17:03:24] - RMSE: train 0.106146, valid 0.081568, test 0.065742
[2022-04-12 17:03:24] - DTW: train 0.259086, valid 0.195827, test 0.143298
[2022-04-12 17:03:24] - TDI: train 0.278928, valid 0.383555, test 0.488146
[2022-04-12 17:03:24] - Finished.
