[2022-04-09 14:04:09] - create model_king...
[2022-04-09 14:04:09] - Epoch: 0
[2022-04-09 14:04:09] - training...
[2022-04-09 14:04:36] - [12.01785977  1.39023662  0.12623183] 0.29226667924146904
[2022-04-09 14:04:36] - evaluating...
[2022-04-09 14:04:41] - valid_l1 0.147625, test_l1 0.175763
[2022-04-09 14:04:41] - valid_dtw 717.670333, test_dtw 741.553926
[2022-04-09 14:04:41] - Epoch: 1
[2022-04-09 14:04:41] - training...
[2022-04-09 14:05:05] - [4.16480293 0.26792525 0.09998583] 0.1353151052209892
[2022-04-09 14:05:05] - evaluating...
[2022-04-09 14:05:10] - valid_l1 0.129614, test_l1 0.153474
[2022-04-09 14:05:10] - valid_dtw 600.964206, test_dtw 617.496656
[2022-04-09 14:05:10] - Epoch: 2
[2022-04-09 14:05:10] - training...
[2022-04-09 14:05:33] - [ 3.13247100e+00  2.27582997e-01 -9.46008226e-09] 0.1311124224019678
[2022-04-09 14:05:33] - evaluating...
[2022-04-09 14:05:38] - valid_l1 0.138761, test_l1 0.129600
[2022-04-09 14:05:38] - valid_dtw 566.237918, test_dtw 537.809262
[2022-04-09 14:05:38] - Epoch: 3
[2022-04-09 14:05:38] - training...
[2022-04-09 14:06:02] - [ 2.63247960e+00  1.80236952e-01 -2.26170414e-08] 0.12323050926390447
[2022-04-09 14:06:02] - evaluating...
[2022-04-09 14:06:07] - valid_l1 0.133903, test_l1 0.090973
[2022-04-09 14:06:07] - valid_dtw 475.274549, test_dtw 437.160217
[2022-04-09 14:06:07] - Epoch: 4
[2022-04-09 14:06:07] - training...
[2022-04-09 14:06:30] - [ 2.17983519e+00  1.11572375e-01 -3.16138874e-09] 0.09899045036811578
[2022-04-09 14:06:30] - evaluating...
[2022-04-09 14:06:35] - valid_l1 0.135204, test_l1 0.081206
[2022-04-09 14:06:35] - valid_dtw 447.942645, test_dtw 416.135265
[2022-04-09 14:06:35] - Epoch: 5
[2022-04-09 14:06:35] - training...
[2022-04-09 14:06:59] - [ 1.83326852e+00  8.58514065e-02 -2.35895488e-08] 0.08914680543698762
[2022-04-09 14:06:59] - evaluating...
[2022-04-09 14:07:03] - valid_l1 0.101642, test_l1 0.072607
[2022-04-09 14:07:03] - valid_dtw 348.282582, test_dtw 367.133682
[2022-04-09 14:07:03] - Epoch: 6
[2022-04-09 14:07:03] - training...
[2022-04-09 14:07:27] - [ 1.6040721e+00  6.9323219e-02 -1.1906115e-08] 0.08630229277830374
[2022-04-09 14:07:27] - evaluating...
[2022-04-09 14:07:33] - valid_l1 0.075425, test_l1 0.081344
[2022-04-09 14:07:33] - valid_dtw 343.626089, test_dtw 343.215754
[2022-04-09 14:07:33] - Epoch: 7
[2022-04-09 14:07:33] - training...
[2022-04-09 14:07:57] - [ 1.37524054e+00  7.06397765e-02 -4.97414533e-09] 0.08507092257863597
[2022-04-09 14:07:57] - evaluating...
[2022-04-09 14:08:02] - valid_l1 0.065393, test_l1 0.057780
[2022-04-09 14:08:02] - valid_dtw 226.822071, test_dtw 314.234632
[2022-04-09 14:08:02] - Epoch: 8
[2022-04-09 14:08:02] - training...
[2022-04-09 14:08:25] - [ 1.11407069e+00  7.17469483e-02 -1.19000673e-08] 0.08021814248671658
[2022-04-09 14:08:25] - evaluating...
[2022-04-09 14:08:30] - valid_l1 0.055712, test_l1 0.054523
[2022-04-09 14:08:30] - valid_dtw 199.168698, test_dtw 300.099177
[2022-04-09 14:08:30] - Epoch: 9
[2022-04-09 14:08:30] - training...
[2022-04-09 14:08:54] - [ 1.24804558e+00  5.03474040e-02 -8.99909085e-09] 0.0659185749919791
[2022-04-09 14:08:54] - evaluating...
[2022-04-09 14:08:58] - valid_l1 0.082985, test_l1 0.069496
[2022-04-09 14:08:58] - valid_dtw 397.935990, test_dtw 286.252766
[2022-04-09 14:08:58] - Epoch: 10
[2022-04-09 14:08:58] - training...
[2022-04-09 14:09:22] - [ 1.07972489e+00  7.84428540e-02 -1.09918605e-08] 0.08204255586392001
[2022-04-09 14:09:22] - evaluating...
[2022-04-09 14:09:27] - valid_l1 0.054111, test_l1 0.051023
[2022-04-09 14:09:27] - valid_dtw 199.299535, test_dtw 288.958836
[2022-04-09 14:09:27] - Epoch: 11
[2022-04-09 14:09:27] - training...
[2022-04-09 14:09:51] - [ 1.04824331e+00  6.06589344e-02 -4.33564616e-09] 0.07377173526114539
[2022-04-09 14:09:51] - evaluating...
[2022-04-09 14:09:56] - valid_l1 0.062398, test_l1 0.062685
[2022-04-09 14:09:56] - valid_dtw 229.011945, test_dtw 369.980485
[2022-04-09 14:09:56] - Epoch: 12
[2022-04-09 14:09:56] - training...
[2022-04-09 14:10:19] - [ 1.01315962e+00  3.94594362e-02 -3.14776801e-09] 0.06427326935686563
[2022-04-09 14:10:19] - evaluating...
[2022-04-09 14:10:24] - valid_l1 0.058458, test_l1 0.059137
[2022-04-09 14:10:24] - valid_dtw 210.964371, test_dtw 349.076908
[2022-04-09 14:10:24] - Epoch: 13
[2022-04-09 14:10:24] - training...
[2022-04-09 14:10:49] - [ 1.24622193e+00  8.18878290e-02 -1.06781042e-08] 0.07768068658678155
[2022-04-09 14:10:49] - evaluating...
[2022-04-09 14:10:54] - valid_l1 0.083783, test_l1 0.075179
[2022-04-09 14:10:54] - valid_dtw 408.788425, test_dtw 306.336571
[2022-04-09 14:10:54] - Epoch: 14
[2022-04-09 14:10:54] - training...
[2022-04-09 14:11:21] - [ 1.19590317e+00  6.56144062e-02 -4.72247205e-09] 0.07955967203566902
[2022-04-09 14:11:21] - evaluating...
[2022-04-09 14:11:26] - valid_l1 0.062329, test_l1 0.060706
[2022-04-09 14:11:26] - valid_dtw 272.661610, test_dtw 272.181833
[2022-04-09 14:11:26] - best val score: 0.006507057135618821 @ 10
[2022-04-09 14:11:26] - inference...
[2022-04-09 14:18:39] - create model_king...
[2022-04-09 14:18:39] - Epoch: 0
[2022-04-09 14:18:39] - training...
[2022-04-09 14:24:42] - create model_king...
[2022-04-09 14:24:42] - Epoch: 0
[2022-04-09 14:24:42] - training...
[2022-04-09 14:25:09] - [12.01785977  1.39023662  0.12623183] 0.29226667924146904
[2022-04-09 14:25:09] - evaluating...
[2022-04-09 14:25:14] - valid_l1 0.147625, test_l1 0.175763
[2022-04-09 14:25:14] - valid_dtw 0.000000, test_dtw 0.000000
[2022-04-09 14:25:14] - Epoch: 1
[2022-04-09 14:25:14] - training...
[2022-04-09 14:25:39] - [4.16480293 0.26792525 0.09998583] 0.1353151052209892
[2022-04-09 14:25:39] - evaluating...
[2022-04-09 14:25:44] - valid_l1 0.129614, test_l1 0.153474
[2022-04-09 14:25:44] - valid_dtw 0.000000, test_dtw 0.000000
[2022-04-09 14:25:44] - Epoch: 2
[2022-04-09 14:25:44] - training...
[2022-04-09 14:26:33] - create model_king...
[2022-04-09 14:26:33] - Epoch: 0
[2022-04-09 14:26:33] - training...
[2022-04-09 14:27:01] - [12.01785977  1.39023662  0.12623183] 0.29226667924146904
[2022-04-09 14:27:01] - evaluating...
[2022-04-09 14:27:06] - valid_l1 0.147625, test_l1 0.175763
[2022-04-09 14:27:06] - valid_dtw 0.000000, test_dtw 0.000000
[2022-04-09 14:27:06] - Epoch: 1
[2022-04-09 14:27:06] - training...
[2022-04-09 14:27:31] - [4.16480293 0.26792525 0.09998583] 0.1353151052209892
[2022-04-09 14:27:31] - evaluating...
[2022-04-09 14:27:37] - valid_l1 0.129614, test_l1 0.153474
[2022-04-09 14:27:37] - valid_dtw 0.000000, test_dtw 0.000000
[2022-04-09 14:27:37] - Epoch: 2
[2022-04-09 14:27:37] - training...
[2022-04-09 14:27:54] - create model_king...
[2022-04-09 14:27:54] - Epoch: 0
[2022-04-09 14:27:54] - training...
[2022-04-09 14:28:22] - [12.01785977  1.39023662  0.12623183] 0.29226667924146904
[2022-04-09 14:28:22] - evaluating...
[2022-04-09 14:28:27] - valid_l1 0.147625, test_l1 0.175763
[2022-04-09 14:28:27] - valid_dtw 0.010770, test_dtw 0.012362
[2022-04-09 14:28:27] - Epoch: 1
[2022-04-09 14:28:27] - training...
[2022-04-09 14:28:53] - [4.16480293 0.26792525 0.09998583] 0.1353151052209892
[2022-04-09 14:28:53] - evaluating...
[2022-04-09 14:28:58] - valid_l1 0.129614, test_l1 0.153474
[2022-04-09 14:28:58] - valid_dtw 0.009125, test_dtw 0.010386
[2022-04-09 14:28:58] - Epoch: 2
[2022-04-09 14:28:58] - training...
[2022-04-09 14:29:24] - [ 3.13247100e+00  2.27582997e-01 -9.46008226e-09] 0.1311124224019678
[2022-04-09 14:29:24] - evaluating...
[2022-04-09 14:29:29] - valid_l1 0.138761, test_l1 0.129600
[2022-04-09 14:29:29] - valid_dtw 0.009895, test_dtw 0.008768
[2022-04-09 14:29:29] - Epoch: 3
[2022-04-09 14:29:29] - training...
[2022-04-09 14:29:54] - [ 2.63247960e+00  1.80236952e-01 -2.26170414e-08] 0.12323050926390447
[2022-04-09 14:29:54] - evaluating...
[2022-04-09 14:29:59] - valid_l1 0.133903, test_l1 0.090973
[2022-04-09 14:29:59] - valid_dtw 0.009643, test_dtw 0.006212
[2022-04-09 14:29:59] - Epoch: 4
[2022-04-09 14:29:59] - training...
[2022-04-09 14:30:23] - [ 2.17983519e+00  1.11572375e-01 -3.16138874e-09] 0.09899045036811578
[2022-04-09 14:30:23] - evaluating...
[2022-04-09 14:30:28] - valid_l1 0.135204, test_l1 0.081206
[2022-04-09 14:30:28] - valid_dtw 0.009672, test_dtw 0.005580
[2022-04-09 14:30:28] - Epoch: 5
[2022-04-09 14:30:28] - training...
[2022-04-09 14:30:53] - [ 1.83326852e+00  8.58514065e-02 -2.35895488e-08] 0.08914680543698762
[2022-04-09 14:30:53] - evaluating...
[2022-04-09 14:31:00] - valid_l1 0.101642, test_l1 0.072607
[2022-04-09 14:31:00] - valid_dtw 0.007327, test_dtw 0.004894
[2022-04-09 14:31:00] - Epoch: 6
[2022-04-09 14:31:00] - training...
[2022-04-09 14:31:56] - create model_king...
[2022-04-09 14:31:56] - Epoch: 0
[2022-04-09 14:31:56] - training...
[2022-04-09 14:32:23] - [12.01785977  1.39023662  0.12623183] 0.29226667924146904
[2022-04-09 14:32:23] - evaluating...
[2022-04-09 14:32:29] - valid_l1 0.147625, test_l1 0.175763
[2022-04-09 14:32:29] - valid_dtw 0.384996, test_dtw 0.461499
[2022-04-09 14:32:29] - Epoch: 1
[2022-04-09 14:32:29] - training...
[2022-04-09 14:32:55] - [4.16480293 0.26792525 0.09998583] 0.1353151052209892
[2022-04-09 14:32:55] - evaluating...
[2022-04-09 14:33:00] - valid_l1 0.129614, test_l1 0.153474
[2022-04-09 14:33:00] - valid_dtw 0.327080, test_dtw 0.389496
[2022-04-09 14:33:00] - Epoch: 2
[2022-04-09 14:33:00] - training...
[2022-04-09 14:33:25] - [ 3.13247100e+00  2.27582997e-01 -9.46008226e-09] 0.1311124224019678
[2022-04-09 14:33:25] - evaluating...
[2022-04-09 14:33:30] - valid_l1 0.138761, test_l1 0.129600
[2022-04-09 14:33:30] - valid_dtw 0.349024, test_dtw 0.329743
[2022-04-09 14:33:30] - Epoch: 3
[2022-04-09 14:33:30] - training...
[2022-04-09 14:33:55] - [ 2.63247960e+00  1.80236952e-01 -2.26170414e-08] 0.12323050926390447
[2022-04-09 14:33:55] - evaluating...
[2022-04-09 14:34:00] - valid_l1 0.133903, test_l1 0.090973
[2022-04-09 14:34:00] - valid_dtw 0.336004, test_dtw 0.233683
[2022-04-09 14:34:00] - Epoch: 4
[2022-04-09 14:34:00] - training...
[2022-04-09 14:34:26] - [ 2.17983519e+00  1.11572375e-01 -3.16138874e-09] 0.09899045036811578
[2022-04-09 14:34:26] - evaluating...
[2022-04-09 14:34:31] - valid_l1 0.135204, test_l1 0.081206
[2022-04-09 14:34:31] - valid_dtw 0.338738, test_dtw 0.207014
[2022-04-09 14:34:31] - Epoch: 5
[2022-04-09 14:34:31] - training...
[2022-04-09 14:34:56] - [ 1.83326852e+00  8.58514065e-02 -2.35895488e-08] 0.08914680543698762
[2022-04-09 14:34:56] - evaluating...
[2022-04-09 14:35:00] - valid_l1 0.101642, test_l1 0.072607
[2022-04-09 14:35:00] - valid_dtw 0.257109, test_dtw 0.182968
[2022-04-09 14:35:00] - Epoch: 6
[2022-04-09 14:35:00] - training...
[2022-04-09 14:35:24] - [ 1.6040721e+00  6.9323219e-02 -1.1906115e-08] 0.08630229277830374
[2022-04-09 14:35:24] - evaluating...
[2022-04-09 14:35:29] - valid_l1 0.075425, test_l1 0.081344
[2022-04-09 14:35:29] - valid_dtw 0.194573, test_dtw 0.203089
[2022-04-09 14:35:29] - Epoch: 7
[2022-04-09 14:35:29] - training...
[2022-04-09 14:35:53] - [ 1.37524054e+00  7.06397765e-02 -4.97414533e-09] 0.08507092257863597
[2022-04-09 14:35:53] - evaluating...
[2022-04-09 14:35:59] - valid_l1 0.065393, test_l1 0.057780
[2022-04-09 14:35:59] - valid_dtw 0.172833, test_dtw 0.143716
[2022-04-09 14:35:59] - Epoch: 8
[2022-04-09 14:35:59] - training...
[2022-04-09 14:36:35] - create model_king...
[2022-04-09 14:36:35] - Epoch: 0
[2022-04-09 14:36:35] - training...
[2022-04-09 14:37:03] - [12.01785977  1.39023662  0.12623183] 0.29226667924146904
[2022-04-09 14:37:03] - evaluating...
[2022-04-09 14:37:09] - valid_l1 0.147625, test_l1 0.175763
[2022-04-09 14:37:09] - valid_dtw 0.384996, test_dtw 0.461499
[2022-04-09 14:37:09] - Epoch: 1
[2022-04-09 14:37:09] - training...
[2022-04-09 14:37:34] - [4.16480293 0.26792525 0.09998583] 0.1353151052209892
[2022-04-09 14:37:34] - evaluating...
[2022-04-09 14:37:39] - valid_l1 0.129614, test_l1 0.153474
[2022-04-09 14:37:39] - valid_dtw 0.327080, test_dtw 0.389496
[2022-04-09 14:37:39] - Epoch: 2
[2022-04-09 14:37:39] - training...
[2022-04-09 14:38:04] - [ 3.13247100e+00  2.27582997e-01 -9.46008226e-09] 0.1311124224019678
[2022-04-09 14:38:04] - evaluating...
[2022-04-09 14:38:09] - valid_l1 0.138761, test_l1 0.129600
[2022-04-09 14:38:09] - valid_dtw 0.349024, test_dtw 0.329743
[2022-04-09 14:38:09] - Epoch: 3
[2022-04-09 14:38:09] - training...
[2022-04-09 14:38:33] - [ 2.63247960e+00  1.80236952e-01 -2.26170414e-08] 0.12323050926390447
[2022-04-09 14:38:33] - evaluating...
[2022-04-09 14:38:38] - valid_l1 0.133903, test_l1 0.090973
[2022-04-09 14:38:38] - valid_dtw 0.336004, test_dtw 0.233683
[2022-04-09 14:38:38] - Epoch: 4
[2022-04-09 14:38:38] - training...
[2022-04-09 14:39:03] - [ 2.17983519e+00  1.11572375e-01 -3.16138874e-09] 0.09899045036811578
[2022-04-09 14:39:03] - evaluating...
[2022-04-09 14:39:08] - valid_l1 0.135204, test_l1 0.081206
[2022-04-09 14:39:08] - valid_dtw 0.338738, test_dtw 0.207014
[2022-04-09 14:39:08] - Epoch: 5
[2022-04-09 14:39:08] - training...
[2022-04-09 14:39:33] - [ 1.83326852e+00  8.58514065e-02 -2.35895488e-08] 0.08914680543698762
[2022-04-09 14:39:33] - evaluating...
[2022-04-09 14:39:38] - valid_l1 0.101642, test_l1 0.072607
[2022-04-09 14:39:38] - valid_dtw 0.257109, test_dtw 0.182968
[2022-04-09 14:39:38] - Epoch: 6
[2022-04-09 14:39:38] - training...
[2022-04-09 14:40:03] - [ 1.6040721e+00  6.9323219e-02 -1.1906115e-08] 0.08630229277830374
[2022-04-09 14:40:03] - evaluating...
[2022-04-09 14:40:08] - valid_l1 0.075425, test_l1 0.081344
[2022-04-09 14:40:08] - valid_dtw 0.194573, test_dtw 0.203089
[2022-04-09 14:40:08] - Epoch: 7
[2022-04-09 14:40:08] - training...
[2022-04-09 14:40:32] - [ 1.37524054e+00  7.06397765e-02 -4.97414533e-09] 0.08507092257863597
[2022-04-09 14:40:32] - evaluating...
[2022-04-09 14:40:37] - valid_l1 0.065393, test_l1 0.057780
[2022-04-09 14:40:37] - valid_dtw 0.172833, test_dtw 0.143716
[2022-04-09 14:40:37] - Epoch: 8
[2022-04-09 14:40:37] - training...
[2022-04-09 14:41:01] - [ 1.11407069e+00  7.17469483e-02 -1.19000673e-08] 0.08021814248671658
[2022-04-09 14:41:01] - evaluating...
[2022-04-09 14:41:06] - valid_l1 0.055712, test_l1 0.054523
[2022-04-09 14:41:06] - valid_dtw 0.152713, test_dtw 0.133193
[2022-04-09 14:41:06] - Epoch: 9
[2022-04-09 14:41:06] - training...
[2022-04-09 14:41:30] - [ 1.24804558e+00  5.03474040e-02 -8.99909085e-09] 0.0659185749919791
[2022-04-09 14:41:30] - evaluating...
[2022-04-09 14:41:35] - valid_l1 0.082985, test_l1 0.069496
[2022-04-09 14:41:35] - valid_dtw 0.220591, test_dtw 0.177776
[2022-04-09 14:41:35] - Epoch: 10
[2022-04-09 14:41:35] - training...
[2022-04-09 14:42:00] - [ 1.07972489e+00  7.84428540e-02 -1.09918605e-08] 0.08204255586392001
[2022-04-09 14:42:00] - evaluating...
[2022-04-09 14:42:05] - valid_l1 0.054111, test_l1 0.051023
[2022-04-09 14:42:05] - valid_dtw 0.151617, test_dtw 0.128543
[2022-04-09 14:42:05] - Epoch: 11
[2022-04-09 14:42:05] - training...
[2022-04-09 14:42:29] - [ 1.04824331e+00  6.06589344e-02 -4.33564616e-09] 0.07377173526114539
[2022-04-09 14:42:29] - evaluating...
[2022-04-09 14:42:35] - valid_l1 0.062398, test_l1 0.062685
[2022-04-09 14:42:35] - valid_dtw 0.178259, test_dtw 0.158010
[2022-04-09 14:42:35] - Epoch: 12
[2022-04-09 14:42:35] - training...
[2022-04-09 14:43:00] - [ 1.01315962e+00  3.94594362e-02 -3.14776801e-09] 0.06427326935686563
[2022-04-09 14:43:00] - evaluating...
[2022-04-09 14:43:05] - valid_l1 0.058458, test_l1 0.059137
[2022-04-09 14:43:05] - valid_dtw 0.169370, test_dtw 0.147804
[2022-04-09 14:43:05] - Epoch: 13
[2022-04-09 14:43:05] - training...
[2022-04-09 14:43:28] - [ 1.24622193e+00  8.18878290e-02 -1.06781042e-08] 0.07768068658678155
[2022-04-09 14:43:28] - evaluating...
[2022-04-09 14:43:33] - valid_l1 0.083783, test_l1 0.075179
[2022-04-09 14:43:33] - valid_dtw 0.224010, test_dtw 0.187408
[2022-04-09 14:43:33] - Epoch: 14
[2022-04-09 14:43:33] - training...
[2022-04-09 14:43:57] - [ 1.19590317e+00  6.56144062e-02 -4.72247205e-09] 0.07955967203566902
[2022-04-09 14:43:57] - evaluating...
[2022-04-09 14:44:02] - valid_l1 0.062329, test_l1 0.060706
[2022-04-09 14:44:02] - valid_dtw 0.170709, test_dtw 0.152532
[2022-04-09 14:44:02] - best val score: 0.006507057135618821 @ 10
[2022-04-09 14:44:02] - inference...
[2022-04-09 15:12:17] - create model_king...
[2022-04-09 15:12:17] - Epoch: 0
[2022-04-09 15:12:17] - training...
[2022-04-09 15:12:44] - [12.01785977  1.39023662  0.12623183] 0.29226667924146904
[2022-04-09 15:12:44] - evaluating...
[2022-04-09 15:12:49] - valid_l1 0.147625, test_l1 0.175763
[2022-04-09 15:12:49] - valid_dtw 0.391105, test_dtw 0.468880
[2022-04-09 15:12:49] - Epoch: 1
[2022-04-09 15:12:49] - training...
[2022-04-09 15:13:13] - [4.16480293 0.26792525 0.09998583] 0.1353151052209892
[2022-04-09 15:13:13] - evaluating...
[2022-04-09 15:13:18] - valid_l1 0.129614, test_l1 0.153474
[2022-04-09 15:13:18] - valid_dtw 0.332762, test_dtw 0.396262
[2022-04-09 15:13:18] - Epoch: 2
[2022-04-09 15:13:18] - training...
[2022-04-09 15:13:42] - [ 3.13247100e+00  2.27582997e-01 -9.46008226e-09] 0.1311124224019678
[2022-04-09 15:13:42] - evaluating...
[2022-04-09 15:13:46] - valid_l1 0.138761, test_l1 0.129600
[2022-04-09 15:13:46] - valid_dtw 0.355923, test_dtw 0.335778
[2022-04-09 15:13:46] - Epoch: 3
[2022-04-09 15:13:46] - training...
[2022-04-09 15:14:10] - [ 2.63247960e+00  1.80236952e-01 -2.26170414e-08] 0.12323050926390447
[2022-04-09 15:14:10] - evaluating...
[2022-04-09 15:14:15] - valid_l1 0.133903, test_l1 0.090973
[2022-04-09 15:14:15] - valid_dtw 0.343121, test_dtw 0.237756
[2022-04-09 15:14:15] - Epoch: 4
[2022-04-09 15:14:15] - training...
[2022-04-09 15:14:39] - [ 2.17983519e+00  1.11572375e-01 -3.16138874e-09] 0.09899045036811578
[2022-04-09 15:14:39] - evaluating...
[2022-04-09 15:14:44] - valid_l1 0.135204, test_l1 0.081206
[2022-04-09 15:14:44] - valid_dtw 0.346091, test_dtw 0.210043
[2022-04-09 15:14:44] - Epoch: 5
[2022-04-09 15:14:44] - training...
[2022-04-09 15:15:08] - [ 1.83326852e+00  8.58514065e-02 -2.35895488e-08] 0.08914680543698762
[2022-04-09 15:15:08] - evaluating...
[2022-04-09 15:15:13] - valid_l1 0.101642, test_l1 0.072607
[2022-04-09 15:15:13] - valid_dtw 0.262854, test_dtw 0.185888
[2022-04-09 15:15:13] - Epoch: 6
[2022-04-09 15:15:13] - training...
[2022-04-09 15:15:37] - [ 1.6040721e+00  6.9323219e-02 -1.1906115e-08] 0.08630229277830374
[2022-04-09 15:15:37] - evaluating...
[2022-04-09 15:15:41] - valid_l1 0.075425, test_l1 0.081344
[2022-04-09 15:15:41] - valid_dtw 0.198840, test_dtw 0.208193
[2022-04-09 15:15:41] - Epoch: 7
[2022-04-09 15:15:41] - training...
[2022-04-09 15:16:05] - [ 1.37524054e+00  7.06397765e-02 -4.97414533e-09] 0.08507092257863597
[2022-04-09 15:16:05] - evaluating...
[2022-04-09 15:16:10] - valid_l1 0.065393, test_l1 0.057780
[2022-04-09 15:16:10] - valid_dtw 0.176784, test_dtw 0.145692
[2022-04-09 15:16:10] - Epoch: 8
[2022-04-09 15:16:10] - training...
[2022-04-09 15:16:33] - [ 1.11407069e+00  7.17469483e-02 -1.19000673e-08] 0.08021814248671658
[2022-04-09 15:16:33] - evaluating...
[2022-04-09 15:16:38] - valid_l1 0.055712, test_l1 0.054523
[2022-04-09 15:16:38] - valid_dtw 0.155943, test_dtw 0.134659
[2022-04-09 15:16:38] - Epoch: 9
[2022-04-09 15:16:38] - training...
[2022-04-09 15:17:02] - [ 1.24804558e+00  5.03474040e-02 -8.99909085e-09] 0.0659185749919791
[2022-04-09 15:17:02] - evaluating...
[2022-04-09 15:17:07] - valid_l1 0.082985, test_l1 0.069496
[2022-04-09 15:17:07] - valid_dtw 0.224736, test_dtw 0.180663
[2022-04-09 15:17:07] - Epoch: 10
[2022-04-09 15:17:07] - training...
[2022-04-09 15:17:30] - [ 1.07972489e+00  7.84428540e-02 -1.09918605e-08] 0.08204255586392001
[2022-04-09 15:17:30] - evaluating...
[2022-04-09 15:17:35] - valid_l1 0.054111, test_l1 0.051023
[2022-04-09 15:17:35] - valid_dtw 0.156072, test_dtw 0.130173
[2022-04-09 15:17:35] - Epoch: 11
[2022-04-09 15:17:35] - training...
[2022-04-09 15:17:59] - [ 1.04824331e+00  6.06589344e-02 -4.33564616e-09] 0.07377173526114539
[2022-04-09 15:17:59] - evaluating...
[2022-04-09 15:18:04] - valid_l1 0.062398, test_l1 0.062685
[2022-04-09 15:18:04] - valid_dtw 0.184377, test_dtw 0.159230
[2022-04-09 15:18:04] - Epoch: 12
[2022-04-09 15:18:04] - training...
[2022-04-09 15:18:28] - [ 1.01315962e+00  3.94594362e-02 -3.14776801e-09] 0.06427326935686563
[2022-04-09 15:18:28] - evaluating...
[2022-04-09 15:18:33] - valid_l1 0.058458, test_l1 0.059137
[2022-04-09 15:18:33] - valid_dtw 0.174315, test_dtw 0.148740
[2022-04-09 15:18:33] - Epoch: 13
[2022-04-09 15:18:33] - training...
[2022-04-09 15:18:57] - [ 1.24622193e+00  8.18878290e-02 -1.06781042e-08] 0.07768068658678155
[2022-04-09 15:18:57] - evaluating...
[2022-04-09 15:19:01] - valid_l1 0.083783, test_l1 0.075179
[2022-04-09 15:19:01] - valid_dtw 0.228848, test_dtw 0.190202
[2022-04-09 15:19:01] - Epoch: 14
[2022-04-09 15:19:01] - training...
[2022-04-09 15:19:26] - [ 1.19590317e+00  6.56144062e-02 -4.72247205e-09] 0.07955967203566902
[2022-04-09 15:19:26] - evaluating...
[2022-04-09 15:19:31] - valid_l1 0.062329, test_l1 0.060706
[2022-04-09 15:19:31] - valid_dtw 0.175809, test_dtw 0.154090
[2022-04-09 15:19:31] - best val score: 0.006507057135618821 @ 10
[2022-04-09 15:19:31] - inference...
[2022-04-09 15:19:37] - MSE: train 0.037569, valid 0.005856, test 0.005091
[2022-04-09 15:19:37] - L1:  train 0.144499, valid 0.050759, test 0.051134
[2022-04-09 15:19:37] - RMSE: train 0.186289, valid 0.066765, test 0.061327
[2022-04-09 15:19:37] - DTW: train 0.461147, valid 0.151476, test 0.130468
[2022-04-09 15:19:37] - TDI: train 0.442540, valid 0.346370, test 0.430688
[2022-04-09 15:19:37] - Finished.
